"../../../Engine/Content/Functions/Engine_MaterialFunctions01/Opacity/CameraDepthFade.uasset" 0
"../../../Engine/Content/EngineMaterials/T_Default_Material_Grid_M.uasset" 1
"../../../Engine/Content/EngineMaterials/T_Default_Material_Grid_N.uasset" 2
"../../../Engine/Content/EngineMaterials/DefaultMaterial.uasset" 3
"../../../Engine/Content/BasicShapes/Cone.uasset" 4
"../../../Engine/Content/EngineMaterials/WorldGridMaterial.uasset" 5
"../../../Engine/Content/BasicShapes/Plane.uasset" 6
"../../../Engine/Content/BasicShapes/Sphere.uasset" 7
"../../../Engine/Content/EditorLandscapeResources/DataLayer.uasset" 8
"../../../Engine/Content/EditorMaterials/GizmoMaterial.uasset" 9
"../../../Engine/Content/EditorMaterials/MAT_Groups_Toggle.uasset" 10
"../../../Engine/Content/EditorMaterials/MAT_Groups_Visibility.uasset" 11
"../../../Engine/Content/EditorMaterials/PreviewShadowIndicator.uasset" 12
"../../../Engine/Content/EditorMaterials/PreviewShadowIndicatorMaterial.uasset" 13
"../../../Engine/Content/EditorMaterials/AssetViewer/EpicQuadPanorama_CC+EV1.uasset" 14
"../../../Engine/Content/EditorMaterials/MatineeGroups/MAT_ColorTrack.uasset" 15
"../../../Engine/Content/EditorMaterials/MatineeGroups/MAT_Groups_Anim.uasset" 16
"../../../Engine/Content/EditorMaterials/MatineeGroups/MAT_Groups_AudioMaster.uasset" 17
"../../../Engine/Content/EditorMaterials/MatineeGroups/MAT_Groups_Director.uasset" 18
"../../../Engine/Content/EditorMaterials/MatineeGroups/MAT_Groups_Event.uasset" 19
"../../../Engine/Content/EditorMaterials/MatineeGroups/MAT_Groups_Fade.uasset" 20
"../../../Engine/Content/EditorMaterials/MatineeGroups/MAT_Groups_Float.uasset" 21
"../../../Engine/Content/EditorMaterials/MatineeGroups/MAT_Groups_Move.uasset" 22
"../../../Engine/Content/EditorMaterials/MatineeGroups/MAT_Groups_Slomo.uasset" 23
"../../../Engine/Content/EditorMaterials/MatineeGroups/MAT_Groups_Sound.uasset" 24
"../../../Engine/Content/EditorMaterials/MatineeGroups/MAT_Groups_Vector.uasset" 25
"../../../Engine/Content/EditorMaterials/ParticleSystems/PSysThumbnail_NoImage.uasset" 26
"../../../Engine/Content/EditorMaterials/ParticleSystems/PSysThumbnail_OOD.uasset" 27
"../../../Engine/Content/EditorMaterials/Camera/CineMat.uasset" 28
"../../../Engine/Content/EditorMaterials/Camera/MI_CineMat_Rig.uasset" 29
"../../../Engine/Content/EditorMeshes/Camera/SM_CraneRig_Arm.uasset" 30
"../../../Engine/Content/EditorMeshes/Camera/SM_CraneRig_Base.uasset" 31
"../../../Engine/Content/EditorMeshes/Camera/SM_CraneRig_Body.uasset" 32
"../../../Engine/Content/EditorMeshes/Camera/SM_CraneRig_Mount.uasset" 33
"../../../Engine/Content/EditorMeshes/Camera/SM_RailRig_Mount.uasset" 34
"../../../Engine/Content/EditorMeshes/Camera/SM_RailRig_Track.uasset" 35
"../../../Engine/Content/EditorResources/BSPVertex.uasset" 36
"../../../Engine/Content/EditorResources/EmptyActor.uasset" 37
"../../../Engine/Content/EditorResources/RGBTable16x1_AssetViewer.uasset" 38
"../../../Engine/Content/EditorResources/S_Actor.uasset" 39
"../../../Engine/Content/EditorResources/S_Trigger.uasset" 40
"../../../Engine/Content/EditorResources/AudioIcons/S_AudioComponent.uasset" 41
"../../../Engine/Content/EditorResources/AudioIcons/S_AudioComponent_AutoActivate.uasset" 42
"../../../Engine/Content/EditorResources/LightIcons/S_LightError.uasset" 43
"../../../Engine/Content/EditorResources/SequenceRecorder/Countdown.uasset" 44
"../../../Engine/Content/EditorResources/SequenceRecorder/RecordingIndicator.uasset" 45
"../../../Engine/Content/EditorSounds/Notifications/CompileFailed.uasset" 46
"../../../Engine/Content/EditorSounds/Notifications/CompileFailed_Cue.uasset" 47
"../../../Engine/Content/EditorSounds/Notifications/CompileSuccess.uasset" 48
"../../../Engine/Content/EditorSounds/Notifications/CompileStart_Cue.uasset" 49
"../../../Engine/Content/EditorSounds/Notifications/CompileSuccess_Cue.uasset" 50
"../../../Engine/Content/EngineDamageTypes/DmgTypeBP_Environmental.uasset" 51
"../../../Engine/Content/EngineDebugMaterials/HeatmapGradient.uasset" 52
"../../../Engine/Content/EngineDebugMaterials/BoneWeightMaterial.uasset" 53
"../../../Engine/Content/EngineDebugMaterials/DebugMeshMaterial.uasset" 54
"../../../Engine/Content/EngineDebugMaterials/GeomMaterial.uasset" 55
"../../../Engine/Content/EngineFonts/Faces/RobotoBold.uasset" 56
"../../../Engine/Content/EngineFonts/Faces/RobotoBoldItalic.uasset" 57
"../../../Engine/Content/EngineFonts/Faces/RobotoItalic.uasset" 58
"../../../Engine/Content/EngineFonts/Faces/RobotoLight.uasset" 59
"../../../Engine/Content/EngineFonts/Faces/RobotoRegular.uasset" 60
"../../../Engine/Content/EngineFonts/Roboto.uasset" 61
"../../../Engine/Content/EngineFonts/Faces/RobotoTiny.uasset" 62
"../../../Engine/Content/EngineFonts/RobotoTiny.uasset" 63
"../../../Engine/Content/EngineMaterials/DefaultBokeh.uasset" 64
"../../../Engine/Content/EngineMaterials/DefaultDiffuse.uasset" 65
"../../../Engine/Content/EngineMaterials/DefaultDeferredDecalMaterial.uasset" 66
"../../../Engine/Content/EngineMaterials/DefaultLightFunctionMaterial.uasset" 67
"../../../Engine/Content/Functions/Engine_MaterialFunctions02/Utility/BreakOutFloat2Components.uasset" 68
"../../../Engine/Content/EngineMaterials/DefaultPostProcessMaterial.uasset" 69
"../../../Engine/Content/EngineFonts/RobotoDistanceField.uasset" 70
"../../../Engine/Content/EngineMaterials/DefaultTextMaterialOpaque.uasset" 71
"../../../Engine/Content/EngineMaterials/DefaultWhiteGrid.uasset" 72
"../../../Engine/Content/EngineMaterials/EditorBrushMaterial.uasset" 73
"../../../Engine/Content/EngineMaterials/Good64x64TilingNoiseHighFreq.uasset" 74
"../../../Engine/Content/EngineMaterials/MiniFont.uasset" 75
"../../../Engine/Content/EngineMaterials/InvalidLightmapSettings.uasset" 76
"../../../Engine/Content/EngineMaterials/M_InvalidLightmapSettings.uasset" 77
"../../../Engine/Content/EngineMaterials/PhAT_JointLimitMaterial.uasset" 78
"../../../Engine/Content/EngineMaterials/PreintegratedSkinBRDF.uasset" 79
"../../../Engine/Content/EngineMaterials/RemoveSurfaceMaterial.uasset" 80
"../../../Engine/Content/EngineMaterials/WeightMapPlaceholderTexture.uasset" 81
"../../../Engine/Content/EngineResources/WhiteSquareTexture.uasset" 82
"../../../Engine/Content/EngineMaterials/Widget3DPassThrough.uasset" 83
"../../../Engine/Content/EngineMaterials/Widget3DPassThrough_Masked.uasset" 84
"../../../Engine/Content/EngineMaterials/Widget3DPassThrough_Opaque.uasset" 85
"../../../Engine/Content/EngineMaterials/Widget3DPassThrough_Masked_OneSided.uasset" 86
"../../../Engine/Content/EngineMaterials/Widget3DPassThrough_Opaque_OneSided.uasset" 87
"../../../Engine/Content/EngineMaterials/Widget3DPassThrough_Translucent.uasset" 88
"../../../Engine/Content/EngineMaterials/Widget3DPassThrough_Translucent_OneSided.uasset" 89
"../../../Engine/Content/EngineMeshes/Cube.uasset" 90
"../../../Engine/Content/EngineMeshes/Cylinder.uasset" 91
"../../../Engine/Content/EngineMeshes/Sphere.uasset" 92
"../../../Engine/Content/EngineResources/Black.uasset" 93
"../../../Engine/Content/EngineResources/DefaultTexture.uasset" 94
"../../../Engine/Content/EngineResources/DefaultTextureCube.uasset" 95
"../../../Engine/Content/EngineResources/GradientTexture0.uasset" 96
"../../../Engine/Content/EngineSounds/Master.uasset" 97
"../../../Engine/Content/Functions/Engine_MaterialFunctions01/Shading/ConvertFromDiffSpec.uasset" 98
"../../../Engine/Content/Functions/Engine_MaterialFunctions01/Shading/PowerToRoughness.uasset" 99
"../../../Engine/Content/Maps/Templates/Thumbnails/Default.uasset" 100
"../../../Engine/Content/Maps/Templates/Thumbnails/VR-Basic.uasset" 101
"../../../Engine/Content/MobileResources/T_MobileControls_texture.uasset" 102
"../../../Engine/Content/MobileResources/T_MobileMenu2.uasset" 103
"../../../Engine/Content/MobileResources/HUD/AnalogHat.uasset" 104
"../../../Engine/Content/MobileResources/HUD/VirtualJoystick_Background.uasset" 105
"../../../Engine/Content/MobileResources/HUD/VirtualJoystick_Thumb.uasset" 106
"../../../Engine/Content/MobileResources/HUD/DefaultVirtualJoysticks.uasset" 107
"../../../Engine/Content/MobileResources/HUD/LeftVirtualJoystickOnly.uasset" 108
"../../../Engine/Content/MobileResources/HUD/MobileHUDButton1_off.uasset" 109
"../../../Engine/Content/MobileResources/HUD/MobileHUDButton1_on.uasset" 110
"../../../Engine/Content/MobileResources/HUD/MobileHUDButton2_off.uasset" 111
"../../../Engine/Content/MobileResources/HUD/MobileHUDButton2_on.uasset" 112
"../../../Engine/Content/MobileResources/HUD/MobileHUDButton3.uasset" 113
"../../../Engine/Content/MobileResources/HUD/MobileHUDButtonFire.uasset" 114
"../../../Engine/Content/MobileResources/HUD/MobileHUDDirectionPad.uasset" 115
"../../../Engine/Content/MobileResources/HUD/MobileHUDDirectionPad2.uasset" 116
"../../../Engine/Content/MobileResources/HUD/MobileHUDDirectionPad3.uasset" 117
"../../../Engine/Content/MobileResources/HUD/MobileHUDDirectionStick.uasset" 118
"../../../Engine/Content/MobileResources/HUD/T_Castle_ThumbstickInner.uasset" 119
"../../../Engine/Content/MobileResources/HUD/T_Castle_ThumbstickOutter.uasset" 120
"../../../Engine/Content/Tutorial/ContentIntroCurve.uasset" 121
"../../../Engine/Content/Tutorial/Basics/TutorialAssets/icon_tab_Levels_40x.uasset" 122
"../../../Engine/Content/Tutorial/BlueprintTutorials/TutorialAssets/BlueprintInterface_64x.uasset" 123
"../../../Engine/Content/Tutorial/BlueprintTutorials/TutorialAssets/BlueprintMacroLibrary_64x.uasset" 124
"../../../Engine/Content/Tutorial/BlueprintTutorials/TutorialAssets/Blueprint_64x.uasset" 125
"../../../Engine/Content/Tutorial/BlueprintTutorials/TutorialAssets/Tutorial_BP_Interface.uasset" 126
"../../../Engine/Content/Tutorial/Foliage/TutorialAssets/Foliage.uasset" 127
"../../../Engine/Content/Tutorial/Landscape/TutorialAssets/Landscape.uasset" 128
"../../../Engine/Content/Tutorial/Paper2D/TutorialAssets/Paper2DFlipbook_TutorialIcon.uasset" 129
"../../../Engine/Content/Tutorial/Paper2D/TutorialAssets/Paper2DSprite_TutorialIcon.uasset" 130
"../../../Engine/Content/Tutorial/SubEditors/TutorialAssets/icon_Editor_Preferences_General_40x.uasset" 131
"../../../Engine/Content/Tutorial/SubEditors/TutorialAssets/icon_ShowSkeletalMeshes_40x.uasset" 132
"../../../Engine/Content/Tutorial/SubEditors/TutorialAssets/TutorialMaterial.uasset" 133
"../../../Engine/Content/Tutorial/SubEditors/TutorialAssets/T_SmokeSubUV_8X8.uasset" 134
"../../../Engine/Content/Tutorial/SubEditors/TutorialAssets/T_soft_smoke.uasset" 135
"../../../Engine/Content/Tutorial/SubEditors/TutorialAssets/M_smoke_subUV_blackbody.uasset" 136
"../../../Engine/Content/Tutorial/SubEditors/TutorialAssets/TutorialParticleSystem.uasset" 137
"../../../Engine/Content/EditorMeshes/EditorCube.uasset" 138
"../../../Engine/Content/Tutorial/SubEditors/TutorialAssets/Tutorial_DM.uasset" 139
"../../../Engine/Content/VREditor/Devices/Generic/GenericHMDMaterial.uasset" 140
"../../../Engine/Content/VREditor/Devices/Generic/GenericHMD.uasset" 141
"../../../Engine/Content/VREditor/FloatingText/LineMaterial.uasset" 142
"../../../Engine/Content/VREditor/FloatingText/JointSphere.uasset" 143
"../../../Engine/Content/VREditor/FloatingText/LineSegmentCylinder.uasset" 144
"../../../Engine/Content/VREditor/Fonts/VRText_RobotoLarge.uasset" 145
"../../../Engine/Content/VREditor/Fonts/VRTextMaterial.uasset" 146
"../../../Engine/Content/VREditor/Fonts/TranslucentVRTextMaterial.uasset" 147
"../../../Engine/Content/VREditor/LaserPointer/VR_LaserPower_01.uasset" 148
"../../../Engine/Content/VREditor/LaserPointer/LaserPointerMaterial.uasset" 149
"../../../Engine/Content/VREditor/LaserPointer/LaserPointerMaterialInst.uasset" 150
"../../../Engine/Content/VREditor/LaserPointer/TranslucentLaserPointerMaterialInst.uasset" 151
"../../../Engine/Content/VREditor/LaserPointer/LaserPointerMesh.uasset" 152
"../../../Engine/Content/VREditor/Sounds/VR_grab_Cue.uasset" 153
"../../../Engine/Content/VREditor/Sounds/VR_teleport_Cue.uasset" 154
"../../../Engine/Content/VREditor/TransformGizmo/TransformGizmoMaterial.uasset" 155
"../../../Engine/Content/VREditor/TransformGizmo/TranslucentTransformGizmoMaterial.uasset" 156
"../../../Engine/Content/VREditor/TransformGizmo/BoundingBoxCorner.uasset" 157
"../../../Engine/Content/VREditor/TransformGizmo/BoundingBoxEdge.uasset" 158
"../../../Engine/Content/VREditor/TransformGizmo/PlaneTranslationHandle.uasset" 159
"../../../Engine/Content/VREditor/TransformGizmo/RotationHandle.uasset" 160
"../../../Engine/Content/VREditor/TransformGizmo/RotationHandleFull.uasset" 161
"../../../Engine/Content/VREditor/TransformGizmo/StretchingHandle.uasset" 162
"../../../Engine/Content/VREditor/TransformGizmo/TranslateHandleLong.uasset" 163
"../../../Engine/Content/VREditor/TransformGizmo/TranslationHandle.uasset" 164
"../../../Engine/Content/VREditor/TransformGizmo/UniformScaleHandle.uasset" 165
"../../../Engine/Content/VREditor/UI/CloseButtonMesh.uasset" 166
"../../../Engine/Content/VREditor/UI/SelectionBarMesh.uasset" 167
"../../../Engine/Content/Functions/Engine_MaterialFunctions01/Gradient/RadialGradient.uasset" 168
"../../../Engine/Content/VREditor/WorldMovementGrid/SimpleGrid.uasset" 169
"../../../Engine/Content/VREditor/WorldMovementGrid/GridMaterial.uasset" 170
"../../../Engine/Content/Functions/Engine_MaterialFunctions01/Density/ExponentialDensity.uasset" 171
"../../../Engine/Content/VREditor/WorldMovementGrid/GridPostProcess.uasset" 172
"../../../Engine/Content/EditorLandscapeResources/FlattenHeightMat.uasset" 173
"../../../Engine/Content/VREditor/WorldMovementGrid/PlaneMesh.uasset" 174
"../../../Engine/Content/EngineMeshes/Humanoid.uasset" 175
"../../../GameScripting_218/Content/Mannequin/Character/Mesh/UE4_Mannequin_Skeleton.uasset" 176
"../../../GameScripting_218/Content/Aiming.uasset" 177
"../../../GameScripting_218/Content/Shooting.uasset" 178
"../../../GameScripting_218/Content/AnimStarterPack/Aim_Space_Hip.uasset" 179
"../../../GameScripting_218/Content/AnimStarterPack/Aim_Space_Hip_Montage.uasset" 180
"../../../GameScripting_218/Content/AnimStarterPack/Crouch_Idle_Rifle_Hip.uasset" 181
"../../../GameScripting_218/Content/AnimStarterPack/Crouch_Idle_Rifle_Hip_Montage.uasset" 182
"../../../GameScripting_218/Content/AnimStarterPack/Crouch_to_Stand_Rifle_Hip.uasset" 183
"../../../GameScripting_218/Content/AnimStarterPack/Crouch_to_Stand_Rifle_Ironsights.uasset" 184
"../../../GameScripting_218/Content/AnimStarterPack/Crouch_Walk_Bwd_Rifle_Ironsights.uasset" 185
"../../../GameScripting_218/Content/AnimStarterPack/Crouch_Walk_Lt_Rifle_Ironsights.uasset" 186
"../../../GameScripting_218/Content/AnimStarterPack/Crouch_Walk_Rt_Rifle_Ironsights.uasset" 187
"../../../GameScripting_218/Content/AnimStarterPack/Death_2.uasset" 188
"../../../GameScripting_218/Content/AnimStarterPack/Death_Ironsights_1.uasset" 189
"../../../GameScripting_218/Content/AnimStarterPack/Death_Ironsights_2.uasset" 190
"../../../GameScripting_218/Content/AnimStarterPack/Equip_Pistol_Standing.uasset" 191
"../../../GameScripting_218/Content/AnimStarterPack/Equip_Pistol_Standing_Montage.uasset" 192
"../../../GameScripting_218/Content/AnimStarterPack/Fire_Rifle_Hip.uasset" 193
"../../../GameScripting_218/Content/AnimStarterPack/Fire_Rifle_Hip_Montage.uasset" 194
"../../../GameScripting_218/Content/AnimStarterPack/Fire_Shotgun_Hip.uasset" 195
"../../../GameScripting_218/Content/AnimStarterPack/Fire_Shotgun_Ironsights.uasset" 196
"../../../GameScripting_218/Content/AnimStarterPack/Hit_React_4.uasset" 197
"../../../GameScripting_218/Content/AnimStarterPack/Idle_Pistol.uasset" 198
"../../../GameScripting_218/Content/AnimStarterPack/Jump_From_Stand_Ironsights.uasset" 199
"../../../GameScripting_218/Content/AnimStarterPack/Prone_Death_1.uasset" 200
"../../../GameScripting_218/Content/AnimStarterPack/Prone_Death_2.uasset" 201
"../../../GameScripting_218/Content/AnimStarterPack/Prone_Fire_1.uasset" 202
"../../../GameScripting_218/Content/AnimStarterPack/Prone_Fire_2.uasset" 203
"../../../GameScripting_218/Content/AnimStarterPack/Prone_Idle.uasset" 204
"../../../GameScripting_218/Content/AnimStarterPack/Prone_Reload_Rifle.uasset" 205
"../../../GameScripting_218/Content/AnimStarterPack/Prone_Reload_Shotgun.uasset" 206
"../../../GameScripting_218/Content/AnimStarterPack/Prone_To_Stand.uasset" 207
"../../../GameScripting_218/Content/AnimStarterPack/Reload_Pistol.uasset" 208
"../../../GameScripting_218/Content/AnimStarterPack/Reload_Rifle_Hip.uasset" 209
"../../../GameScripting_218/Content/AnimStarterPack/Reload_Rifle_Hip_Montage.uasset" 210
"../../../GameScripting_218/Content/AnimStarterPack/Reload_Rifle_Ironsights.uasset" 211
"../../../GameScripting_218/Content/AnimStarterPack/Reload_Shotgun_Hip.uasset" 212
"../../../GameScripting_218/Content/AnimStarterPack/Reload_Shotgun_Ironsights.uasset" 213
"../../../GameScripting_218/Content/AnimStarterPack/Aim_Space_Ironsights.uasset" 214
"../../../GameScripting_218/Content/AnimStarterPack/Idle_Rifle_Ironsights.uasset" 215
"../../../GameScripting_218/Content/AnimStarterPack/RifleIronSights2.uasset" 216
"../../../GameScripting_218/Content/AnimStarterPack/Sprint_Fwd_Rifle.uasset" 217
"../../../GameScripting_218/Content/AnimStarterPack/Stand_to_Crouch_Rifle_Hip.uasset" 218
"../../../GameScripting_218/Content/AnimStarterPack/Stand_to_Crouch_Rifle_Ironsights.uasset" 219
"../../../GameScripting_218/Content/AnimStarterPack/Stand_to_Crouch_Rifle_Ironsights_Montage.uasset" 220
"../../../GameScripting_218/Content/AnimStarterPack/Stand_To_Prone.uasset" 221
"../../../GameScripting_218/Content/AnimStarterPack/Equip_Rifle_Standing.uasset" 222
"../../../GameScripting_218/Content/AnimStarterPack/SwitchWeapons.uasset" 223
"../../../GameScripting_218/Content/AnimStarterPack/Walk_Bwd_Rifle_Ironsights.uasset" 224
"../../../GameScripting_218/Content/AnimStarterPack/Walk_Lt_Rifle_Ironsights.uasset" 225
"../../../GameScripting_218/Content/AnimStarterPack/Walk_Rt_Rifle_Ironsights.uasset" 226
"../../../GameScripting_218/Content/Blueprints/MainMenu.uasset" 227
"../../../GameScripting_218/Content/Mannequin/Animations/ThirdPerson_Jump.uasset" 228
"../../../GameScripting_218/Content/Mannequin/Animations/ThirdPersonJump_Loop.uasset" 229
"../../../GameScripting_218/Content/Mannequin/Animations/ThirdPersonJump_Start.uasset" 230
"../../../GameScripting_218/Content/Mannequin/Animations/ThirdPersonIdle.uasset" 231
"../../../GameScripting_218/Content/Mannequin/Animations/ThirdPersonRun.uasset" 232
"../../../GameScripting_218/Content/Mannequin/Animations/ThirdPersonWalk.uasset" 233
"../../../GameScripting_218/Content/Mannequin/Animations/ThirdPerson_IdleRun_2D.uasset" 234
"../../../Engine/Content/EditorBlueprintResources/StandardMacros.uasset" 235
"../../../GameScripting_218/Content/Mannequin/Animations/ThirdPerson_AnimBP.uasset" 236
"../../../Engine/Content/Functions/Engine_MaterialFunctions02/Utility/BlendAngleCorrectedNormals.uasset" 237
"../../../Engine/Content/Functions/MaterialLayerFunctions/MatLayerBlend_NormalBlend.uasset" 238
"../../../Engine/Content/Functions/MaterialLayerFunctions/MatLayerBlend_Simple.uasset" 239
"../../../GameScripting_218/Content/Mannequin/Character/Materials/MaterialLayers/T_ML_Rubber_Blue_01_D.uasset" 240
"../../../GameScripting_218/Content/Mannequin/Character/Materials/MaterialLayers/T_ML_Rubber_Blue_01_N.uasset" 241
"../../../GameScripting_218/Content/Mannequin/Character/Materials/MaterialLayers/ML_GlossyBlack_Latex_UE4.uasset" 242
"../../../GameScripting_218/Content/Mannequin/Character/Materials/MaterialLayers/ML_Plastic_Shiny_Beige.uasset" 243
"../../../GameScripting_218/Content/Mannequin/Character/Textures/UE4_LOGO_CARD.uasset" 244
"../../../GameScripting_218/Content/Mannequin/Character/Materials/MaterialLayers/ML_Plastic_Shiny_Beige_LOGO.uasset" 245
"../../../GameScripting_218/Content/Mannequin/Character/Materials/MaterialLayers/T_ML_Aluminum01.uasset" 246
"../../../GameScripting_218/Content/Mannequin/Character/Materials/MaterialLayers/T_ML_Aluminum01_N.uasset" 247
"../../../GameScripting_218/Content/Mannequin/Character/Materials/MaterialLayers/ML_SoftMetal_UE4.uasset" 248
"../../../GameScripting_218/Content/Mannequin/Character/Textures/UE4_Mannequin__normals.uasset" 249
"../../../GameScripting_218/Content/Mannequin/Character/Textures/UE4_Mannequin_MAT_MASKA.uasset" 250
"../../../GameScripting_218/Content/Mannequin/Character/Materials/M_UE4Man_Body.uasset" 251
"../../../GameScripting_218/Content/Mannequin/Character/Textures/UE4Man_Logo_N.uasset" 252
"../../../GameScripting_218/Content/Mannequin/Character/Materials/M_UE4Man_ChestLogo.uasset" 253
"../../../GameScripting_218/Content/Mannequin/Character/Mesh/SK_Mannequin_PhysicsAsset.uasset" 254
"../../../GameScripting_218/Content/Mannequin/Character/Mesh/SK_Mannequin.uasset" 255
"../../../GameScripting_218/Content/Blueprints/AI/AIGuardCharacter.uasset" 256
"../../../GameScripting_218/Content/AnimStarterPack/Idle_Rifle_Hip.uasset" 257
"../../../GameScripting_218/Content/AnimStarterPack/RIfleHip.uasset" 258
"../../../GameScripting_218/Content/AnimStarterPack/RifleIronSights.uasset" 259
"../../../GameScripting_218/Content/AnimStarterPack/Death_3.uasset" 260
"../../../GameScripting_218/Content/AnimStarterPack/Equip_Rifle_Standing_Montage.uasset" 261
"../../../GameScripting_218/Content/AnimStarterPack/Death_1.uasset" 262
"../../../GameScripting_218/Content/Blueprints/NewThingsToUse/Interactables/BPI_Interact.uasset" 263
"../../../GameScripting_218/Content/Blueprints/NewThingsToUse/Interactables/BP_BaseInteractable.uasset" 264
"../../../GameScripting_218/Content/Blueprints/NewThingsToUse/Interactables/EItemType.uasset" 265
"../../../GameScripting_218/Content/Blueprints/NewThingsToUse/Interactables/ESlotType.uasset" 266
"../../../GameScripting_218/Content/Blueprints/NewThingsToUse/Interactables/BP_BaseItem.uasset" 267
"../../../GameScripting_218/Content/Blueprints/NewThingsToUse/Interactables/FItemInfo.uasset" 268
"../../../GameScripting_218/Content/Blueprints/Checkpoint_Killvolumes/My_SavedGame.uasset" 269
"../../../GameScripting_218/Content/Blueprints/NewThingsToUse/Interactables/BPI_Inventory.uasset" 270
"../../../GameScripting_218/Content/Blueprints/NewThingsToUse/Interactables/Equipment/FEquipmentInfo.uasset" 271
"../../../GameScripting_218/Content/Blueprints/NewThingsToUse/Interactables/Equipment/BP_BaseEquipment.uasset" 272
"../../../GameScripting_218/Content/Blueprints/Flashlight/Flashlight_DefaultMaterial_Normal.uasset" 273
"../../../GameScripting_218/Content/Blueprints/NewThingsToUse/Interactables/Equipment/Flashlight_DefaultMaterial_BaseColor.uasset" 274
"../../../GameScripting_218/Content/Blueprints/NewThingsToUse/Interactables/Equipment/Flashlight_DefaultMaterial_OcclusionRoughnessMetallic.uasset" 275
"../../../GameScripting_218/Content/Blueprints/Flashlight/Material.uasset" 276
"../../../GameScripting_218/Content/Blueprints/Character/Flashlight.uasset" 277
"../../../GameScripting_218/Content/Blueprints/Sounds/doorOpen.uasset" 278
"../../../GameScripting_218/Content/Blueprints/NewThingsToUse/Interactables/Equipment/Flashlight.uasset" 279
"../../../Engine/Content/BasicShapes/BasicShapeMaterial.uasset" 280
"../../../GameScripting_218/Content/VehicleAdv/Materials/MasterSolidColor.uasset" 281
"../../../GameScripting_218/Content/VehicleAdv/Materials/MaterialInstances/SolidRed.uasset" 282
"../../../Engine/Content/BasicShapes/Cube.uasset" 283
"../../../GameScripting_218/Content/Geometry/Meshes/CubeMaterial.uasset" 284
"../../../GameScripting_218/Content/Geometry/Meshes/1M_Cube.uasset" 285
"../../../GameScripting_218/Content/Blueprints/NewThingsToUse/Interactables/Equipment/HealthPack.uasset" 286
"../../../GameScripting_218/Content/Blueprints/NewThingsToUse/Interactables/Weapons/EAttackType.uasset" 287
"../../../GameScripting_218/Content/Blueprints/NewThingsToUse/Interactables/Weapons/FWeaponInfo.uasset" 288
"../../../GameScripting_218/Content/Blueprints/NewThingsToUse/Interactables/Weapons/BP_BaseWeapon.uasset" 289
"../../../Engine/Content/BasicShapes/Cylinder.uasset" 290
"../../../GameScripting_218/Content/Blueprints/NewThingsToUse/Interactables/Weapons/Bullet.uasset" 291
"../../../GameScripting_218/Content/FirstPerson/FPWeapon/Materials/MaterialLayers/T_ML_Rubber_Blue_01_D.uasset" 292
"../../../GameScripting_218/Content/FirstPerson/FPWeapon/Materials/MaterialLayers/T_ML_Rubber_Blue_01_N.uasset" 293
"../../../GameScripting_218/Content/FirstPerson/FPWeapon/Materials/MaterialLayers/ML_GlossyBlack_Latex_UE4.uasset" 294
"../../../GameScripting_218/Content/FirstPerson/FPWeapon/Materials/MaterialLayers/ML_Plastic_Shiny_Beige.uasset" 295
"../../../GameScripting_218/Content/FirstPerson/FPWeapon/Materials/MaterialLayers/ML_Screen.uasset" 296
"../../../GameScripting_218/Content/FirstPerson/FPWeapon/Materials/MaterialLayers/T_ML_Aluminum01.uasset" 297
"../../../GameScripting_218/Content/FirstPerson/FPWeapon/Materials/MaterialLayers/T_ML_Aluminum01_N.uasset" 298
"../../../GameScripting_218/Content/FirstPerson/FPWeapon/Materials/MaterialLayers/ML_SoftMetal_UE4.uasset" 299
"../../../GameScripting_218/Content/FirstPerson/FPWeapon/Textures/T_FPGun_M.uasset" 300
"../../../GameScripting_218/Content/FirstPerson/FPWeapon/Textures/T_FPGun_N.uasset" 301
"../../../GameScripting_218/Content/FirstPerson/FPWeapon/Materials/M_FPGun.uasset" 302
"../../../GameScripting_218/Content/FirstPerson/FPWeapon/Mesh/SK_FPGun_Skeleton.uasset" 303
"../../../GameScripting_218/Content/FirstPerson/FPWeapon/Mesh/SK_FPGun.uasset" 304
"../../../GameScripting_218/Content/StarterContent/Textures/T_Burst_M.uasset" 305
"../../../GameScripting_218/Content/StarterContent/Particles/Materials/M_Burst.uasset" 306
"../../../GameScripting_218/Content/StarterContent/Textures/T_Explosion_SubUV.uasset" 307
"../../../GameScripting_218/Content/StarterContent/Particles/Materials/M_explosion_subUV.uasset" 308
"../../../GameScripting_218/Content/StarterContent/Particles/Materials/m_flare_01.uasset" 309
"../../../GameScripting_218/Content/StarterContent/Particles/Materials/M_radial_ramp.uasset" 310
"../../../GameScripting_218/Content/StarterContent/Textures/T_Smoke_SubUV.uasset" 311
"../../../GameScripting_218/Content/StarterContent/Textures/T_Smoke_Tiled_D.uasset" 312
"../../../GameScripting_218/Content/StarterContent/Particles/Materials/M_smoke_subUV.uasset" 313
"../../../GameScripting_218/Content/StarterContent/Particles/P_Explosion.uasset" 314
"../../../GameScripting_218/Content/StarterContent/Textures/T_Fire_Tiled_D.uasset" 315
"../../../GameScripting_218/Content/Blueprints/NewThingsToUse/Interactables/Weapons/BP_Gun.uasset" 316
"../../../GameScripting_218/Content/Blueprints/NewThingsToUse/Interactables/FInteractableVariables.uasset" 317
"../../../GameScripting_218/Content/Blueprints/Character/T_CharacterRecord.uasset" 318
"../../../GameScripting_218/Content/Blueprints/Character/M_CharacterRecord.uasset" 319
"../../../GameScripting_218/Content/StarterContent/Textures/T_Gradinet_01.uasset" 320
"../../../GameScripting_218/Content/Blueprints/NewThingsToUse/NewInventory/UI_EquipmentSlot.uasset" 321
"../../../GameScripting_218/Content/Blueprints/NewThingsToUse/NewInventory/UI_Equipment.uasset" 322
"../../../GameScripting_218/Content/Blueprints/NewThingsToUse/NewInventory/UI_InventoryItem.uasset" 323
"../../../GameScripting_218/Content/Blueprints/NewThingsToUse/NewInventory/UI_Inventory.uasset" 324
"../../../GameScripting_218/Content/Blueprints/Character/Crosshair1.uasset" 325
"../../../GameScripting_218/Content/Blueprints/Character/Crosshair.uasset" 326
"../../../GameScripting_218/Content/Blueprints/Character/Health.uasset" 327
"../../../GameScripting_218/Content/Blueprints/Character/RedVignette.uasset" 328
"../../../GameScripting_218/Content/Blueprints/Character/PlayerHealthVignette.uasset" 329
"../../../GameScripting_218/Content/Blueprints/MPGameInstance.uasset" 330
"../../../GameScripting_218/Content/Blueprints/Menu/Multiplayer/MP_HostGame.uasset" 331
"../../../GameScripting_218/Content/Blueprints/Menu/SB_GameInstance.uasset" 332
"../../../GameScripting_218/Content/Blueprints/Menu/Multiplayer/MP_Find-Button.uasset" 333
"../../../GameScripting_218/Content/Blueprints/Menu/Multiplayer/MP_ServerBrowser2.uasset" 334
"../../../GameScripting_218/Content/Blueprints/Menu/MP_Menu_Game_Menu.uasset" 335
"../../../GameScripting_218/Content/Blueprints/Menu/Save/LoadButton.uasset" 336
"../../../GameScripting_218/Content/Blueprints/Menu/Save/LoadMenu.uasset" 337
"../../../GameScripting_218/Content/Blueprints/Menu/Menu.uasset" 338
"../../../GameScripting_218/Content/Blueprints/Character/ThirdPersonCharacter.uasset" 339
"../../../GameScripting_218/Content/Blueprints/AI/AICharacter.uasset" 340
"../../../GameScripting_218/Content/Blueprints/AI/KnockVolume.uasset" 341
"../../../GameScripting_218/Content/Blueprints/Doors/Door_Open2.uasset" 342
"../../../GameScripting_218/Content/Blueprints/Menu/NewSoundCue.uasset" 343
"../../../GameScripting_218/Content/Blueprints/Menu/Multiplayer/MainMenu.uasset" 344
"../../../GameScripting_218/Content/VehicleAdv/Vehicle/VehicleSkeleton.uasset" 345
"../../../GameScripting_218/Content/VehicleAdv/Vehicle/VehicleAnimationBlueprint.uasset" 346
"../../../GameScripting_218/Content/VehicleAdvBP/Blueprints/VehicleAdvHud.uasset" 347
"../../../GameScripting_218/Content/VehicleAdvBP/Blueprints/WheelData/Vehicle_BackTireType.uasset" 348
"../../../GameScripting_218/Content/VehicleAdvBP/Blueprints/WheelData/WheelBack.uasset" 349
"../../../GameScripting_218/Content/VehicleAdvBP/Blueprints/WheelData/Vehicle_FrontTireType.uasset" 350
"../../../GameScripting_218/Content/VehicleAdvBP/Blueprints/WheelData/WheelFront.uasset" 351
"../../../Engine/Content/Functions/Engine_MaterialFunctions03/Procedurals/ComputeFilterWidth.uasset" 352
"../../../Engine/Content/EngineMaterials/AntiAliasedTextMaterialTranslucent.uasset" 353
"../../../GameScripting_218/Content/Blueprints/Sounds/boom.uasset" 354
"../../../GameScripting_218/Content/StarterContent/Materials/M_Basic_Wall.uasset" 355
"../../../GameScripting_218/Content/StarterContent/Shapes/Shape_Cone.uasset" 356
"../../../GameScripting_218/Content/StarterContent/Shapes/Shape_Cube.uasset" 357
"../../../GameScripting_218/Content/VehicleAdv/PhysicsMaterials/NonSlippery.uasset" 358
"../../../GameScripting_218/Content/VehicleAdv/Sound/Engine_att.uasset" 359
"../../../GameScripting_218/Content/VehicleAdv/Sound/Engine_Loop_Cue.uasset" 360
"../../../GameScripting_218/Content/VehicleAdv/Materials/Fixed_Template_Master.uasset" 361
"../../../GameScripting_218/Content/VehicleAdv/Materials/MaterialInstances/Template_BaseBlue.uasset" 362
"../../../GameScripting_218/Content/VehicleAdv/PhysicsMaterials/Slippery.uasset" 363
"../../../GameScripting_218/Content/VehicleAdv/Vehicle/VehiclePhysicsAsset.uasset" 364
"../../../GameScripting_218/Content/VehicleAdv/Vehicle/Vehicle_SkelMesh.uasset" 365
"../../../GameScripting_218/Content/Blueprints/Car/VehicleBlueprint.uasset" 366
"../../../GameScripting_218/Content/Blueprints/Car/Car.uasset" 367
"../../../GameScripting_218/Content/Blueprints/NewThingsToUse/Interactables/Equipment/Key.uasset" 368
"../../../Engine/Content/Functions/Engine_MaterialFunctions01/Gradient/RadialGradientExponential.uasset" 369
"../../../GameScripting_218/Content/Blueprints/RandomThings/Fireflies.uasset" 370
"../../../GameScripting_218/Content/Blueprints/RandomThings/FireFly.uasset" 371
"../../../GameScripting_218/Content/Blueprints/Sounds/carHorn.uasset" 372
"../../../GameScripting_218/Content/Blueprints/Sounds/whirr.uasset" 373
"../../../GameScripting_218/Content/FirstPerson/Character/Textures/UE4_LOGO_CARD.uasset" 374
"../../../GameScripting_218/Content/FirstPerson/FPWeapon/Materials/MaterialLayers/ML_Plastic_Shiny_Beige_LOGO.uasset" 375
"../../../GameScripting_218/Content/FirstPerson/FPWeapon/Materials/MaterialLayers/T_ML_FineRubber.uasset" 376
"../../../GameScripting_218/Content/FirstPerson/FPWeapon/Mesh/SK_FPGun_PhysicsAsset.uasset" 377
"../../../GameScripting_218/Content/FirstPerson/Meshes/BaseMaterial.uasset" 378
"../../../GameScripting_218/Content/FirstPerson/Meshes/FirstPersonProjectileMaterial.uasset" 379
"../../../GameScripting_218/Content/FirstPerson/Meshes/FirstPersonProjectileMesh.uasset" 380
"../../../GameScripting_218/Content/FirstPerson/Audio/FirstPersonTemplateWeaponFire02.uasset" 381
"../../../GameScripting_218/Content/FirstPerson/Character/Materials/MaterialLayers/T_ML_Rubber_Blue_01_D.uasset" 382
"../../../GameScripting_218/Content/FirstPerson/Character/Materials/MaterialLayers/T_ML_Rubber_Blue_01_N.uasset" 383
"../../../GameScripting_218/Content/FirstPerson/Character/Materials/MaterialLayers/ML_GlossyBlack_Latex_UE4.uasset" 384
"../../../GameScripting_218/Content/FirstPerson/Character/Materials/MaterialLayers/ML_Plastic_Shiny_Beige.uasset" 385
"../../../GameScripting_218/Content/FirstPerson/Character/Materials/MaterialLayers/ML_Plastic_Shiny_Beige_LOGO.uasset" 386
"../../../GameScripting_218/Content/FirstPerson/Character/Materials/MaterialLayers/T_ML_Aluminum01.uasset" 387
"../../../GameScripting_218/Content/FirstPerson/Character/Materials/MaterialLayers/T_ML_Aluminum01_N.uasset" 388
"../../../GameScripting_218/Content/FirstPerson/Character/Materials/MaterialLayers/ML_SoftMetal_UE4.uasset" 389
"../../../GameScripting_218/Content/FirstPerson/Character/Textures/UE4_Mannequin__normals.uasset" 390
"../../../GameScripting_218/Content/FirstPerson/Character/Textures/UE4_Mannequin_MAT_MASKA.uasset" 391
"../../../GameScripting_218/Content/FirstPerson/Character/Materials/M_UE4Man_Body.uasset" 392
"../../../GameScripting_218/Content/FirstPerson/Character/Mesh/SK_Mannequin_Arms_PhysicsAsset.uasset" 393
"../../../GameScripting_218/Content/FirstPerson/Character/Mesh/SK_Mannequin_Arms_Skeleton.uasset" 394
"../../../GameScripting_218/Content/FirstPerson/Character/Mesh/SK_Mannequin_Arms.uasset" 395
"../../../GameScripting_218/Content/FirstPersonBP/Blueprints/FirstPersonCharacter.uasset" 396
"../../../GameScripting_218/Content/FirstPerson/Textures/FirstPersonCrosshair.uasset" 397
"../../../GameScripting_218/Content/FirstPersonBP/Blueprints/FirstPersonHUD.uasset" 398
"../../../GameScripting_218/Content/FirstPersonBP/Blueprints/FirstPersonGameMode.uasset" 399
"../../../GameScripting_218/Content/FirstPersonBP/Blueprints/ThirdPersonHUD.uasset" 400
"../../../GameScripting_218/Content/Mannequin/Animations/ThirdPersonJump_End.uasset" 401
"../../../GameScripting_218/Content/StarterContent/Architecture/Pillar_50x500.uasset" 402
"../../../GameScripting_218/Content/StarterContent/Architecture/Wall_400x300.uasset" 403
"../../../GameScripting_218/Content/StarterContent/Architecture/Wall_400x400.uasset" 404
"../../../GameScripting_218/Content/StarterContent/Architecture/Wall_500x500.uasset" 405
"../../../GameScripting_218/Content/StarterContent/Architecture/Wall_Door_400x400.uasset" 406
"../../../GameScripting_218/Content/StarterContent/Architecture/Wall_Window_400x400.uasset" 407
"../../../GameScripting_218/Content/StarterContent/Audio/Starter_Wind05_Cue.uasset" 408
"../../../GameScripting_218/Content/StarterContent/Audio/Starter_Wind06_Cue.uasset" 409
"../../../GameScripting_218/Content/StarterContent/Audio/Explosion_Cue.uasset" 410
"../../../GameScripting_218/Content/StarterContent/Blueprints/Blueprint_Effect_Explosion.uasset" 411
"../../../Engine/Content/EditorMeshes/ColorCalibrator/T_ColorGrid.uasset" 412
"../../../GameScripting_218/Content/StarterContent/Materials/M_ColorGrid_LowSpec.uasset" 413
"../../../GameScripting_218/Content/StarterContent/Textures/T_Bush_D.uasset" 414
"../../../GameScripting_218/Content/StarterContent/Textures/T_Bush_N.uasset" 415
"../../../GameScripting_218/Content/StarterContent/Props/Materials/M_Bush.uasset" 416
"../../../GameScripting_218/Content/StarterContent/Props/SM_Bush.uasset" 417
"../../../GameScripting_218/Content/StarterContent/Textures/T_Chair_M.uasset" 418
"../../../GameScripting_218/Content/StarterContent/Textures/T_Chair_N.uasset" 419
"../../../GameScripting_218/Content/StarterContent/Props/Materials/M_Chair.uasset" 420
"../../../GameScripting_218/Content/StarterContent/Props/SM_Couch.uasset" 421
"../../../GameScripting_218/Content/StarterContent/Props/Materials/M_MaterialSphere.uasset" 422
"../../../GameScripting_218/Content/StarterContent/Props/Materials/M_MaterialSphere_Plain.uasset" 423
"../../../GameScripting_218/Content/StarterContent/Props/SM_MatPreviewMesh_02.uasset" 424
"../../../GameScripting_218/Content/StarterContent/Textures/T_Detail_Rocky_N.uasset" 425
"../../../GameScripting_218/Content/StarterContent/Textures/T_Rock_Basalt_D.uasset" 426
"../../../GameScripting_218/Content/StarterContent/Textures/T_RockMesh_M.uasset" 427
"../../../GameScripting_218/Content/StarterContent/Textures/T_RockMesh_N.uasset" 428
"../../../GameScripting_218/Content/StarterContent/Props/Materials/M_Rock.uasset" 429
"../../../GameScripting_218/Content/StarterContent/Props/SM_Rock.uasset" 430
"../../../GameScripting_218/Content/StarterContent/Textures/T_Shelf_M.uasset" 431
"../../../GameScripting_218/Content/StarterContent/Textures/T_Shelf_N.uasset" 432
"../../../GameScripting_218/Content/StarterContent/Props/Materials/M_Shelf.uasset" 433
"../../../GameScripting_218/Content/StarterContent/Props/SM_Shelf.uasset" 434
"../../../GameScripting_218/Content/StarterContent/Materials/M_Basic_Floor.uasset" 435
"../../../GameScripting_218/Content/StarterContent/Props/SM_Stairs.uasset" 436
"../../../GameScripting_218/Content/StarterContent/Shapes/Shape_Cylinder.uasset" 437
"../../../GameScripting_218/Content/StarterContent/Shapes/Shape_NarrowCapsule.uasset" 438
"../../../GameScripting_218/Content/StarterContent/Shapes/Shape_Pipe.uasset" 439
"../../../GameScripting_218/Content/StarterContent/Shapes/Shape_Pipe_180.uasset" 440
"../../../GameScripting_218/Content/StarterContent/Shapes/Shape_Pipe_90.uasset" 441
"../../../GameScripting_218/Content/StarterContent/Shapes/Shape_Plane.uasset" 442
"../../../GameScripting_218/Content/StarterContent/Shapes/Shape_Torus.uasset" 443
"../../../GameScripting_218/Content/StarterContent/Shapes/Shape_Trim.uasset" 444
"../../../GameScripting_218/Content/StarterContent/Shapes/Shape_Trim_90_In.uasset" 445
"../../../GameScripting_218/Content/StarterContent/Shapes/Shape_Trim_90_Out.uasset" 446
"../../../GameScripting_218/Content/StarterContent/Shapes/Shape_TriPyramid.uasset" 447
"../../../GameScripting_218/Content/StarterContent/Shapes/Shape_Tube.uasset" 448
"../../../GameScripting_218/Content/StarterContent/Shapes/Shape_Wedge_A.uasset" 449
"../../../GameScripting_218/Content/StarterContent/Shapes/Shape_Wedge_B.uasset" 450
"../../../GameScripting_218/Content/StarterContent/Shapes/Shape_WideCapsule.uasset" 451
"../../../GameScripting_218/Content/ThirdPersonBP/Blueprints/ThirdPersonCharacter.uasset" 452
"../../../GameScripting_218/Content/ThirdPersonBP/Blueprints/ThirdPersonGameMode.uasset" 453
"../../../GameScripting_218/Content/VehicleAdv/ArenaMesh/CubeMaterial.uasset" 454
"../../../Engine/Content/EngineMaterials/Grid.uasset" 455
"../../../GameScripting_218/Content/VehicleAdv/Materials/MasterGrid.uasset" 456
"../../../GameScripting_218/Content/VehicleAdv/Materials/MaterialInstances/RedGrid.uasset" 457
"../../../GameScripting_218/Content/VehicleAdv/ArenaMesh/pole.uasset" 458
"../../../GameScripting_218/Content/VehicleAdv/Materials/MaterialInstances/SolidOrange.uasset" 459
"../../../GameScripting_218/Content/VehicleAdv/ArenaMesh/RampTwist.uasset" 460
"../../../GameScripting_218/Content/VehicleAdv/ArenaMesh/RoadSegment_01.uasset" 461
"../../../GameScripting_218/Content/VehicleAdv/Sound/Engine_Speed_02_Loop.uasset" 462
"../../../GameScripting_218/Content/VehicleAdv/Sound/Engine_Speed_04_Loop.uasset" 463
"../../../GameScripting_218/Content/VehicleAdv/Sound/Engine_Speed_06_Loop.uasset" 464
"../../../GameScripting_218/Content/VehicleAdv/Textures/VehicleJoystick_BackgroundL.uasset" 465
"../../../GameScripting_218/Content/VehicleAdv/Textures/VehicleJoystick_BackgroundR.uasset" 466
"../../../GameScripting_218/Content/VehicleAdv/Vehicle/LeftVirtualJoystickOnly.uasset" 467
"../../../GameScripting_218/Content/VehicleAdv/Vehicle/VehicleBodyCollision.uasset" 468
"../../../GameScripting_218/Content/VehicleAdv/Vehicle/WheelData/Vehicle_BackTireType.uasset" 469
"../../../GameScripting_218/Content/VehicleAdv/Vehicle/WheelData/Vehicle_FrontTireType.uasset" 470
"../../../GameScripting_218/Content/VehicleAdvBP/Blueprints/VehicleAdvGameMode.uasset" 471
"../../../Engine/Plugins/2D/Paper2D/Content/DummySprite.uasset" 472
"../../../Engine/Plugins/2D/Paper2D/Content/DefaultPaperTerrainMaterial.uasset" 473
"../../../Engine/Plugins/2D/Paper2D/Content/DefaultSpriteMaterial.uasset" 474
"../../../Engine/Plugins/2D/Paper2D/Content/MaskedUnlitSpriteMaterial.uasset" 475
"../../../Engine/Plugins/2D/Paper2D/Content/OpaqueUnlitSpriteMaterial.uasset" 476
"../../../Engine/Plugins/2D/Paper2D/Content/PlaceholderTextures/DummySpriteTexture.uasset" 477
"../../../GameScripting_218/Content/StarterContent/Blueprints/Assets/FogBrightnessLUT.uasset" 478
"../../../GameScripting_218/Content/StarterContent/Blueprints/Assets/SunlightColorLUT.uasset" 479
"../../../GameScripting_218/Content/StarterContent/Blueprints/Assets/M_LightStage_Arrows.uasset" 480
"../../../Engine/Content/MapTemplates/Sky/DaylightAmbientCubemap.uasset" 481
"../../../GameScripting_218/Content/StarterContent/Blueprints/Assets/M_LightStage_Skybox_Master.uasset" 482
"../../../GameScripting_218/Content/StarterContent/Blueprints/Assets/M_LightStage_Skybox_Black.uasset" 483
"../../../GameScripting_218/Content/StarterContent/Blueprints/Assets/M_LightStage_Skybox_HDRI.uasset" 484
"../../../Engine/Content/EditorMaterials/Thumbnails/SkySphereMaterial.uasset" 485
"../../../GameScripting_218/Content/StarterContent/Blueprints/Assets/Skybox.uasset" 486
"../../../GameScripting_218/Content/StarterContent/Blueprints/Assets/SM_Arrows.uasset" 487
"../../../GameScripting_218/Content/StarterContent/HDRI/HDRI_Epic_Courtyard_Daylight.uasset" 488
"../../../GameScripting_218/Content/StarterContent/Blueprints/BP_LightStudio.uasset" 489
"../../../GameScripting_218/Content/StarterContent/Maps/Advanced_Lighting_BuiltData.uasset" 490
"../../../GameScripting_218/Content/StarterContent/Materials/M_AssetPlatform.uasset" 491
"../../../Engine/Content/EditorMeshes/ColorCalibrator/M_ChromeBall.uasset" 492
"../../../Engine/Content/EditorMeshes/ColorCalibrator/M_ClearCoat.uasset" 493
"../../../Engine/Content/EditorMeshes/ColorCalibrator/M_ClearCoatBlack.uasset" 494
"../../../Engine/Content/EditorMeshes/ColorCalibrator/M_ColorGrid.uasset" 495
"../../../Engine/Content/EditorMeshes/ColorCalibrator/M_GreyBall.uasset" 496
"../../../Engine/Content/EditorMeshes/ColorCalibrator/SM_ColorCalibrator.uasset" 497
"../../../GameScripting_218/Content/StarterContent/Architecture/SM_AssetPlatform.uasset" 498
"../../../GameScripting_218/Content/StarterContent/Maps/Advanced_Lighting.umap" 499
"../../../GameScripting_218/Content/ThirdPersonBP/Blueprints/ThirdPersonMultiplayerMenu.uasset" 500
"../../../GameScripting_218/Content/MainMenuLevel_BuiltData.uasset" 501
"../../../GameScripting_218/Content/Blueprints/Menu/Multiplayer/MP_ServerBrowser.uasset" 502
"../../../GameScripting_218/Content/Blueprints/Menu/MP_Menu.uasset" 503
"../../../GameScripting_218/Content/Blueprints/Menu/Newly_Made_Menu.uasset" 504
"../../../GameScripting_218/Content/MainMenuLevel.umap" 505
"../../../GameScripting_218/Content/Blueprints/Checkpoint_Killvolumes/BP_Checkpoint.uasset" 506
"../../../GameScripting_218/Content/Blueprints/Doors/Door_Open.uasset" 507
"../../../GameScripting_218/Content/Blueprints/Doors/Ramp_Down.uasset" 508
"../../../GameScripting_218/Content/StarterContent/Audio/Fire_Sparks01_Cue.uasset" 509
"../../../GameScripting_218/Content/Blueprints/Doors/Power.uasset" 510
"../../../GameScripting_218/Content/Blueprints/RandomThings/EndGame.uasset" 511
"../../../GameScripting_218/Content/Blueprints/RandomThings/Start.uasset" 512
"../../../GameScripting_218/Content/Blueprints/TargetDummy/RangeTarget_DefaultMaterial_BaseColor.uasset" 513
"../../../GameScripting_218/Content/Blueprints/TargetDummy/RangeTarget_DefaultMaterial_Normal.uasset" 514
"../../../GameScripting_218/Content/Blueprints/TargetDummy/RangeTarget_DefaultMaterial_OcclusionRoughnessMetallic.uasset" 515
"../../../GameScripting_218/Content/Blueprints/TargetDummy/Dummy.uasset" 516
"../../../GameScripting_218/Content/Blueprints/TargetDummy/RangeTarget.uasset" 517
"../../../GameScripting_218/Content/Blueprints/TargetDummy/TargetDummy.uasset" 518
"../../../GameScripting_218/Content/Blueprints/Character/ScoreCounter.uasset" 519
"../../../GameScripting_218/Content/Blueprints/TargetDummy/TriggerBox_Blueprint.uasset" 520
"../../../Engine/Content/EngineSky/C_Sky_Cloud_Color.uasset" 521
"../../../Engine/Content/EngineSky/C_Sky_Horizon_Color.uasset" 522
"../../../Engine/Content/EngineSky/C_Sky_Zenith_Color.uasset" 523
"../../../Engine/Content/EngineSky/T_Sky_Blue.uasset" 524
"../../../Engine/Content/EngineSky/T_Sky_Clouds_M.uasset" 525
"../../../Engine/Content/EngineSky/T_Sky_Stars.uasset" 526
"../../../Engine/Content/EngineSky/M_Sky_Panning_Clouds2.uasset" 527
"../../../Engine/Content/EngineSky/SM_SkySphere.uasset" 528
"../../../Engine/Content/EngineSky/BP_Sky_Sphere.uasset" 529
"../../../GameScripting_218/Content/StarterContent/Materials/M_Glass.uasset" 530
"../../../GameScripting_218/Content/StarterContent/Textures/T_Door_M.uasset" 531
"../../../GameScripting_218/Content/StarterContent/Textures/T_Door_N.uasset" 532
"../../../GameScripting_218/Content/StarterContent/Props/Materials/M_Door.uasset" 533
"../../../GameScripting_218/Content/StarterContent/Props/SM_Door.uasset" 534
"../../../GameScripting_218/Content/Blueprints/Doors/Door.uasset" 535
"../../../GameScripting_218/Content/Blueprints/NewThingsToUse/Interactables/Weapons/Ammo.uasset" 536
"../../../GameScripting_218/Content/Blueprints/NewThingsToUse/Interactables/Weapons/UnlimmitedAmmo.uasset" 537
"../../../GameScripting_218/Content/Playground_BuiltData.uasset" 538
"../../../GameScripting_218/Content/2.uasset" 539
"../../../GameScripting_218/Content/2_Mat.uasset" 540
"../../../GameScripting_218/Content/Blueprints/Cameras/SecurityCamera.uasset" 541
"../../../GameScripting_218/Content/Blueprints/Cameras/SecurityCamera_Material.uasset" 542
"../../../GameScripting_218/Content/StarterContent/Textures/T_Brick_Clay_Old_D.uasset" 543
"../../../GameScripting_218/Content/StarterContent/Textures/T_Brick_Clay_Old_N.uasset" 544
"../../../GameScripting_218/Content/StarterContent/Textures/T_MacroVariation.uasset" 545
"../../../GameScripting_218/Content/StarterContent/Textures/T_Perlin_Noise_M.uasset" 546
"../../../GameScripting_218/Content/StarterContent/Materials/M_Brick_Clay_Old.uasset" 547
"../../../GameScripting_218/Content/StarterContent/Textures/T_Ceramic_Tile_M.uasset" 548
"../../../GameScripting_218/Content/StarterContent/Textures/T_Ceramic_Tile_N.uasset" 549
"../../../GameScripting_218/Content/StarterContent/Textures/T_Rock_Marble_Polished_D.uasset" 550
"../../../GameScripting_218/Content/StarterContent/Materials/M_Ceramic_Tile_Checker.uasset" 551
"../../../GameScripting_218/Content/StarterContent/Textures/T_Concrete_Panels_D.uasset" 552
"../../../GameScripting_218/Content/StarterContent/Textures/T_Concrete_Panels_N.uasset" 553
"../../../GameScripting_218/Content/StarterContent/Materials/M_Concrete_Panels.uasset" 554
"../../../GameScripting_218/Content/StarterContent/Textures/T_Ground_Grass_D.uasset" 555
"../../../GameScripting_218/Content/StarterContent/Textures/T_Ground_Grass_N.uasset" 556
"../../../GameScripting_218/Content/StarterContent/Materials/M_Ground_Grass.uasset" 557
"../../../GameScripting_218/Content/StarterContent/Textures/T_Metal_Aluminum_D.uasset" 558
"../../../GameScripting_218/Content/StarterContent/Textures/T_Metal_Gold_N.uasset" 559
"../../../GameScripting_218/Content/StarterContent/Materials/M_Metal_Burnished_Steel.uasset" 560
"../../../GameScripting_218/Content/StarterContent/Textures/T_Metal_Steel_D.uasset" 561
"../../../GameScripting_218/Content/StarterContent/Textures/T_Metal_Steel_N.uasset" 562
"../../../GameScripting_218/Content/StarterContent/Materials/M_Metal_Steel.uasset" 563
"../../../GameScripting_218/Content/StarterContent/Textures/T_Wood_Floor_Walnut_D.uasset" 564
"../../../GameScripting_218/Content/StarterContent/Textures/T_Wood_Floor_Walnut_M.uasset" 565
"../../../GameScripting_218/Content/StarterContent/Textures/T_Wood_Floor_Walnut_N.uasset" 566
"../../../GameScripting_218/Content/StarterContent/Materials/M_Wood_Floor_Walnut_Polished.uasset" 567
"../../../GameScripting_218/Content/ThirdPerson/M_InteractHighlight.uasset" 568
"../../../Engine/Content/EditorResources/MatineeCam_D.uasset" 569
"../../../Engine/Content/EditorMaterials/MatineeCam_mat.uasset" 570
"../../../Engine/Content/EditorMeshes/MatineeCam_SM.uasset" 571
"../../../Engine/Content/EngineMaterials/DefaultPhysicalMaterial.uasset" 572
"../../../GameScripting_218/Content/Blueprints/Sounds/doorOpen_Cue.uasset" 573
"../../../GameScripting_218/Content/Blueprints/Sounds/scaryAmbience_Cue.uasset" 574
"../../../GameScripting_218/Content/StarterContent/Audio/Light01_Cue.uasset" 575
"../../../GameScripting_218/Content/StarterContent/Audio/Light02_Cue.uasset" 576
"../../../GameScripting_218/Content/StarterContent/Audio/Starter_Music_Cue.uasset" 577
"../../../GameScripting_218/Content/StarterContent/Particles/Materials/M_Radial_Gradient.uasset" 578
"../../../GameScripting_218/Content/StarterContent/Textures/T_Spark_Core.uasset" 579
"../../../GameScripting_218/Content/StarterContent/Particles/Materials/M_Spark.uasset" 580
"../../../GameScripting_218/Content/StarterContent/Particles/P_Sparks.uasset" 581
"../../../GameScripting_218/Content/StarterContent/Textures/T_Frame_M.uasset" 582
"../../../GameScripting_218/Content/StarterContent/Textures/T_Frame_N.uasset" 583
"../../../GameScripting_218/Content/StarterContent/Props/Materials/M_Frame.uasset" 584
"../../../GameScripting_218/Content/StarterContent/Props/SM_DoorFrame.uasset" 585
"../../../GameScripting_218/Content/Playground.umap" 586
"../../../GameScripting_218/Content/AnimStarterPack/Crouch_Idle_Rifle_Ironsights.uasset" 587
"../../../GameScripting_218/Content/AnimStarterPack/Crouch_Walk_Fwd_Rifle_Ironsights.uasset" 588
"../../../GameScripting_218/Content/AnimStarterPack/Fire_Rifle_Ironsights.uasset" 589
"../../../GameScripting_218/Content/AnimStarterPack/Hit_React_1.uasset" 590
"../../../GameScripting_218/Content/AnimStarterPack/Hit_React_2.uasset" 591
"../../../GameScripting_218/Content/AnimStarterPack/Hit_React_3.uasset" 592
"../../../GameScripting_218/Content/AnimStarterPack/Idle_Rifle_Hip_Break1.uasset" 593
"../../../GameScripting_218/Content/AnimStarterPack/Idle_Rifle_Hip_Break2.uasset" 594
"../../../GameScripting_218/Content/AnimStarterPack/Walk_Fwd_Rifle_Ironsights.uasset" 595
"../../../Engine/Content/TemplateResources/M_Template_Master.uasset" 596
"../../../Engine/Content/TemplateResources/MI_Template_BaseGray_03_Metal.uasset" 597
"../../../Engine/Content/Functions/MaterialLayerFunctions/MatLayerBlend_AO.uasset" 598
"../../../GameScripting_218/Content/AnimStarterPack/UE4_Mannequin/Materials/MaterialLayers/T_ML_Rubber_Blue_01_D.uasset" 599
"../../../GameScripting_218/Content/AnimStarterPack/UE4_Mannequin/Materials/MaterialLayers/T_ML_Rubber_Blue_01_N.uasset" 600
"../../../GameScripting_218/Content/AnimStarterPack/UE4_Mannequin/Materials/MaterialLayers/ML_GlossyBlack_Latex_UE4.uasset" 601
"../../../GameScripting_218/Content/AnimStarterPack/UE4_Mannequin/Materials/MaterialLayers/ML_Plastic_Shiny_Beige.uasset" 602
"../../../GameScripting_218/Content/AnimStarterPack/UE4_Mannequin/Textures/UE4_LOGO_CARD.uasset" 603
"../../../GameScripting_218/Content/AnimStarterPack/UE4_Mannequin/Materials/MaterialLayers/ML_Plastic_Shiny_Beige_LOGO.uasset" 604
"../../../GameScripting_218/Content/AnimStarterPack/UE4_Mannequin/Materials/MaterialLayers/T_ML_Aluminum01.uasset" 605
"../../../GameScripting_218/Content/AnimStarterPack/UE4_Mannequin/Materials/MaterialLayers/T_ML_Aluminum01_N.uasset" 606
"../../../GameScripting_218/Content/AnimStarterPack/UE4_Mannequin/Materials/MaterialLayers/ML_SoftMetal_UE4.uasset" 607
"../../../GameScripting_218/Content/AnimStarterPack/UE4_Mannequin/Textures/UE4_Mannequin__normals.uasset" 608
"../../../GameScripting_218/Content/AnimStarterPack/UE4_Mannequin/Textures/UE4_Mannequin_MAT_MASKA.uasset" 609
"../../../GameScripting_218/Content/AnimStarterPack/UE4_Mannequin/Textures/UE4_Mannequin_occlusion_Mobile.uasset" 610
"../../../GameScripting_218/Content/AnimStarterPack/UE4_Mannequin/Materials/M_UE4Man_Body.uasset" 611
"../../../GameScripting_218/Content/AnimStarterPack/UE4_Mannequin/Textures/UE4Man_Logo_N.uasset" 612
"../../../GameScripting_218/Content/AnimStarterPack/UE4_Mannequin/Materials/M_UE4Man_ChestLogo.uasset" 613
"../../../GameScripting_218/Content/AnimStarterPack/UE4_Mannequin/Mesh/SK_Mannequin_PhysicsAsset.uasset" 614
"../../../GameScripting_218/Content/AnimStarterPack/UE4_Mannequin/Mesh/SK_Mannequin.uasset" 615
"../../../GameScripting_218/Content/AnimStarterPack/Showcase.umap" 616
"../../../GameScripting_218/Content/FirstPerson/Meshes/CubeMaterialOverride.uasset" 617
"../../../GameScripting_218/Content/FirstPersonBP/Maps/FirstPersonExampleMap.umap" 618
"../../../GameScripting_218/Content/Derby.umap" 619
"../../../GameScripting_218/Content/StarterContent/Maps/Minimal_Default_BuiltData.uasset" 620
"../../../GameScripting_218/Content/StarterContent/Materials/M_Metal_Brushed_Nickel.uasset" 621
"../../../GameScripting_218/Content/StarterContent/Textures/T_Metal_Copper_D.uasset" 622
"../../../GameScripting_218/Content/StarterContent/Materials/M_Metal_Copper.uasset" 623
"../../../GameScripting_218/Content/StarterContent/Textures/T_Statue_M.uasset" 624
"../../../GameScripting_218/Content/StarterContent/Textures/T_Statue_N.uasset" 625
"../../../GameScripting_218/Content/StarterContent/Props/Materials/M_StatueGlass.uasset" 626
"../../../GameScripting_218/Content/StarterContent/Architecture/Floor_400x400.uasset" 627
"../../../GameScripting_218/Content/StarterContent/Audio/Starter_Background_Cue.uasset" 628
"../../../GameScripting_218/Content/StarterContent/Props/SM_Chair.uasset" 629
"../../../GameScripting_218/Content/StarterContent/Props/Materials/M_Statue.uasset" 630
"../../../GameScripting_218/Content/StarterContent/Props/SM_Statue.uasset" 631
"../../../GameScripting_218/Content/StarterContent/Textures/T_TableRound_M.uasset" 632
"../../../GameScripting_218/Content/StarterContent/Textures/T_TableRound_N.uasset" 633
"../../../GameScripting_218/Content/StarterContent/Props/Materials/M_TableRound.uasset" 634
"../../../GameScripting_218/Content/StarterContent/Props/SM_TableRound.uasset" 635
"../../../GameScripting_218/Content/StarterContent/Maps/Minimal_Default.umap" 636
"../../../GameScripting_218/Content/StarterContent/Audio/Fire01_Cue.uasset" 637
"../../../GameScripting_218/Content/StarterContent/Textures/T_Fire_SubUV.uasset" 638
"../../../GameScripting_218/Content/StarterContent/Particles/Materials/M_Fire_SubUV.uasset" 639
"../../../GameScripting_218/Content/StarterContent/Textures/T_Water_N.uasset" 640
"../../../GameScripting_218/Content/StarterContent/Particles/Materials/M_Heat_Distortion.uasset" 641
"../../../GameScripting_218/Content/StarterContent/Particles/P_Fire.uasset" 642
"../../../GameScripting_218/Content/StarterContent/Blueprints/Blueprint_Effect_Fire.uasset" 643
"../../../GameScripting_218/Content/StarterContent/Audio/Smoke01_Cue.uasset" 644
"../../../GameScripting_218/Content/StarterContent/Particles/P_Smoke.uasset" 645
"../../../GameScripting_218/Content/StarterContent/Blueprints/Blueprint_Effect_Smoke.uasset" 646
"../../../GameScripting_218/Content/StarterContent/Blueprints/Blueprint_Effect_Sparks.uasset" 647
"../../../GameScripting_218/Content/StarterContent/Audio/Steam01_Cue.uasset" 648
"../../../GameScripting_218/Content/StarterContent/Particles/P_Steam_Lit.uasset" 649
"../../../GameScripting_218/Content/StarterContent/Blueprints/Blueprint_Effect_Steam.uasset" 650
"../../../GameScripting_218/Content/StarterContent/Textures/T_Lamp_M.uasset" 651
"../../../GameScripting_218/Content/StarterContent/Textures/T_Lamp_N.uasset" 652
"../../../GameScripting_218/Content/StarterContent/Props/Materials/M_Lamp.uasset" 653
"../../../GameScripting_218/Content/StarterContent/Props/SM_Lamp_Ceiling.uasset" 654
"../../../GameScripting_218/Content/StarterContent/Blueprints/Blueprint_CeilingLight.uasset" 655
"../../../GameScripting_218/Content/StarterContent/Props/SM_Lamp_Wall.uasset" 656
"../../../GameScripting_218/Content/StarterContent/Blueprints/Blueprint_WallSconce.uasset" 657
"../../../GameScripting_218/Content/StarterContent/Maps/StarterMap_BuiltData.uasset" 658
"../../../GameScripting_218/Content/StarterContent/Textures/T_Brick_Clay_Beveled_D.uasset" 659
"../../../GameScripting_218/Content/StarterContent/Textures/T_Brick_Clay_Beveled_M.uasset" 660
"../../../GameScripting_218/Content/StarterContent/Textures/T_Brick_Clay_Beveled_N.uasset" 661
"../../../GameScripting_218/Content/StarterContent/Materials/M_Brick_Clay_Beveled.uasset" 662
"../../../GameScripting_218/Content/StarterContent/Textures/T_Brick_Clay_New_D.uasset" 663
"../../../GameScripting_218/Content/StarterContent/Textures/T_Brick_Clay_New_M.uasset" 664
"../../../GameScripting_218/Content/StarterContent/Textures/T_Brick_Clay_New_N.uasset" 665
"../../../GameScripting_218/Content/StarterContent/Materials/M_Brick_Clay_New.uasset" 666
"../../../GameScripting_218/Content/StarterContent/Textures/T_Brick_Cut_Stone_D.uasset" 667
"../../../GameScripting_218/Content/StarterContent/Textures/T_Brick_Cut_Stone_N.uasset" 668
"../../../GameScripting_218/Content/StarterContent/Materials/M_Brick_Cut_Stone.uasset" 669
"../../../GameScripting_218/Content/StarterContent/Textures/T_Brick_Hewn_Stone_D.uasset" 670
"../../../GameScripting_218/Content/StarterContent/Textures/T_Brick_Hewn_Stone_M.uasset" 671
"../../../GameScripting_218/Content/StarterContent/Textures/T_Brick_Hewn_Stone_N.uasset" 672
"../../../GameScripting_218/Content/StarterContent/Materials/M_Brick_Hewn_Stone.uasset" 673
"../../../GameScripting_218/Content/StarterContent/Textures/T_CobbleStone_Pebble_D.uasset" 674
"../../../GameScripting_218/Content/StarterContent/Textures/T_CobbleStone_Pebble_M.uasset" 675
"../../../GameScripting_218/Content/StarterContent/Textures/T_CobbleStone_Pebble_N.uasset" 676
"../../../GameScripting_218/Content/StarterContent/Materials/M_CobbleStone_Pebble.uasset" 677
"../../../GameScripting_218/Content/StarterContent/Textures/T_CobbleStone_Rough_D.uasset" 678
"../../../GameScripting_218/Content/StarterContent/Textures/T_CobbleStone_Rough_N.uasset" 679
"../../../GameScripting_218/Content/StarterContent/Textures/T_Rock_Smooth_Granite_D.uasset" 680
"../../../GameScripting_218/Content/StarterContent/Materials/M_CobbleStone_Rough.uasset" 681
"../../../GameScripting_218/Content/StarterContent/Textures/T_CobbleStone_Smooth_D.uasset" 682
"../../../GameScripting_218/Content/StarterContent/Textures/T_CobbleStone_Smooth_M.uasset" 683
"../../../GameScripting_218/Content/StarterContent/Textures/T_CobbleStone_Smooth_N.uasset" 684
"../../../GameScripting_218/Content/StarterContent/Materials/M_CobbleStone_Smooth.uasset" 685
"../../../GameScripting_218/Content/StarterContent/Textures/T_Concrete_Grime_D.uasset" 686
"../../../GameScripting_218/Content/StarterContent/Textures/T_Metal_Rust_N.uasset" 687
"../../../GameScripting_218/Content/StarterContent/Materials/M_Concrete_Grime.uasset" 688
"../../../GameScripting_218/Content/StarterContent/Textures/T_Concrete_Poured_D.uasset" 689
"../../../GameScripting_218/Content/StarterContent/Textures/T_Concrete_Poured_N.uasset" 690
"../../../GameScripting_218/Content/StarterContent/Materials/M_Concrete_Poured.uasset" 691
"../../../GameScripting_218/Content/StarterContent/Textures/T_Concrete_Tiles_D.uasset" 692
"../../../GameScripting_218/Content/StarterContent/Textures/T_Concrete_Tiles_M.uasset" 693
"../../../GameScripting_218/Content/StarterContent/Textures/T_Concrete_Tiles_N.uasset" 694
"../../../GameScripting_218/Content/StarterContent/Textures/T_Concrete_Tiles_Variation_M.uasset" 695
"../../../GameScripting_218/Content/StarterContent/Materials/M_Concrete_Tiles.uasset" 696
"../../../GameScripting_218/Content/StarterContent/Textures/T_Ground_Gravel_D.uasset" 697
"../../../GameScripting_218/Content/StarterContent/Textures/T_Ground_Gravel_N.uasset" 698
"../../../GameScripting_218/Content/StarterContent/Materials/M_Ground_Gravel.uasset" 699
"../../../GameScripting_218/Content/StarterContent/Textures/T_ground_Moss_D.uasset" 700
"../../../GameScripting_218/Content/StarterContent/Textures/T_Ground_Moss_N.uasset" 701
"../../../GameScripting_218/Content/StarterContent/Materials/M_Ground_Moss.uasset" 702
"../../../GameScripting_218/Content/StarterContent/Materials/M_Metal_Chrome.uasset" 703
"../../../GameScripting_218/Content/StarterContent/Textures/T_Metal_Gold_D.uasset" 704
"../../../GameScripting_218/Content/StarterContent/Materials/M_Metal_Gold.uasset" 705
"../../../GameScripting_218/Content/StarterContent/Textures/T_Metal_Rust_D.uasset" 706
"../../../GameScripting_218/Content/StarterContent/Materials/M_Metal_Rust.uasset" 707
"../../../GameScripting_218/Content/StarterContent/Textures/T_Rock_Basalt_N.uasset" 708
"../../../GameScripting_218/Content/StarterContent/Materials/M_Rock_Basalt.uasset" 709
"../../../GameScripting_218/Content/StarterContent/Materials/M_Rock_Marble_Polished.uasset" 710
"../../../GameScripting_218/Content/StarterContent/Textures/T_Rock_Sandstone_D.uasset" 711
"../../../GameScripting_218/Content/StarterContent/Textures/T_Rock_Sandstone_N.uasset" 712
"../../../GameScripting_218/Content/StarterContent/Materials/M_Rock_Sandstone.uasset" 713
"../../../GameScripting_218/Content/StarterContent/Textures/T_Rock_Slate_D.uasset" 714
"../../../GameScripting_218/Content/StarterContent/Textures/T_Rock_Slate_N.uasset" 715
"../../../GameScripting_218/Content/StarterContent/Materials/M_Rock_Slate.uasset" 716
"../../../GameScripting_218/Content/StarterContent/Textures/T_Checker_Noise_M.uasset" 717
"../../../GameScripting_218/Content/StarterContent/Textures/T_Single_Tile_N.uasset" 718
"../../../GameScripting_218/Content/StarterContent/Textures/T_Tech_Dot_M.uasset" 719
"../../../GameScripting_218/Content/StarterContent/Textures/T_Tech_Dot_N.uasset" 720
"../../../GameScripting_218/Content/StarterContent/Materials/M_Tech_Checker_Dot.uasset" 721
"../../../GameScripting_218/Content/StarterContent/Textures/T_Tech_Hex_Tile_M.uasset" 722
"../../../GameScripting_218/Content/StarterContent/Textures/T_Tech_Hex_Tile_N.uasset" 723
"../../../GameScripting_218/Content/StarterContent/Materials/M_Tech_Hex_Tile.uasset" 724
"../../../GameScripting_218/Content/StarterContent/Materials/M_Tech_Hex_Tile_Pulse.uasset" 725
"../../../GameScripting_218/Content/StarterContent/Textures/T_Tech_Panel_M.uasset" 726
"../../../GameScripting_218/Content/StarterContent/Textures/T_Tech_Panel_N.uasset" 727
"../../../GameScripting_218/Content/StarterContent/Materials/M_Tech_Panel.uasset" 728
"../../../GameScripting_218/Content/StarterContent/Materials/M_Water_Lake.uasset" 729
"../../../GameScripting_218/Content/StarterContent/Textures/T_Water_M.uasset" 730
"../../../GameScripting_218/Content/StarterContent/Materials/M_Water_Ocean.uasset" 731
"../../../Engine/Content/Functions/Engine_MaterialFunctions01/Opacity/AlphaOffset.uasset" 732
"../../../GameScripting_218/Content/StarterContent/Materials/M_Wood_Floor_Walnut_Worn.uasset" 733
"../../../GameScripting_218/Content/StarterContent/Textures/T_Wood_Oak_D.uasset" 734
"../../../GameScripting_218/Content/StarterContent/Textures/T_Wood_Oak_N.uasset" 735
"../../../GameScripting_218/Content/StarterContent/Materials/M_Wood_Oak.uasset" 736
"../../../GameScripting_218/Content/StarterContent/Textures/T_Wood_Pine_D.uasset" 737
"../../../GameScripting_218/Content/StarterContent/Textures/T_Wood_Pine_N.uasset" 738
"../../../GameScripting_218/Content/StarterContent/Materials/M_Wood_Pine.uasset" 739
"../../../GameScripting_218/Content/StarterContent/Textures/T_Wood_Walnut_D.uasset" 740
"../../../GameScripting_218/Content/StarterContent/Textures/T_Wood_Walnut_N.uasset" 741
"../../../GameScripting_218/Content/StarterContent/Materials/M_Wood_Walnut.uasset" 742
"../../../GameScripting_218/Content/StarterContent/Architecture/Wall_400x200.uasset" 743
"../../../GameScripting_218/Content/StarterContent/Architecture/Wall_Door_400x300.uasset" 744
"../../../GameScripting_218/Content/StarterContent/Architecture/Wall_Window_400x300.uasset" 745
"../../../GameScripting_218/Content/StarterContent/Audio/Collapse_Cue.uasset" 746
"../../../GameScripting_218/Content/StarterContent/Textures/T_Dust_Particle_D.uasset" 747
"../../../GameScripting_218/Content/StarterContent/Particles/Materials/M_Dust_Particle.uasset" 748
"../../../GameScripting_218/Content/StarterContent/Particles/P_Ambient_Dust.uasset" 749
"../../../GameScripting_218/Content/StarterContent/Props/MaterialSphere.uasset" 750
"../../../GameScripting_218/Content/StarterContent/Props/SM_CornerFrame.uasset" 751
"../../../GameScripting_218/Content/StarterContent/Props/SM_GlassWindow.uasset" 752
"../../../GameScripting_218/Content/StarterContent/Props/SM_PillarFrame.uasset" 753
"../../../GameScripting_218/Content/StarterContent/Props/SM_PillarFrame300.uasset" 754
"../../../GameScripting_218/Content/StarterContent/Props/SM_WindowFrame.uasset" 755
"../../../GameScripting_218/Content/StarterContent/Shapes/Shape_QuadPyramid.uasset" 756
"../../../GameScripting_218/Content/StarterContent/Shapes/Shape_Sphere.uasset" 757
"../../../GameScripting_218/Content/StarterContent/Maps/StarterMap.umap" 758
"../../../GameScripting_218/Content/ThirdPersonBP/Maps/ThirdPersonExampleMap_BuiltData.uasset" 759
"../../../GameScripting_218/Content/Geometry/Meshes/1M_Cube_Chamfer.uasset" 760
"../../../GameScripting_218/Content/Geometry/Meshes/TemplateFloor.uasset" 761
"../../../GameScripting_218/Content/ThirdPerson/Meshes/RampMaterial.uasset" 762
"../../../GameScripting_218/Content/ThirdPerson/Meshes/Bump_StaticMesh.uasset" 763
"../../../GameScripting_218/Content/ThirdPerson/Meshes/LeftArm_StaticMesh.uasset" 764
"../../../GameScripting_218/Content/ThirdPerson/Meshes/Linear_Stair_StaticMesh.uasset" 765
"../../../GameScripting_218/Content/ThirdPerson/Meshes/Ramp_StaticMesh.uasset" 766
"../../../GameScripting_218/Content/ThirdPerson/Meshes/RightArm_StaticMesh.uasset" 767
"../../../GameScripting_218/Content/ThirdPersonBP/Maps/ThirdPersonExampleMap.umap" 768
"../../../GameScripting_218/Content/VehicleAdvBP/Maps/LayerInfo/Desert_LayerInfo.uasset" 769
"../../../GameScripting_218/Content/VehicleAdvBP/Maps/LayerInfo/Track_LayerInfo.uasset" 770
"../../../GameScripting_218/Content/VehicleAdvBP/Maps/VehicleAdvExampleMap_BuiltData.uasset" 771
"../../../GameScripting_218/Content/VehicleAdv/Materials/Landscape.uasset" 772
"../../../GameScripting_218/Content/VehicleAdv/Materials/MaterialInstances/LandscapeNoHole.uasset" 773
"../../../GameScripting_218/Content/VehicleAdv/ArenaMesh/BumpWave.uasset" 774
"../../../GameScripting_218/Content/VehicleAdv/ArenaMesh/BumpWaveSmall.uasset" 775
"../../../GameScripting_218/Content/VehicleAdv/ArenaMesh/BumpWedge.uasset" 776
"../../../GameScripting_218/Content/VehicleAdv/ArenaMesh/LoopBig.uasset" 777
"../../../GameScripting_218/Content/VehicleAdv/ArenaMesh/LoopSmall.uasset" 778
"../../../GameScripting_218/Content/VehicleAdv/ArenaMesh/RampLarge.uasset" 779
"../../../GameScripting_218/Content/VehicleAdv/Materials/MaterialInstances/BlackGrid.uasset" 780
"../../../GameScripting_218/Content/VehicleAdv/ArenaMesh/StraightFull.uasset" 781
"../../../GameScripting_218/Content/VehicleAdv/ArenaMesh/StraightHalf.uasset" 782
"../../../GameScripting_218/Content/VehicleAdv/ArenaMesh/StraightQuarter.uasset" 783
"../../../GameScripting_218/Content/VehicleAdv/ArenaMesh/turn_22andhalf.uasset" 784
"../../../GameScripting_218/Content/VehicleAdv/ArenaMesh/Turn_45.uasset" 785
"../../../GameScripting_218/Content/VehicleAdv/ArenaMesh/Turn_90.uasset" 786
"../../../GameScripting_218/Content/VehicleAdv/ArenaMesh/Turn_90Large.uasset" 787
"../../../GameScripting_218/Content/VehicleAdvBP/Maps/VehicleAdvExampleMap.umap" 788
