Log file open, 01/29/22 02:56:04
LogWindows: Failed to load 'aqProf.dll' (GetLastError=126)
LogWindows: File 'aqProf.dll' does not exist
LogWindows: Failed to load 'VtuneApi.dll' (GetLastError=126)
LogWindows: File 'VtuneApi.dll' does not exist
LogWindows: Failed to load 'VtuneApi32e.dll' (GetLastError=126)
LogWindows: File 'VtuneApi32e.dll' does not exist
LogInit: Display: Running engine for game: GameScripting_218
LogPlatformFile: Not using cached read wrapper
LogInit: Display: RandInit(-1450535956) SRandInit(-1450535956).
LogTaskGraph: Started task graph with 5 named threads and 17 total threads with 3 sets of task threads.
LogStats: Stats thread started at 0.244272
LogD3D11RHI: Aftermath initialized
LogPluginManager: Mounting plugin Paper2D
LogPluginManager: Mounting plugin LightPropagationVolume
LogPluginManager: Mounting plugin CodeLiteSourceCodeAccess
LogPluginManager: Mounting plugin GitSourceControl
LogPluginManager: Mounting plugin KDevelopSourceCodeAccess
LogPluginManager: Mounting plugin NullSourceCodeAccess
LogPluginManager: Mounting plugin PerforceSourceControl
LogPluginManager: Mounting plugin SubversionSourceControl
LogPluginManager: Mounting plugin UObjectPlugin
LogPluginManager: Mounting plugin VisualStudioSourceCodeAccess
LogPluginManager: Mounting plugin XCodeSourceCodeAccess
LogPluginManager: Mounting plugin AssetManagerEditor
LogPluginManager: Mounting plugin AudioCapture
LogPluginManager: Mounting plugin FacialAnimation
LogPluginManager: Mounting plugin GameplayTagsEditor
LogPluginManager: Mounting plugin MobileLauncherProfileWizard
LogPluginManager: Mounting plugin PluginBrowser
LogPluginManager: Mounting plugin SpeedTreeImporter
LogPluginManager: Mounting plugin AlembicImporter
LogPluginManager: Mounting plugin CharacterAI
LogPluginManager: Mounting plugin HTML5Networking
LogPluginManager: Mounting plugin AndroidMedia
LogPluginManager: Mounting plugin AvfMedia
LogPluginManager: Mounting plugin MediaPlayerEditor
LogPluginManager: Mounting plugin WmfMedia
LogPluginManager: Mounting plugin TcpMessaging
LogPluginManager: Mounting plugin UdpMessaging
LogPluginManager: Mounting plugin LevelSequenceEditor
LogPluginManager: Mounting plugin MatineeToLevelSequence
LogPluginManager: Mounting plugin OnlineSubsystemGooglePlay
LogPluginManager: Mounting plugin OnlineSubsystemIOS
LogPluginManager: Mounting plugin OnlineSubsystem
LogPluginManager: Mounting plugin OnlineSubsystemNull
LogPluginManager: Mounting plugin OnlineSubsystemUtils
LogPluginManager: Mounting plugin AndroidDeviceProfileSelector
LogPluginManager: Mounting plugin AndroidMoviePlayer
LogPluginManager: Mounting plugin AndroidPermission
LogPluginManager: Mounting plugin AppleMoviePlayer
LogPluginManager: Mounting plugin ArchVisCharacter
LogPluginManager: Mounting plugin CableComponent
LogPluginManager: Mounting plugin CustomMeshComponent
LogPluginManager: Mounting plugin ExampleDeviceProfileSelector
LogPluginManager: Mounting plugin GoogleCloudMessaging
LogPluginManager: Mounting plugin ImmediatePhysics
LogPluginManager: Mounting plugin IOSDeviceProfileSelector
LogPluginManager: Mounting plugin LinuxDeviceProfileSelector
LogPluginManager: Mounting plugin LocationServicesBPLibrary
LogPluginManager: Mounting plugin MobilePatchingUtils
LogPluginManager: Mounting plugin OculusVR
LogPluginManager: Mounting plugin PhysXVehicles
LogPluginManager: Mounting plugin ProceduralMeshComponent
LogPluginManager: Mounting plugin RuntimePhysXCooking
LogPluginManager: Mounting plugin SteamVR
LogPluginManager: Mounting plugin WindowsMoviePlayer
LogInit: Using libcurl 7.47.1
LogInit:  - built for x86_64-pc-win32
LogInit:  - supports SSL with OpenSSL/1.0.2g
LogInit:  - supports HTTP deflate (compression) using libz 1.2.8
LogInit:  - other features:
LogInit:      CURL_VERSION_SSL
LogInit:      CURL_VERSION_LIBZ
LogInit:      CURL_VERSION_IPV6
LogInit:      CURL_VERSION_ASYNCHDNS
LogInit:      CURL_VERSION_LARGEFILE
LogInit:      CURL_VERSION_IDN
LogInit:  CurlRequestOptions (configurable via config and command line):
LogInit:  - bVerifyPeer = false  - Libcurl will NOT verify peer certificate
LogInit:  - bUseHttpProxy = false  - Libcurl will NOT use HTTP proxy
LogInit:  - bDontReuseConnections = false  - Libcurl will reuse connections
LogInit:  - CertBundlePath = nullptr  - Libcurl will use whatever was configured at build time.
LogModuleManager: Warning: No filename provided for module OnlineSubsystemLAN
LogModuleManager: Warning: ModuleManager: Unable to load module 'OnlineSubsystemLAN' because the file 'D:/SteamLibrary/UE_4.17/Engine/Binaries/Win64/' was not found.
LogInit: WinSock: version 1.1 (2.2), MaxSocks=32767, MaxUdp=65467
LogHMD: Failed initializing OVRPlugin 1.15.0
LogInit: Build: ++UE4+Release-4.17-CL-3658906
LogInit: Engine Version: 4.17.2-3658906+++UE4+Release-4.17
LogInit: Compatible Engine Version: 4.17.0-3573198+++UE4+Release-4.17
LogInit: Net CL: 3573198
LogDevObjectVersion: Number of dev versions registered: 16
LogDevObjectVersion:   Dev-Blueprints (B0D832E4-1F89-4F0D-ACCF-7EB736FD4AA2): 10
LogDevObjectVersion:   Dev-Build (E1C64328-A22C-4D53-A36C-8E866417BD8C): 0
LogDevObjectVersion:   Dev-Core (375EC13C-06E4-48FB-B500-84F0262A717E): 2
LogDevObjectVersion:   Dev-Editor (E4B068ED-F494-42E9-A231-DA0B2E46BB41): 20
LogDevObjectVersion:   Dev-Framework (CFFC743F-43B0-4480-9391-14DF171D2073): 28
LogDevObjectVersion:   Dev-Mobile (B02B49B5-BB20-44E9-A304-32B752E40360): 0
LogDevObjectVersion:   Dev-Networking (A4E4105C-59A1-49B5-A7C5-40C4547EDFEE): 0
LogDevObjectVersion:   Dev-Online (39C831C9-5AE6-47DC-9A44-9C173E1C8E7C): 0
LogDevObjectVersion:   Dev-Physics (78F01B33-EBEA-4F98-B9B4-84EACCB95AA2): 0
LogDevObjectVersion:   Dev-Platform (6631380F-2D4D-43E0-8009-CF276956A95A): 0
LogDevObjectVersion:   Dev-Rendering (12F88B9F-8875-4AFC-A67C-D90C383ABD29): 19
LogDevObjectVersion:   Dev-Sequencer (7B5AE74C-D270-4C10-A958-57980B212A5A): 4
LogDevObjectVersion:   Dev-VR (D7296918-1DD6-4BDD-9DE2-64A83CC13884): 0
LogDevObjectVersion:   Dev-LoadTimes (C2A15278-BFE7-4AFE-6C17-90FF531DF755): 1
LogDevObjectVersion:   Private-Geometry (6EACA3D4-40EC-4CC1-B786-8BED09428FC5): 1
LogDevObjectVersion:   Dev-AnimPhys (29E575DD-E0A3-4627-9D10-D276232CDCEA): 7
LogInit: Compiled (64-bit): Sep 22 2017 13:47:16
LogInit: Compiled with Visual C++: 19.00.24215.01
LogInit: Build Configuration: Development
LogInit: Branch Name: ++UE4+Release-4.17
LogInit: Command line:  /Temp/Autosaves/Game/UEDPCPlayground -game -PIEVIACONSOLE -ResX=1280 -ResY=720  -Multiprocess -messaging -SessionName="Play in Standalone Game" -windowed 
LogInit: Base directory: D:/SteamLibrary/UE_4.17/Engine/Binaries/Win64/
LogInit: Installed Engine Build: 1
LogInit: Presizing for max 8388607 objects, including 0 objects not considered by GC, pre-allocating 0 bytes for permanent pool.
LogInit: Object subsystem initialized
[2022.01.29-09.56.05:690][  0]LogInit: Selected Device Profile: [Windows]
[2022.01.29-09.56.05:690][  0]LogInit: Applying CVar settings loaded from the selected device profile: [Windows]
[2022.01.29-09.56.05:692][  0]LogInit: Computer: CABOOSE
[2022.01.29-09.56.05:693][  0]LogInit: User: Dakota
[2022.01.29-09.56.05:693][  0]LogInit: CPU Page size=4096, Cores=8
[2022.01.29-09.56.05:693][  0]LogInit: High frequency timer resolution =10.000000 MHz
[2022.01.29-09.56.05:693][  0]LogMemory: Memory total: Physical=47.8GB (48GB approx)
[2022.01.29-09.56.05:693][  0]LogMemory: Platform Memory Stats for Windows
[2022.01.29-09.56.05:693][  0]LogMemory: Process Physical Memory: 288.49 MB used, 288.49 MB peak
[2022.01.29-09.56.05:693][  0]LogMemory: Process Virtual Memory: 283.43 MB used, 283.43 MB peak
[2022.01.29-09.56.05:693][  0]LogMemory: Physical Memory: 16771.08 MB used,  32218.24 MB free, 48989.32 MB total
[2022.01.29-09.56.05:693][  0]LogMemory: Virtual Memory: 4834.44 MB used,  32218.24 MB free, 134217728.00 MB total
[2022.01.29-09.56.05:780][  0]LogInit: Using OS detected language (en-US).
[2022.01.29-09.56.05:780][  0]LogInit: Using OS detected locale (en-US).
[2022.01.29-09.56.05:783][  0]LogTextLocalizationManager: No specific localization for 'en-US' exists, so the 'en' localization will be used.
[2022.01.29-09.56.06:118][  0]LogD3D11RHI: D3D11 adapters:
[2022.01.29-09.56.06:200][  0]LogD3D11RHI:    0. 'NVIDIA GeForce RTX 2080 Ti' (Feature Level 11_0)
[2022.01.29-09.56.06:200][  0]LogD3D11RHI:       11049/0/24494 MB DedicatedVideo/DedicatedSystem/SharedSystem, Outputs:3, VendorId:0x10de
[2022.01.29-09.56.06:202][  0]LogD3D11RHI:    1. 'Microsoft Basic Render Driver' (Feature Level 11_0)
[2022.01.29-09.56.06:202][  0]LogD3D11RHI:       0/0/24494 MB DedicatedVideo/DedicatedSystem/SharedSystem, Outputs:0, VendorId:0x1414
[2022.01.29-09.56.06:202][  0]LogD3D11RHI: Chosen D3D11 Adapter: 0
[2022.01.29-09.56.06:208][  0]LogD3D11RHI: Creating new Direct3DDevice
[2022.01.29-09.56.06:208][  0]LogD3D11RHI:     GPU DeviceId: 0x1e07 (for the marketing name, search the web for "GPU Device Id")
[2022.01.29-09.56.06:208][  0]LogWindows: EnumDisplayDevices:
[2022.01.29-09.56.06:208][  0]LogWindows:    0. 'NVIDIA GeForce RTX 2080 Ti' (P:0 D:1)
[2022.01.29-09.56.06:208][  0]LogWindows:    1. 'NVIDIA GeForce RTX 2080 Ti' (P:0 D:1)
[2022.01.29-09.56.06:208][  0]LogWindows:    2. 'NVIDIA GeForce RTX 2080 Ti' (P:1 D:1)
[2022.01.29-09.56.06:208][  0]LogWindows:    3. 'NVIDIA GeForce RTX 2080 Ti' (P:0 D:0)
[2022.01.29-09.56.06:209][  0]LogWindows: DebugString: GetVideoDriverDetailsInvalid PrimaryIsNotTheChoosenAdapter GetVideoDriverDetailsInvalid PrimaryIsNotTheChoosenAdapter GetVideoDriverDetailsInvalid PrimaryIsNotTheChoosenAdapter GetVideoDriverDetailsInvalid PrimaryIsNotTheChoosenAdapter FoundDriverCount:0 
[2022.01.29-09.56.06:209][  0]LogD3D11RHI:     Adapter Name: NVIDIA GeForce RTX 2080 Ti
[2022.01.29-09.56.06:209][  0]LogD3D11RHI:   Driver Version: Unknown (internal:Unknown, unified:Unknown)
[2022.01.29-09.56.06:209][  0]LogD3D11RHI:      Driver Date: Unknown
[2022.01.29-09.56.06:209][  0]LogRHI: Texture pool is 1361 MB (70% of 1945 MB)
[2022.01.29-09.56.06:265][  0]LogD3D11RHI: Async texture creation enabled
[2022.01.29-09.56.06:284][  0]LogD3D11RHI: GPU Timing Frequency: 1000.000000 (Debug: 2 2)
[2022.01.29-09.56.06:286][  0]LogShaderCompilers: Guid format shader working directory is -24 characters bigger than the processId version (../../../../../Documents/Unreal_Things/GameScripting_218 - Backup 4.17/Intermediate/Shaders/WorkingDirectory/43324/).
[2022.01.29-09.56.06:286][  0]LogShaderCompilers: Cleaned the shader compiler working directory 'C:/Users/Dakota/AppData/Local/Temp/UnrealShaderWorkingDir/D6070978422937E1E06418B152D88F62/'.
[2022.01.29-09.56.06:286][  0]LogShaderCompilers: Display: Using Local Shader Compiler.
[2022.01.29-09.56.06:789][  0]LogTemp: Display: Loaded TP WindowsClientTargetPlatform
[2022.01.29-09.56.06:811][  0]LogTemp: Display: Loaded TP WindowsNoEditorTargetPlatform
[2022.01.29-09.56.06:835][  0]LogTemp: Display: Loaded TP WindowsServerTargetPlatform
[2022.01.29-09.56.06:858][  0]LogTemp: Display: Loaded TP WindowsTargetPlatform
[2022.01.29-09.56.06:858][  0]LogTargetPlatformManager: Display: Building Assets For Windows
[2022.01.29-09.56.07:046][  0]LogDerivedDataCache: Display: Max Cache Size: 512 MB
[2022.01.29-09.56.07:106][  0]LogDerivedDataCache: Loaded boot cache 0.06s 93MB C:/Users/Dakota/AppData/Local/UnrealEngine/4.17/DerivedDataCache/Boot.ddc.
[2022.01.29-09.56.07:106][  0]LogDerivedDataCache: Display: Loaded Boot cache: C:/Users/Dakota/AppData/Local/UnrealEngine/4.17/DerivedDataCache/Boot.ddc
[2022.01.29-09.56.07:106][  0]LogDerivedDataCache: FDerivedDataBackendGraph:  Pak pak cache file ../../../../../Documents/Unreal_Things/GameScripting_218 - Backup 4.17/DerivedDataCache/DDC.ddp not found, will not use a pak cache.
[2022.01.29-09.56.07:106][  0]LogDerivedDataCache: Unable to find inner node Pak for hierarchical cache Hierarchy.
[2022.01.29-09.56.07:106][  0]LogDerivedDataCache: FDerivedDataBackendGraph:  CompressedPak pak cache file ../../../../../Documents/Unreal_Things/GameScripting_218 - Backup 4.17/DerivedDataCache/Compressed.ddp not found, will not use a pak cache.
[2022.01.29-09.56.07:106][  0]LogDerivedDataCache: Unable to find inner node CompressedPak for hierarchical cache Hierarchy.
[2022.01.29-09.56.07:116][  0]LogDerivedDataCache: Display: Pak cache opened for reading ../../../Engine/DerivedDataCache/Compressed.ddp.
[2022.01.29-09.56.07:129][  0]LogDerivedDataCache: Using Local data cache path C:/Users/Dakota/AppData/Local/UnrealEngine/Common/DerivedDataCache: Writable
[2022.01.29-09.56.07:135][  0]LogMaterial: Verifying Global Shaders for PCD3D_SM5
[2022.01.29-09.56.07:135][  0]LogSlate: Using Freetype 2.6.0
[2022.01.29-09.56.07:136][  0]LogSlate: SlateFontCache - WITH_FREETYPE: 1, WITH_HARFBUZZ: 1
[2022.01.29-09.56.07:136][  0]LogSlate: SlateFontCache - WITH_FREETYPE: 1, WITH_HARFBUZZ: 1
[2022.01.29-09.56.07:282][  0]LogAssetRegistry: FAssetRegistry took 0.0026 seconds to start up
[2022.01.29-09.56.07:295][  0]LogPackageLocalizationCache: Processed 5 localized package path(s) for 2 prioritized culture(s) in 0.004526 seconds
[2022.01.29-09.56.07:341][  0]LogInit: Selected Device Profile: [Windows]
[2022.01.29-09.56.07:416][  0]LogContentStreaming: Texture pool size is 1000.00 MB
[2022.01.29-09.56.07:559][  0]LogSimplygon: Simplygon DLL not present - disabling.
[2022.01.29-09.56.07:576][  0]LogMeshReduction: Using SimplygonSwarm for distributed automatic mesh merging
[2022.01.29-09.56.07:576][  0]LogMeshReduction: Using QuadricMeshReduction for automatic static mesh reduction
[2022.01.29-09.56.07:576][  0]LogMeshReduction: No automatic skeletal mesh reduction module available
[2022.01.29-09.56.07:576][  0]LogMeshReduction: No automatic mesh merging module available
[2022.01.29-09.56.07:576][  0]LogMeshMerging: No automatic mesh merging module available
[2022.01.29-09.56.07:772][  0]LogNetVersion: GameScripting_218 , NetCL: 3573198, EngineNetVer: 2, GameNetVer: 0 (Checksum: 3404886685)
[2022.01.29-09.56.08:368][  0]LogMoviePlayer: Initializing movie player
[2022.01.29-09.56.08:579][  0]LogCollectionManager: Loaded 1 collections in 0.000750 seconds
[2022.01.29-09.56.08:622][  0]LogFileCache: Scanning file cache for directory 'D:/Documents/Unreal_Things/GameScripting_218 - Backup 4.17/Saved/Collections/' took 0.01s
[2022.01.29-09.56.08:622][  0]LogFileCache: Scanning file cache for directory 'D:/Documents/Unreal_Things/GameScripting_218 - Backup 4.17/Content/Developers/Dakota/Collections/' took 0.01s
[2022.01.29-09.56.08:622][  0]LogFileCache: Scanning file cache for directory 'D:/Documents/Unreal_Things/GameScripting_218 - Backup 4.17/Content/Collections/' took 0.01s
[2022.01.29-09.56.08:622][  0]LogCollectionManager: Rebuilt the object cache for 1 collections in 0.000001 seconds (found 0 objects)
[2022.01.29-09.56.08:622][  0]LogCollectionManager: Fixed up redirectors for 1 collections in 0.000052 seconds (updated 0 objects)
[2022.01.29-09.56.08:699][  0]LogTcpMessaging: Initializing TcpMessaging bridge
[2022.01.29-09.56.08:724][  0]LogUdpMessaging: Initializing bridge on interface 0.0.0.0:0 to multicast group 230.0.0.1:6666.
[2022.01.29-09.56.08:955][  0]SourceControl: Source control is disabled
[2022.01.29-09.56.08:955][  0]SourceControl: Source control is disabled
[2022.01.29-09.56.08:978][  0]SourceControl: Source control is disabled
[2022.01.29-09.56.09:067][  0]LogAndroidPermission: UAndroidPermissionCallbackProxy::GetInstance
[2022.01.29-09.56.09:175][  0]LogOcInput: OculusInput pre-init called
[2022.01.29-09.56.09:225][  0]LogUObjectArray: 38661 objects as part of root set at end of initial load.
[2022.01.29-09.56.09:225][  0]LogUObjectAllocator: 8461328 out of 0 bytes used by permanent object pool.
[2022.01.29-09.56.09:225][  0]LogUObjectArray: CloseDisregardForGC: 0/0 objects in disregard for GC pool
[2022.01.29-09.56.09:283][  0]LogEngine: Initializing Engine...
[2022.01.29-09.56.09:285][  0]LogHMD: Failed to initialize OpenVR with code 110
[2022.01.29-09.56.09:414][  0]LogStats: UGameplayTagsManager::ConstructGameplayTagTree: Construct from data asset -  0.000 s
[2022.01.29-09.56.09:414][  0]LogStats: UGameplayTagsManager::ConstructGameplayTagTree: GameplayTagTreeChangedEvent.Broadcast -  0.000 s
[2022.01.29-09.56.09:431][  0]LogInit: XAudio2 using 'Speakers (Realtek High Definition Audio)' : 2 channels at 48 kHz using 16 bits per sample (channel mask 0x3)
[2022.01.29-09.56.09:450][  0]LogInit: FAudioDevice initialized.
[2022.01.29-09.56.09:473][  0]LogInit: Texture streaming: Enabled
[2022.01.29-09.56.09:484][  0]LogMaterial: Uniform references updated for custom material expression Custom.
[2022.01.29-09.56.09:611][  0]LogSlateStyle: Warning: Unable to find Slate Widget Style 'NormalText'. Using FTextBlockStyle defaults instead.
[2022.01.29-09.56.09:611][  0]LogSlateStyle: Warning: Unable to find Slate Widget Style 'SpinBox'. Using FSpinBoxStyle defaults instead.
[2022.01.29-09.56.09:715][  0]LogInit: Display: Game Engine Initialized.
[2022.01.29-09.56.09:715][  0]LogGameplayTags: Display: UGameplayTagsManager::DoneAddingNativeTags. DelegateIsBound: 0
[2022.01.29-09.56.09:783][  0]LogInit: Display: Starting Game.
[2022.01.29-09.56.09:783][  0]LogNet: Browse: /Temp/Autosaves/Game/UEDPCPlayground?Name=Player
[2022.01.29-09.56.09:783][  0]LogLoad: LoadMap: /Temp/Autosaves/Game/UEDPCPlayground?Name=Player
[2022.01.29-09.56.09:802][  0]LogMemory: Platform Memory Stats for Windows
[2022.01.29-09.56.09:802][  0]LogMemory: Process Physical Memory: 837.44 MB used, 962.98 MB peak
[2022.01.29-09.56.09:802][  0]LogMemory: Process Virtual Memory: 988.71 MB used, 1069.55 MB peak
[2022.01.29-09.56.09:802][  0]LogMemory: Physical Memory: 17236.64 MB used,  31752.68 MB free, 48989.32 MB total
[2022.01.29-09.56.09:802][  0]LogMemory: Virtual Memory: 5810.66 MB used,  31752.68 MB free, 134217728.00 MB total
[2022.01.29-09.56.09:802][  0]LogMemory: 
[2022.01.29-09.56.09:802][  0]Allocator Stats for TBB: (not implemented)
[2022.01.29-09.56.10:256][  0]LogBlueprint: Warning: [Compiler AICharacter] ProjectPointToNavigation_DEPRECATED  is deprecated; This version of ProjectPointToNavigation is deprecated. Please use the new version
[2022.01.29-09.56.10:256][  0]LogBlueprint: Warning: [Compiler AICharacter] ProjectPointToNavigation_DEPRECATED  is deprecated; This version of ProjectPointToNavigation is deprecated. Please use the new version
[2022.01.29-09.56.10:256][  0]LogBlueprint: Warning: [Compiler AICharacter] GetRandomReachablePointInRadius_DEPRECATED  is deprecated; This version of GetRandomReachablePointInRadius is deprecated. Please use the new version
[2022.01.29-09.56.10:406][  0]LogBlueprint: Warning: [Compiler AICharacter] [0006.70] Compile of AICharacter successful, but with 3 Warning(s) [in 232 ms] (/Game/Blueprints/AI/AICharacter.AICharacter)
[2022.01.29-09.56.10:726][  0]LogBlueprint: Warning: USimpleConstructionScript::FixupRootNodeParentReferences() - Couldn't find native parent component 'Arrow' for 'Arrow2' in BlueprintGeneratedClass 'ThirdPersonCharacter_C' (it may have been removed)
[2022.01.29-09.56.10:831][  0]LogAIModule: Creating AISystem for world Playground
[2022.01.29-09.56.10:831][  0]LogLoad: Game class is 'ThirdPersonMultiplayerMenu_C'
[2022.01.29-09.56.10:843][  0]PIE: Warning: Attempting to move a fully simulated skeletal mesh VehicleMesh. Please use the Teleport flag
[2022.01.29-09.56.10:852][  0]LogWorld: Bringing World /Temp/Autosaves/Game/UEDPCPlayground.Playground up for play (max tick rate 0) at 2022.01.29-02.56.10
[2022.01.29-09.56.10:854][  0]LogWorld: Bringing up level for play took: 0.021571
[2022.01.29-09.56.10:889][  0]LogBlueprintUserMessages: [ThirdPersonCharacter_1022] Game Loaded
[2022.01.29-09.56.10:890][  0]LogLoad: Took 1.107500 seconds to LoadMap(/Temp/Autosaves/Game/UEDPCPlayground)
[2022.01.29-09.56.10:996][  0]LogRenderer: Reallocating scene render targets to support 256x256 Format 10 NumSamples 1 (Frame:1).
[2022.01.29-09.56.10:996][  0]LogRenderer: Reallocating scene render targets to support 512x512 Format 10 NumSamples 1 (Frame:1).
[2022.01.29-09.56.10:996][  0]LogRenderer: Reallocating scene render targets to support 1280x720 Format 10 NumSamples 1 (Frame:1).
[2022.01.29-09.56.10:996][  0]LogLoad: (Engine Initialization) Total time: 7.29 seconds
[2022.01.29-09.56.10:996][  0]LogLoad: (Engine Initialization) Total Blueprint compile time: 0.00 seconds
[2022.01.29-09.56.10:996][  0]LogExternalProfiler: Found external profiler: VSPerf
[2022.01.29-09.56.10:996][  0]LogExternalProfiler: Using external profiler: VSPerf
[2022.01.29-09.56.11:032][  2]LogRenderer: Reallocating scene render targets to support 256x256 Format 10 NumSamples 1 (Frame:1).
[2022.01.29-09.56.11:047][  2]LogRenderer: Reallocating scene render targets to support 1280x720 Format 10 NumSamples 1 (Frame:2).
[2022.01.29-09.56.11:080][  3]LogRenderer: Reallocating scene render targets to support 512x512 Format 10 NumSamples 1 (Frame:3).
[2022.01.29-09.56.11:088][  3]LogRenderer: Reallocating scene render targets to support 1280x720 Format 10 NumSamples 1 (Frame:3).
[2022.01.29-09.56.13:917][175]LogScriptCore: Warning: Script Msg: Attempted to access index 1 from array 'TargetArray' of length 1 in '/Game/Blueprints/NewThingsToUse/NewInventory/UI_Inventory.UI_Inventory_C:SetWidgetStyle'!
[2022.01.29-09.56.13:917][175]LogScriptCore: Warning: Script Msg: Attempted to access index 1 from array 'Inventory' of length 1 in '/Game/Blueprints/Character/ThirdPersonCharacter.ThirdPersonCharacter_C'!
[2022.01.29-09.56.13:918][175]LogScriptCore: Warning: Script Msg: Attempted to access index 2 from array 'TargetArray' of length 1 in '/Game/Blueprints/NewThingsToUse/NewInventory/UI_Inventory.UI_Inventory_C:SetWidgetStyle'!
[2022.01.29-09.56.13:918][175]LogScriptCore: Warning: Script Msg: Attempted to access index 2 from array 'Inventory' of length 1 in '/Game/Blueprints/Character/ThirdPersonCharacter.ThirdPersonCharacter_C'!
[2022.01.29-09.56.13:918][175]LogScriptCore: Warning: Script Msg: Attempted to access index 3 from array 'TargetArray' of length 1 in '/Game/Blueprints/NewThingsToUse/NewInventory/UI_Inventory.UI_Inventory_C:SetWidgetStyle'!
[2022.01.29-09.56.13:918][175]LogScriptCore: Warning: Script Msg: Attempted to access index 3 from array 'Inventory' of length 1 in '/Game/Blueprints/Character/ThirdPersonCharacter.ThirdPersonCharacter_C'!
[2022.01.29-09.56.13:918][175]LogScriptCore: Warning: Script Msg: Attempted to access index 4 from array 'TargetArray' of length 1 in '/Game/Blueprints/NewThingsToUse/NewInventory/UI_Inventory.UI_Inventory_C:SetWidgetStyle'!
[2022.01.29-09.56.13:918][175]LogScriptCore: Warning: Script Msg: Attempted to access index 4 from array 'Inventory' of length 1 in '/Game/Blueprints/Character/ThirdPersonCharacter.ThirdPersonCharacter_C'!
[2022.01.29-09.56.13:918][175]LogScriptCore: Warning: Script Msg: Attempted to access index 5 from array 'TargetArray' of length 1 in '/Game/Blueprints/NewThingsToUse/NewInventory/UI_Inventory.UI_Inventory_C:SetWidgetStyle'!
[2022.01.29-09.56.13:918][175]LogScriptCore: Warning: Script Msg: Attempted to access index 5 from array 'Inventory' of length 1 in '/Game/Blueprints/Character/ThirdPersonCharacter.ThirdPersonCharacter_C'!
[2022.01.29-09.56.13:918][175]LogScriptCore: Warning: Script Msg: Attempted to access index 6 from array 'TargetArray' of length 1 in '/Game/Blueprints/NewThingsToUse/NewInventory/UI_Inventory.UI_Inventory_C:SetWidgetStyle'!
[2022.01.29-09.56.13:918][175]LogScriptCore: Warning: Script Msg: Attempted to access index 6 from array 'Inventory' of length 1 in '/Game/Blueprints/Character/ThirdPersonCharacter.ThirdPersonCharacter_C'!
[2022.01.29-09.56.13:918][175]LogScriptCore: Warning: Script Msg: Attempted to access index 7 from array 'TargetArray' of length 1 in '/Game/Blueprints/NewThingsToUse/NewInventory/UI_Inventory.UI_Inventory_C:SetWidgetStyle'!
[2022.01.29-09.56.13:918][175]LogScriptCore: Warning: Script Msg: Attempted to access index 7 from array 'Inventory' of length 1 in '/Game/Blueprints/Character/ThirdPersonCharacter.ThirdPersonCharacter_C'!
[2022.01.29-09.56.13:918][175]LogScriptCore: Warning: Script Msg: Attempted to access index 8 from array 'TargetArray' of length 1 in '/Game/Blueprints/NewThingsToUse/NewInventory/UI_Inventory.UI_Inventory_C:SetWidgetStyle'!
[2022.01.29-09.56.13:918][175]LogScriptCore: Warning: Script Msg: Attempted to access index 8 from array 'Inventory' of length 1 in '/Game/Blueprints/Character/ThirdPersonCharacter.ThirdPersonCharacter_C'!
[2022.01.29-09.56.13:918][175]LogScriptCore: Warning: Script Msg: Attempted to access index 9 from array 'TargetArray' of length 1 in '/Game/Blueprints/NewThingsToUse/NewInventory/UI_Inventory.UI_Inventory_C:SetWidgetStyle'!
[2022.01.29-09.56.13:918][175]LogScriptCore: Warning: Script Msg: Attempted to access index 9 from array 'Inventory' of length 1 in '/Game/Blueprints/Character/ThirdPersonCharacter.ThirdPersonCharacter_C'!
[2022.01.29-09.56.16:707][348]LogScriptCore: Warning: Script Msg: Attempted to access index 0 from array 'TargetArray' of length 0 in '/Game/Blueprints/NewThingsToUse/NewInventory/UI_Inventory.UI_Inventory_C:SetWidgetStyle'!
[2022.01.29-09.56.16:707][348]LogScriptCore: Warning: Script Msg: Attempted to access index 0 from array 'Inventory' of length 0 in '/Game/Blueprints/Character/ThirdPersonCharacter.ThirdPersonCharacter_C'!
[2022.01.29-09.56.16:707][348]LogScriptCore: Warning: Script Msg: Attempted to access index 1 from array 'TargetArray' of length 0 in '/Game/Blueprints/NewThingsToUse/NewInventory/UI_Inventory.UI_Inventory_C:SetWidgetStyle'!
[2022.01.29-09.56.16:707][348]LogScriptCore: Warning: Script Msg: Attempted to access index 1 from array 'Inventory' of length 0 in '/Game/Blueprints/Character/ThirdPersonCharacter.ThirdPersonCharacter_C'!
[2022.01.29-09.56.16:707][348]LogScriptCore: Warning: Script Msg: Attempted to access index 2 from array 'TargetArray' of length 0 in '/Game/Blueprints/NewThingsToUse/NewInventory/UI_Inventory.UI_Inventory_C:SetWidgetStyle'!
[2022.01.29-09.56.16:707][348]LogScriptCore: Warning: Script Msg: Attempted to access index 2 from array 'Inventory' of length 0 in '/Game/Blueprints/Character/ThirdPersonCharacter.ThirdPersonCharacter_C'!
[2022.01.29-09.56.16:707][348]LogScriptCore: Warning: Script Msg: Attempted to access index 3 from array 'TargetArray' of length 0 in '/Game/Blueprints/NewThingsToUse/NewInventory/UI_Inventory.UI_Inventory_C:SetWidgetStyle'!
[2022.01.29-09.56.16:707][348]LogScriptCore: Warning: Script Msg: Attempted to access index 3 from array 'Inventory' of length 0 in '/Game/Blueprints/Character/ThirdPersonCharacter.ThirdPersonCharacter_C'!
[2022.01.29-09.56.16:707][348]LogScriptCore: Warning: Script Msg: Attempted to access index 4 from array 'TargetArray' of length 0 in '/Game/Blueprints/NewThingsToUse/NewInventory/UI_Inventory.UI_Inventory_C:SetWidgetStyle'!
[2022.01.29-09.56.16:707][348]LogScriptCore: Warning: Script Msg: Attempted to access index 4 from array 'Inventory' of length 0 in '/Game/Blueprints/Character/ThirdPersonCharacter.ThirdPersonCharacter_C'!
[2022.01.29-09.56.16:707][348]LogScriptCore: Warning: Script Msg: Attempted to access index 5 from array 'TargetArray' of length 0 in '/Game/Blueprints/NewThingsToUse/NewInventory/UI_Inventory.UI_Inventory_C:SetWidgetStyle'!
[2022.01.29-09.56.16:707][348]LogScriptCore: Warning: Script Msg: Attempted to access index 5 from array 'Inventory' of length 0 in '/Game/Blueprints/Character/ThirdPersonCharacter.ThirdPersonCharacter_C'!
[2022.01.29-09.56.16:707][348]LogScriptCore: Warning: Script Msg: Attempted to access index 6 from array 'TargetArray' of length 0 in '/Game/Blueprints/NewThingsToUse/NewInventory/UI_Inventory.UI_Inventory_C:SetWidgetStyle'!
[2022.01.29-09.56.16:707][348]LogScriptCore: Warning: Script Msg: Attempted to access index 6 from array 'Inventory' of length 0 in '/Game/Blueprints/Character/ThirdPersonCharacter.ThirdPersonCharacter_C'!
[2022.01.29-09.56.16:708][348]LogScriptCore: Warning: Script Msg: Attempted to access index 7 from array 'TargetArray' of length 0 in '/Game/Blueprints/NewThingsToUse/NewInventory/UI_Inventory.UI_Inventory_C:SetWidgetStyle'!
[2022.01.29-09.56.16:708][348]LogScriptCore: Warning: Script Msg: Attempted to access index 7 from array 'Inventory' of length 0 in '/Game/Blueprints/Character/ThirdPersonCharacter.ThirdPersonCharacter_C'!
[2022.01.29-09.56.16:708][348]LogScriptCore: Warning: Script Msg: Attempted to access index 8 from array 'TargetArray' of length 0 in '/Game/Blueprints/NewThingsToUse/NewInventory/UI_Inventory.UI_Inventory_C:SetWidgetStyle'!
[2022.01.29-09.56.16:708][348]LogScriptCore: Warning: Script Msg: Attempted to access index 8 from array 'Inventory' of length 0 in '/Game/Blueprints/Character/ThirdPersonCharacter.ThirdPersonCharacter_C'!
[2022.01.29-09.56.16:708][348]LogScriptCore: Warning: Script Msg: Attempted to access index 9 from array 'TargetArray' of length 0 in '/Game/Blueprints/NewThingsToUse/NewInventory/UI_Inventory.UI_Inventory_C:SetWidgetStyle'!
[2022.01.29-09.56.16:708][348]LogScriptCore: Warning: Script Msg: Attempted to access index 9 from array 'Inventory' of length 0 in '/Game/Blueprints/Character/ThirdPersonCharacter.ThirdPersonCharacter_C'!
[2022.01.29-09.56.19:096][496]LogScriptCore: Warning: Script Msg: Attempted to access index 0 from array 'TargetArray' of length 0 in '/Game/Blueprints/NewThingsToUse/NewInventory/UI_Inventory.UI_Inventory_C:SetWidgetStyle'!
[2022.01.29-09.56.19:096][496]LogScriptCore: Warning: Script Msg: Attempted to access index 0 from array 'Inventory' of length 0 in '/Game/Blueprints/Character/ThirdPersonCharacter.ThirdPersonCharacter_C'!
[2022.01.29-09.56.19:096][496]LogScriptCore: Warning: Script Msg: Attempted to access index 1 from array 'TargetArray' of length 0 in '/Game/Blueprints/NewThingsToUse/NewInventory/UI_Inventory.UI_Inventory_C:SetWidgetStyle'!
[2022.01.29-09.56.19:096][496]LogScriptCore: Warning: Script Msg: Attempted to access index 1 from array 'Inventory' of length 0 in '/Game/Blueprints/Character/ThirdPersonCharacter.ThirdPersonCharacter_C'!
[2022.01.29-09.56.19:096][496]LogScriptCore: Warning: Script Msg: Attempted to access index 2 from array 'TargetArray' of length 0 in '/Game/Blueprints/NewThingsToUse/NewInventory/UI_Inventory.UI_Inventory_C:SetWidgetStyle'!
[2022.01.29-09.56.19:096][496]LogScriptCore: Warning: Script Msg: Attempted to access index 2 from array 'Inventory' of length 0 in '/Game/Blueprints/Character/ThirdPersonCharacter.ThirdPersonCharacter_C'!
[2022.01.29-09.56.19:096][496]LogScriptCore: Warning: Script Msg: Attempted to access index 3 from array 'TargetArray' of length 0 in '/Game/Blueprints/NewThingsToUse/NewInventory/UI_Inventory.UI_Inventory_C:SetWidgetStyle'!
[2022.01.29-09.56.19:097][496]LogScriptCore: Warning: Script Msg: Attempted to access index 3 from array 'Inventory' of length 0 in '/Game/Blueprints/Character/ThirdPersonCharacter.ThirdPersonCharacter_C'!
[2022.01.29-09.56.19:097][496]LogScriptCore: Warning: Script Msg: Attempted to access index 4 from array 'TargetArray' of length 0 in '/Game/Blueprints/NewThingsToUse/NewInventory/UI_Inventory.UI_Inventory_C:SetWidgetStyle'!
[2022.01.29-09.56.19:097][496]LogScriptCore: Warning: Script Msg: Attempted to access index 4 from array 'Inventory' of length 0 in '/Game/Blueprints/Character/ThirdPersonCharacter.ThirdPersonCharacter_C'!
[2022.01.29-09.56.19:097][496]LogScriptCore: Warning: Script Msg: Attempted to access index 5 from array 'TargetArray' of length 0 in '/Game/Blueprints/NewThingsToUse/NewInventory/UI_Inventory.UI_Inventory_C:SetWidgetStyle'!
[2022.01.29-09.56.19:097][496]LogScriptCore: Warning: Script Msg: Attempted to access index 5 from array 'Inventory' of length 0 in '/Game/Blueprints/Character/ThirdPersonCharacter.ThirdPersonCharacter_C'!
[2022.01.29-09.56.19:097][496]LogScriptCore: Warning: Script Msg: Attempted to access index 6 from array 'TargetArray' of length 0 in '/Game/Blueprints/NewThingsToUse/NewInventory/UI_Inventory.UI_Inventory_C:SetWidgetStyle'!
[2022.01.29-09.56.19:097][496]LogScriptCore: Warning: Script Msg: Attempted to access index 6 from array 'Inventory' of length 0 in '/Game/Blueprints/Character/ThirdPersonCharacter.ThirdPersonCharacter_C'!
[2022.01.29-09.56.19:097][496]LogScriptCore: Warning: Script Msg: Attempted to access index 7 from array 'TargetArray' of length 0 in '/Game/Blueprints/NewThingsToUse/NewInventory/UI_Inventory.UI_Inventory_C:SetWidgetStyle'!
[2022.01.29-09.56.19:097][496]LogScriptCore: Warning: Script Msg: Attempted to access index 7 from array 'Inventory' of length 0 in '/Game/Blueprints/Character/ThirdPersonCharacter.ThirdPersonCharacter_C'!
[2022.01.29-09.56.19:097][496]LogScriptCore: Warning: Script Msg: Attempted to access index 8 from array 'TargetArray' of length 0 in '/Game/Blueprints/NewThingsToUse/NewInventory/UI_Inventory.UI_Inventory_C:SetWidgetStyle'!
[2022.01.29-09.56.19:097][496]LogScriptCore: Warning: Script Msg: Attempted to access index 8 from array 'Inventory' of length 0 in '/Game/Blueprints/Character/ThirdPersonCharacter.ThirdPersonCharacter_C'!
[2022.01.29-09.56.19:097][496]LogScriptCore: Warning: Script Msg: Attempted to access index 9 from array 'TargetArray' of length 0 in '/Game/Blueprints/NewThingsToUse/NewInventory/UI_Inventory.UI_Inventory_C:SetWidgetStyle'!
[2022.01.29-09.56.19:097][496]LogScriptCore: Warning: Script Msg: Attempted to access index 9 from array 'Inventory' of length 0 in '/Game/Blueprints/Character/ThirdPersonCharacter.ThirdPersonCharacter_C'!
[2022.01.29-09.56.20:515][584]LogScriptCore: Warning: Script Msg: Attempted to access index 1 from array 'TargetArray' of length 1 in '/Game/Blueprints/NewThingsToUse/NewInventory/UI_Inventory.UI_Inventory_C:SetWidgetStyle'!
[2022.01.29-09.56.20:515][584]LogScriptCore: Warning: Script Msg: Attempted to access index 1 from array 'Inventory' of length 1 in '/Game/Blueprints/Character/ThirdPersonCharacter.ThirdPersonCharacter_C'!
[2022.01.29-09.56.20:515][584]LogScriptCore: Warning: Script Msg: Attempted to access index 2 from array 'TargetArray' of length 1 in '/Game/Blueprints/NewThingsToUse/NewInventory/UI_Inventory.UI_Inventory_C:SetWidgetStyle'!
[2022.01.29-09.56.20:515][584]LogScriptCore: Warning: Script Msg: Attempted to access index 2 from array 'Inventory' of length 1 in '/Game/Blueprints/Character/ThirdPersonCharacter.ThirdPersonCharacter_C'!
[2022.01.29-09.56.20:515][584]LogScriptCore: Warning: Script Msg: Attempted to access index 3 from array 'TargetArray' of length 1 in '/Game/Blueprints/NewThingsToUse/NewInventory/UI_Inventory.UI_Inventory_C:SetWidgetStyle'!
[2022.01.29-09.56.20:515][584]LogScriptCore: Warning: Script Msg: Attempted to access index 3 from array 'Inventory' of length 1 in '/Game/Blueprints/Character/ThirdPersonCharacter.ThirdPersonCharacter_C'!
[2022.01.29-09.56.20:515][584]LogScriptCore: Warning: Script Msg: Attempted to access index 4 from array 'TargetArray' of length 1 in '/Game/Blueprints/NewThingsToUse/NewInventory/UI_Inventory.UI_Inventory_C:SetWidgetStyle'!
[2022.01.29-09.56.20:515][584]LogScriptCore: Warning: Script Msg: Attempted to access index 4 from array 'Inventory' of length 1 in '/Game/Blueprints/Character/ThirdPersonCharacter.ThirdPersonCharacter_C'!
[2022.01.29-09.56.20:515][584]LogScriptCore: Warning: Script Msg: Attempted to access index 5 from array 'TargetArray' of length 1 in '/Game/Blueprints/NewThingsToUse/NewInventory/UI_Inventory.UI_Inventory_C:SetWidgetStyle'!
[2022.01.29-09.56.20:515][584]LogScriptCore: Warning: Script Msg: Attempted to access index 5 from array 'Inventory' of length 1 in '/Game/Blueprints/Character/ThirdPersonCharacter.ThirdPersonCharacter_C'!
[2022.01.29-09.56.20:515][584]LogScriptCore: Warning: Script Msg: Attempted to access index 6 from array 'TargetArray' of length 1 in '/Game/Blueprints/NewThingsToUse/NewInventory/UI_Inventory.UI_Inventory_C:SetWidgetStyle'!
[2022.01.29-09.56.20:515][584]LogScriptCore: Warning: Script Msg: Attempted to access index 6 from array 'Inventory' of length 1 in '/Game/Blueprints/Character/ThirdPersonCharacter.ThirdPersonCharacter_C'!
[2022.01.29-09.56.20:515][584]LogScriptCore: Warning: Script Msg: Attempted to access index 7 from array 'TargetArray' of length 1 in '/Game/Blueprints/NewThingsToUse/NewInventory/UI_Inventory.UI_Inventory_C:SetWidgetStyle'!
[2022.01.29-09.56.20:515][584]LogScriptCore: Warning: Script Msg: Attempted to access index 7 from array 'Inventory' of length 1 in '/Game/Blueprints/Character/ThirdPersonCharacter.ThirdPersonCharacter_C'!
[2022.01.29-09.56.20:515][584]LogScriptCore: Warning: Script Msg: Attempted to access index 8 from array 'TargetArray' of length 1 in '/Game/Blueprints/NewThingsToUse/NewInventory/UI_Inventory.UI_Inventory_C:SetWidgetStyle'!
[2022.01.29-09.56.20:515][584]LogScriptCore: Warning: Script Msg: Attempted to access index 8 from array 'Inventory' of length 1 in '/Game/Blueprints/Character/ThirdPersonCharacter.ThirdPersonCharacter_C'!
[2022.01.29-09.56.20:516][584]LogScriptCore: Warning: Script Msg: Attempted to access index 9 from array 'TargetArray' of length 1 in '/Game/Blueprints/NewThingsToUse/NewInventory/UI_Inventory.UI_Inventory_C:SetWidgetStyle'!
[2022.01.29-09.56.20:516][584]LogScriptCore: Warning: Script Msg: Attempted to access index 9 from array 'Inventory' of length 1 in '/Game/Blueprints/Character/ThirdPersonCharacter.ThirdPersonCharacter_C'!
[2022.01.29-09.56.20:517][584]LogScriptCore: Warning: Script Msg: Attempted to access index 1 from array 'TargetArray' of length 1 in '/Game/Blueprints/NewThingsToUse/NewInventory/UI_Inventory.UI_Inventory_C:SetWidgetStyle'!
[2022.01.29-09.56.20:517][584]LogScriptCore: Warning: Script Msg: Attempted to access index 1 from array 'Inventory' of length 1 in '/Game/Blueprints/Character/ThirdPersonCharacter.ThirdPersonCharacter_C'!
[2022.01.29-09.56.20:517][584]LogScriptCore: Warning: Script Msg: Attempted to access index 2 from array 'TargetArray' of length 1 in '/Game/Blueprints/NewThingsToUse/NewInventory/UI_Inventory.UI_Inventory_C:SetWidgetStyle'!
[2022.01.29-09.56.20:517][584]LogScriptCore: Warning: Script Msg: Attempted to access index 2 from array 'Inventory' of length 1 in '/Game/Blueprints/Character/ThirdPersonCharacter.ThirdPersonCharacter_C'!
[2022.01.29-09.56.20:517][584]LogScriptCore: Warning: Script Msg: Attempted to access index 3 from array 'TargetArray' of length 1 in '/Game/Blueprints/NewThingsToUse/NewInventory/UI_Inventory.UI_Inventory_C:SetWidgetStyle'!
[2022.01.29-09.56.20:517][584]LogScriptCore: Warning: Script Msg: Attempted to access index 3 from array 'Inventory' of length 1 in '/Game/Blueprints/Character/ThirdPersonCharacter.ThirdPersonCharacter_C'!
[2022.01.29-09.56.20:517][584]LogScriptCore: Warning: Script Msg: Attempted to access index 4 from array 'TargetArray' of length 1 in '/Game/Blueprints/NewThingsToUse/NewInventory/UI_Inventory.UI_Inventory_C:SetWidgetStyle'!
[2022.01.29-09.56.20:517][584]LogScriptCore: Warning: Script Msg: Attempted to access index 4 from array 'Inventory' of length 1 in '/Game/Blueprints/Character/ThirdPersonCharacter.ThirdPersonCharacter_C'!
[2022.01.29-09.56.20:517][584]LogScriptCore: Warning: Script Msg: Attempted to access index 5 from array 'TargetArray' of length 1 in '/Game/Blueprints/NewThingsToUse/NewInventory/UI_Inventory.UI_Inventory_C:SetWidgetStyle'!
[2022.01.29-09.56.20:517][584]LogScriptCore: Warning: Script Msg: Attempted to access index 5 from array 'Inventory' of length 1 in '/Game/Blueprints/Character/ThirdPersonCharacter.ThirdPersonCharacter_C'!
[2022.01.29-09.56.20:517][584]LogScriptCore: Warning: Script Msg: Attempted to access index 6 from array 'TargetArray' of length 1 in '/Game/Blueprints/NewThingsToUse/NewInventory/UI_Inventory.UI_Inventory_C:SetWidgetStyle'!
[2022.01.29-09.56.20:517][584]LogScriptCore: Warning: Script Msg: Attempted to access index 6 from array 'Inventory' of length 1 in '/Game/Blueprints/Character/ThirdPersonCharacter.ThirdPersonCharacter_C'!
[2022.01.29-09.56.20:518][584]LogScriptCore: Warning: Script Msg: Attempted to access index 7 from array 'TargetArray' of length 1 in '/Game/Blueprints/NewThingsToUse/NewInventory/UI_Inventory.UI_Inventory_C:SetWidgetStyle'!
[2022.01.29-09.56.20:518][584]LogScriptCore: Warning: Script Msg: Attempted to access index 7 from array 'Inventory' of length 1 in '/Game/Blueprints/Character/ThirdPersonCharacter.ThirdPersonCharacter_C'!
[2022.01.29-09.56.20:518][584]LogScriptCore: Warning: Script Msg: Attempted to access index 8 from array 'TargetArray' of length 1 in '/Game/Blueprints/NewThingsToUse/NewInventory/UI_Inventory.UI_Inventory_C:SetWidgetStyle'!
[2022.01.29-09.56.20:518][584]LogScriptCore: Warning: Script Msg: Attempted to access index 8 from array 'Inventory' of length 1 in '/Game/Blueprints/Character/ThirdPersonCharacter.ThirdPersonCharacter_C'!
[2022.01.29-09.56.20:518][584]LogScriptCore: Warning: Script Msg: Attempted to access index 9 from array 'TargetArray' of length 1 in '/Game/Blueprints/NewThingsToUse/NewInventory/UI_Inventory.UI_Inventory_C:SetWidgetStyle'!
[2022.01.29-09.56.20:518][584]LogScriptCore: Warning: Script Msg: Attempted to access index 9 from array 'Inventory' of length 1 in '/Game/Blueprints/Character/ThirdPersonCharacter.ThirdPersonCharacter_C'!
[2022.01.29-09.56.22:145][685]LogScriptCore: Warning: Script Msg: Attempted to access index 0 from array 'TargetArray' of length 0 in '/Game/Blueprints/NewThingsToUse/NewInventory/UI_Inventory.UI_Inventory_C:SetWidgetStyle'!
[2022.01.29-09.56.22:145][685]LogScriptCore: Warning: Script Msg: Attempted to access index 0 from array 'Inventory' of length 0 in '/Game/Blueprints/Character/ThirdPersonCharacter.ThirdPersonCharacter_C'!
[2022.01.29-09.56.22:145][685]LogScriptCore: Warning: Script Msg: Attempted to access index 1 from array 'TargetArray' of length 0 in '/Game/Blueprints/NewThingsToUse/NewInventory/UI_Inventory.UI_Inventory_C:SetWidgetStyle'!
[2022.01.29-09.56.22:145][685]LogScriptCore: Warning: Script Msg: Attempted to access index 1 from array 'Inventory' of length 0 in '/Game/Blueprints/Character/ThirdPersonCharacter.ThirdPersonCharacter_C'!
[2022.01.29-09.56.22:145][685]LogScriptCore: Warning: Script Msg: Attempted to access index 2 from array 'TargetArray' of length 0 in '/Game/Blueprints/NewThingsToUse/NewInventory/UI_Inventory.UI_Inventory_C:SetWidgetStyle'!
[2022.01.29-09.56.22:145][685]LogScriptCore: Warning: Script Msg: Attempted to access index 2 from array 'Inventory' of length 0 in '/Game/Blueprints/Character/ThirdPersonCharacter.ThirdPersonCharacter_C'!
[2022.01.29-09.56.22:146][685]LogScriptCore: Warning: Script Msg: Attempted to access index 3 from array 'TargetArray' of length 0 in '/Game/Blueprints/NewThingsToUse/NewInventory/UI_Inventory.UI_Inventory_C:SetWidgetStyle'!
[2022.01.29-09.56.22:146][685]LogScriptCore: Warning: Script Msg: Attempted to access index 3 from array 'Inventory' of length 0 in '/Game/Blueprints/Character/ThirdPersonCharacter.ThirdPersonCharacter_C'!
[2022.01.29-09.56.22:146][685]LogScriptCore: Warning: Script Msg: Attempted to access index 4 from array 'TargetArray' of length 0 in '/Game/Blueprints/NewThingsToUse/NewInventory/UI_Inventory.UI_Inventory_C:SetWidgetStyle'!
[2022.01.29-09.56.22:146][685]LogScriptCore: Warning: Script Msg: Attempted to access index 4 from array 'Inventory' of length 0 in '/Game/Blueprints/Character/ThirdPersonCharacter.ThirdPersonCharacter_C'!
[2022.01.29-09.56.22:146][685]LogScriptCore: Warning: Script Msg: Attempted to access index 5 from array 'TargetArray' of length 0 in '/Game/Blueprints/NewThingsToUse/NewInventory/UI_Inventory.UI_Inventory_C:SetWidgetStyle'!
[2022.01.29-09.56.22:146][685]LogScriptCore: Warning: Script Msg: Attempted to access index 5 from array 'Inventory' of length 0 in '/Game/Blueprints/Character/ThirdPersonCharacter.ThirdPersonCharacter_C'!
[2022.01.29-09.56.22:146][685]LogScriptCore: Warning: Script Msg: Attempted to access index 6 from array 'TargetArray' of length 0 in '/Game/Blueprints/NewThingsToUse/NewInventory/UI_Inventory.UI_Inventory_C:SetWidgetStyle'!
[2022.01.29-09.56.22:146][685]LogScriptCore: Warning: Script Msg: Attempted to access index 6 from array 'Inventory' of length 0 in '/Game/Blueprints/Character/ThirdPersonCharacter.ThirdPersonCharacter_C'!
[2022.01.29-09.56.22:146][685]LogScriptCore: Warning: Script Msg: Attempted to access index 7 from array 'TargetArray' of length 0 in '/Game/Blueprints/NewThingsToUse/NewInventory/UI_Inventory.UI_Inventory_C:SetWidgetStyle'!
[2022.01.29-09.56.22:146][685]LogScriptCore: Warning: Script Msg: Attempted to access index 7 from array 'Inventory' of length 0 in '/Game/Blueprints/Character/ThirdPersonCharacter.ThirdPersonCharacter_C'!
[2022.01.29-09.56.22:146][685]LogScriptCore: Warning: Script Msg: Attempted to access index 8 from array 'TargetArray' of length 0 in '/Game/Blueprints/NewThingsToUse/NewInventory/UI_Inventory.UI_Inventory_C:SetWidgetStyle'!
[2022.01.29-09.56.22:146][685]LogScriptCore: Warning: Script Msg: Attempted to access index 8 from array 'Inventory' of length 0 in '/Game/Blueprints/Character/ThirdPersonCharacter.ThirdPersonCharacter_C'!
[2022.01.29-09.56.22:146][685]LogScriptCore: Warning: Script Msg: Attempted to access index 9 from array 'TargetArray' of length 0 in '/Game/Blueprints/NewThingsToUse/NewInventory/UI_Inventory.UI_Inventory_C:SetWidgetStyle'!
[2022.01.29-09.56.22:146][685]LogScriptCore: Warning: Script Msg: Attempted to access index 9 from array 'Inventory' of length 0 in '/Game/Blueprints/Character/ThirdPersonCharacter.ThirdPersonCharacter_C'!
[2022.01.29-09.56.25:665][903]LogSlate: Took 0.000336 seconds to synchronously load lazily loaded font '../../../Engine/Content/Slate/Fonts/Roboto-Regular.ttf' (155K)
[2022.01.29-09.56.27:425][  4]LogWindowsTextInputMethodSystem: Display: IME system now deactivated.
[2022.01.29-09.56.27:432][  4]LogWindowsTextInputMethodSystem: Display: IME system now deactivated.
[2022.01.29-09.56.27:433][  4]LogEngine: All Windows Closed
[2022.01.29-09.56.27:433][  4]LogWindows: FPlatformMisc::RequestExit(0)
[2022.01.29-09.56.28:300][  5]LogExit: Preparing to exit.
[2022.01.29-09.56.28:300][  5]LogMoviePlayer: Shutting down movie player
[2022.01.29-09.56.28:874][  5]LogExit: Game engine shut down
[2022.01.29-09.56.28:918][  5]LogExit: Object subsystem successfully closed.
[2022.01.29-09.56.28:937][  5]LogD3D11RHI: Shutdown
[2022.01.29-09.56.28:937][  5]LogD3D11RHI: CleanupD3DDevice
[2022.01.29-09.56.28:938][  5]LogD3D11RHI: ~FD3D11DynamicRHI
[2022.01.29-09.56.28:941][  5]LogModuleManager: Shutting down and abandoning module SequenceRecorderSections (307)
[2022.01.29-09.56.28:941][  5]LogModuleManager: Shutting down and abandoning module SequenceRecorder (305)
[2022.01.29-09.56.28:941][  5]LogModuleManager: Shutting down and abandoning module AutomationController (303)
[2022.01.29-09.56.28:941][  5]LogModuleManager: Shutting down and abandoning module AutomationWorker (301)
[2022.01.29-09.56.28:941][  5]LogModuleManager: Shutting down and abandoning module Voice (299)
[2022.01.29-09.56.28:941][  5]LogModuleManager: Shutting down and abandoning module AIModule (297)
[2022.01.29-09.56.28:941][  5]LogModuleManager: Shutting down and abandoning module GameplayDebugger (296)
[2022.01.29-09.56.28:941][  5]LogModuleManager: Shutting down and abandoning module AITestSuite (294)
[2022.01.29-09.56.28:941][  5]LogModuleManager: Shutting down and abandoning module WmfMediaFactory (291)
[2022.01.29-09.56.28:941][  5]LogModuleManager: Shutting down and abandoning module AvfMediaFactory (289)
[2022.01.29-09.56.28:941][  5]LogModuleManager: Shutting down and abandoning module AndroidMediaFactory (287)
[2022.01.29-09.56.28:941][  5]LogModuleManager: Shutting down and abandoning module Media (286)
[2022.01.29-09.56.28:941][  5]LogModuleManager: Shutting down and abandoning module CharacterAI (283)
[2022.01.29-09.56.28:941][  5]LogModuleManager: Shutting down and abandoning module SessionServices (281)
[2022.01.29-09.56.28:941][  5]LogModuleManager: Shutting down and abandoning module MovieSceneCapture (279)
[2022.01.29-09.56.28:941][  5]LogModuleManager: Shutting down and abandoning module MovieSceneTracks (277)
[2022.01.29-09.56.28:941][  5]LogModuleManager: Shutting down and abandoning module MovieScene (275)
[2022.01.29-09.56.28:941][  5]LogModuleManager: Shutting down and abandoning module GeometryCache (273)
[2022.01.29-09.56.28:941][  5]LogModuleManager: Shutting down and abandoning module GeometryCacheEd (272)
[2022.01.29-09.56.28:941][  5]LogModuleManager: Shutting down and abandoning module Niagara (269)
[2022.01.29-09.56.28:941][  5]LogModuleManager: Shutting down and abandoning module NiagaraEditor (268)
[2022.01.29-09.56.28:941][  5]LogModuleManager: Shutting down and abandoning module StreamingPauseRendering (265)
[2022.01.29-09.56.28:941][  5]LogModuleManager: Shutting down and abandoning module PortalServices (263)
[2022.01.29-09.56.28:941][  5]LogModuleManager: Shutting down and abandoning module PortalRpc (261)
[2022.01.29-09.56.28:941][  5]LogModuleManager: Shutting down and abandoning module MessagingRpc (259)
[2022.01.29-09.56.28:941][  5]LogModuleManager: Shutting down and abandoning module ProfilerService (257)
[2022.01.29-09.56.29:037][  5]LogModuleManager: Shutting down and abandoning module TaskGraph (255)
[2022.01.29-09.56.29:037][  5]LogModuleManager: Shutting down and abandoning module SteamVRController (253)
[2022.01.29-09.56.29:037][  5]LogModuleManager: Shutting down and abandoning module ProceduralMeshComponent (251)
[2022.01.29-09.56.29:037][  5]LogModuleManager: Shutting down and abandoning module OculusInput (249)
[2022.01.29-09.56.29:037][  5]LogModuleManager: Shutting down and abandoning module MobilePatchingUtils (247)
[2022.01.29-09.56.29:037][  5]LogModuleManager: Shutting down and abandoning module CustomMeshComponent (245)
[2022.01.29-09.56.29:037][  5]LogModuleManager: Shutting down and abandoning module CableComponent (243)
[2022.01.29-09.56.29:037][  5]LogModuleManager: Shutting down and abandoning module ArchVisCharacter (241)
[2022.01.29-09.56.29:037][  5]LogModuleManager: Shutting down and abandoning module AndroidPermission (239)
[2022.01.29-09.56.29:037][  5]LogModuleManager: Shutting down and abandoning module HTML5Networking (237)
[2022.01.29-09.56.29:037][  5]LogModuleManager: Shutting down and abandoning module VisualStudioSourceCodeAccess (235)
[2022.01.29-09.56.29:037][  5]LogModuleManager: Shutting down and abandoning module DesktopPlatform (234)
[2022.01.29-09.56.29:037][  5]LogModuleManager: Shutting down and abandoning module HotReload (232)
[2022.01.29-09.56.29:037][  5]LogModuleManager: Shutting down and abandoning module UObjectPlugin (229)
[2022.01.29-09.56.29:037][  5]LogModuleManager: Shutting down and abandoning module SubversionSourceControl (227)
[2022.01.29-09.56.29:037][  5]LogModuleManager: Shutting down and abandoning module PerforceSourceControl (225)
[2022.01.29-09.56.29:037][  5]LogModuleManager: Shutting down and abandoning module SourceControl (224)
[2022.01.29-09.56.29:037][  5]LogModuleManager: Shutting down and abandoning module RuntimePhysXCooking (221)
[2022.01.29-09.56.29:037][  5]LogModuleManager: Shutting down and abandoning module PhysXVehiclesEditor (219)
[2022.01.29-09.56.29:038][  5]LogModuleManager: Shutting down and abandoning module PhysXVehicles (217)
[2022.01.29-09.56.29:038][  5]LogModuleManager: Shutting down and abandoning module LocationServicesBPLibrary (215)
[2022.01.29-09.56.29:038][  5]LogModuleManager: Shutting down and abandoning module ImmediatePhysicsEditor (213)
[2022.01.29-09.56.29:038][  5]LogModuleManager: Shutting down and abandoning module ImmediatePhysics (211)
[2022.01.29-09.56.29:038][  5]LogModuleManager: Shutting down and abandoning module UdpMessaging (209)
[2022.01.29-09.56.29:138][  5]LogModuleManager: Shutting down and abandoning module TcpMessaging (207)
[2022.01.29-09.56.29:712][  5]LogModuleManager: Shutting down and abandoning module GameplayTagsEditor (205)
[2022.01.29-09.56.29:712][  5]LogModuleManager: Shutting down and abandoning module FacialAnimation (203)
[2022.01.29-09.56.29:712][  5]LogModuleManager: Shutting down and abandoning module AssetManagerEditor (201)
[2022.01.29-09.56.29:712][  5]LogModuleManager: Shutting down and abandoning module GraphEditor (200)
[2022.01.29-09.56.29:712][  5]LogModuleManager: Shutting down and abandoning module ContentBrowser (198)
[2022.01.29-09.56.29:712][  5]LogModuleManager: Shutting down and abandoning module CollectionManager (197)
[2022.01.29-09.56.29:712][  5]LogDirectoryWatcher: A directory notification for 'D:/Documents/Unreal_Things/GameScripting_218 - Backup 4.17/Content/Collections/' was aborted.
[2022.01.29-09.56.29:712][  5]LogDirectoryWatcher: A directory notification for 'D:/Documents/Unreal_Things/GameScripting_218 - Backup 4.17/Content/Developers/Dakota/Collections/' was aborted.
[2022.01.29-09.56.29:712][  5]LogDirectoryWatcher: A directory notification for 'D:/Documents/Unreal_Things/GameScripting_218 - Backup 4.17/Saved/Collections/' was aborted.
[2022.01.29-09.56.29:712][  5]LogModuleManager: Shutting down and abandoning module DirectoryWatcher (196)
[2022.01.29-09.56.29:712][  5]LogModuleManager: Shutting down and abandoning module LightPropagationVolumeRuntime (191)
[2022.01.29-09.56.29:712][  5]LogModuleManager: Shutting down and abandoning module Paper2D (189)
[2022.01.29-09.56.29:712][  5]LogModuleManager: Shutting down and abandoning module WindowsMoviePlayer (187)
[2022.01.29-09.56.29:712][  5]LogModuleManager: Shutting down and abandoning module WmfMedia (185)
[2022.01.29-09.56.29:714][  5]LogModuleManager: Shutting down and abandoning module PacketHandler (183)
[2022.01.29-09.56.29:714][  5]LogModuleManager: Shutting down and abandoning module ClothingSystemEditor (181)
[2022.01.29-09.56.29:714][  5]LogModuleManager: Shutting down and abandoning module ClothingSystemRuntime (179)
[2022.01.29-09.56.29:714][  5]LogModuleManager: Shutting down and abandoning module Overlay (177)
[2022.01.29-09.56.29:714][  5]LogModuleManager: Shutting down and abandoning module OverlayEditor (176)
[2022.01.29-09.56.29:714][  5]LogModuleManager: Shutting down and abandoning module MediaAssets (173)
[2022.01.29-09.56.29:714][  5]LogModuleManager: Shutting down and abandoning module VREditor (171)
[2022.01.29-09.56.29:714][  5]LogModuleManager: Shutting down and abandoning module StringTableEditor (169)
[2022.01.29-09.56.29:714][  5]LogModuleManager: Shutting down and abandoning module GameplayTasksEditor (167)
[2022.01.29-09.56.29:714][  5]LogModuleManager: Shutting down and abandoning module BehaviorTreeEditor (165)
[2022.01.29-09.56.29:714][  5]LogModuleManager: Shutting down and abandoning module FunctionalTesting (163)
[2022.01.29-09.56.29:714][  5]LogModuleManager: Shutting down and abandoning module CollisionAnalyzer (161)
[2022.01.29-09.56.29:714][  5]LogModuleManager: Shutting down and abandoning module WorkspaceMenuStructure (160)
[2022.01.29-09.56.29:714][  5]LogModuleManager: Shutting down and abandoning module UMG (157)
[2022.01.29-09.56.29:714][  5]LogModuleManager: Shutting down and abandoning module UMGEditor (156)
[2022.01.29-09.56.29:714][  5]LogModuleManager: Shutting down and abandoning module Sequencer (155)
[2022.01.29-09.56.29:714][  5]LogModuleManager: Shutting down and abandoning module MessageLog (152)
[2022.01.29-09.56.29:714][  5]LogModuleManager: Shutting down and abandoning module SlateReflector (147)
[2022.01.29-09.56.29:714][  5]LogModuleManager: Shutting down and abandoning module Slate (145)
[2022.01.29-09.56.29:714][  5]LogModuleManager: Shutting down and abandoning module EditorStyle (143)
[2022.01.29-09.56.29:715][  5]LogModuleManager: Shutting down and abandoning module MRMesh (141)
[2022.01.29-09.56.29:715][  5]LogModuleManager: Shutting down and abandoning module Messaging (139)
[2022.01.29-09.56.29:715][  5]LogModuleManager: Shutting down and abandoning module SourceCodeAccess (137)
[2022.01.29-09.56.29:715][  5]LogModuleManager: Shutting down and abandoning module HeadMountedDisplay (135)
[2022.01.29-09.56.29:715][  5]LogModuleManager: Shutting down and abandoning module XAudio2 (133)
[2022.01.29-09.56.29:715][  5]LogModuleManager: Shutting down and abandoning module Networking (131)
[2022.01.29-09.56.29:715][  5]LogModuleManager: Shutting down and abandoning module Core (129)
[2022.01.29-09.56.29:715][  5]LogModuleManager: Shutting down and abandoning module KismetCompiler (127)
[2022.01.29-09.56.29:715][  5]LogModuleManager: Shutting down and abandoning module LevelSequence (125)
[2022.01.29-09.56.29:715][  5]LogModuleManager: Shutting down and abandoning module MeshUtilities (123)
[2022.01.29-09.56.29:715][  5]LogModuleManager: Shutting down and abandoning module MeshMergeUtilities (122)
[2022.01.29-09.56.29:715][  5]LogModuleManager: Shutting down and abandoning module MeshReductionInterface (121)
[2022.01.29-09.56.29:715][  5]LogModuleManager: Shutting down and abandoning module SimplygonSwarm (120)
[2022.01.29-09.56.29:715][  5]LogModuleManager: Shutting down and abandoning module SimplygonMeshReduction (118)
[2022.01.29-09.56.29:715][  5]LogModuleManager: Shutting down and abandoning module QuadricMeshReduction (116)
[2022.01.29-09.56.29:715][  5]LogModuleManager: Shutting down and abandoning module MaterialBaking (112)
[2022.01.29-09.56.29:715][  5]LogModuleManager: Shutting down and abandoning module DerivedDataCache (107)
[2022.01.29-09.56.30:142][  5]LogDerivedDataCache: Shutdown
[2022.01.29-09.56.30:142][  5]LogModuleManager: Shutting down and abandoning module TargetPlatform (105)
[2022.01.29-09.56.30:142][  5]LogModuleManager: Shutting down and abandoning module VulkanShaderFormat (104)
[2022.01.29-09.56.30:142][  5]LogModuleManager: Shutting down and abandoning module ShaderFormatVectorVM (102)
[2022.01.29-09.56.30:142][  5]LogModuleManager: Shutting down and abandoning module ShaderFormatOpenGL (100)
[2022.01.29-09.56.30:142][  5]LogModuleManager: Shutting down and abandoning module ShaderFormatD3D (98)
[2022.01.29-09.56.30:142][  5]LogModuleManager: Shutting down and abandoning module MetalShaderFormat (96)
[2022.01.29-09.56.30:142][  5]LogModuleManager: Shutting down and abandoning module TextureFormatUncompressed (94)
[2022.01.29-09.56.30:142][  5]LogModuleManager: Shutting down and abandoning module TextureFormatPVR (92)
[2022.01.29-09.56.30:142][  5]LogModuleManager: Shutting down and abandoning module TextureFormatDXT (90)
[2022.01.29-09.56.30:142][  5]LogModuleManager: Shutting down and abandoning module TextureFormatIntelISPCTexComp (88)
[2022.01.29-09.56.30:142][  5]LogModuleManager: Shutting down and abandoning module TextureFormatASTC (86)
[2022.01.29-09.56.30:142][  5]LogModuleManager: Shutting down and abandoning module ImageWrapper (85)
[2022.01.29-09.56.30:142][  5]LogModuleManager: Shutting down and abandoning module TextureFormatAndroid (82)
[2022.01.29-09.56.30:142][  5]LogModuleManager: Shutting down and abandoning module AudioFormatOpus (80)
[2022.01.29-09.56.30:142][  5]LogModuleManager: Shutting down and abandoning module AudioFormatOgg (78)
[2022.01.29-09.56.30:142][  5]LogModuleManager: Shutting down and abandoning module AudioFormatADPCM (76)
[2022.01.29-09.56.30:142][  5]LogModuleManager: Shutting down and abandoning module WindowsTargetPlatform (74)
[2022.01.29-09.56.30:142][  5]LogModuleManager: Shutting down and abandoning module WindowsServerTargetPlatform (72)
[2022.01.29-09.56.30:142][  5]LogModuleManager: Shutting down and abandoning module WindowsNoEditorTargetPlatform (70)
[2022.01.29-09.56.30:142][  5]LogModuleManager: Shutting down and abandoning module WindowsClientTargetPlatform (68)
[2022.01.29-09.56.30:142][  5]LogModuleManager: Shutting down and abandoning module InputCore (65)
[2022.01.29-09.56.30:142][  5]LogModuleManager: Shutting down and abandoning module Settings (63)
[2022.01.29-09.56.30:142][  5]LogModuleManager: Shutting down and abandoning module PhysXCooking (61)
[2022.01.29-09.56.30:143][  5]LogModuleManager: Shutting down and abandoning module SteamVR (59)
[2022.01.29-09.56.30:143][  5]LogModuleManager: Shutting down and abandoning module OculusHMD (57)
[2022.01.29-09.56.30:143][  5]LogModuleManager: Shutting down and abandoning module ExampleDeviceProfileSelector (55)
[2022.01.29-09.56.30:143][  5]LogModuleManager: Shutting down and abandoning module OnlineBlueprintSupport (53)
[2022.01.29-09.56.30:143][  5]LogModuleManager: Shutting down and abandoning module OnlineSubsystem (49)
[2022.01.29-09.56.30:143][  5]LogOnline: Display: OSS: FOnlineSubsystemNull::Shutdown()
[2022.01.29-09.56.30:143][  5]LogOnline: Display: OSS: FOnlineAsyncTaskManager::Stop() ActiveTask:0000000000000000 Tasks[0/0]
[2022.01.29-09.56.30:143][  5]LogOnline: Display: OSS: FOnlineAsyncTaskManager::Exit() started
[2022.01.29-09.56.30:143][  5]LogOnline: Display: OSS: FOnlineAsyncTaskManager::Exit() finished
[2022.01.29-09.56.30:143][  5]LogOnline: Display: Unloading online subsystem: NULL
[2022.01.29-09.56.30:143][  5]LogModuleManager: Shutting down and abandoning module XMPP (43)
[2022.01.29-09.56.30:143][  5]LogModuleManager: Shutting down and abandoning module HTTP (41)
[2022.01.29-09.56.30:167][  5]LogModuleManager: Shutting down and abandoning module SSL (40)
[2022.01.29-09.56.30:168][  5]LogModuleManager: Shutting down and abandoning module AnimationModifiers (36)
[2022.01.29-09.56.30:168][  5]LogModuleManager: Shutting down and abandoning module PropertyEditor (35)
[2022.01.29-09.56.30:168][  5]LogModuleManager: Shutting down and abandoning module AudioEditor (32)
[2022.01.29-09.56.30:168][  5]LogModuleManager: Shutting down and abandoning module TextureCompressor (30)
[2022.01.29-09.56.30:168][  5]LogModuleManager: Shutting down and abandoning module ShaderCore (28)
[2022.01.29-09.56.30:168][  5]LogModuleManager: Shutting down and abandoning module Landscape (26)
[2022.01.29-09.56.30:168][  5]LogModuleManager: Shutting down and abandoning module SlateRHIRenderer (24)
[2022.01.29-09.56.30:168][  5]LogModuleManager: Shutting down and abandoning module OpenGLDrv (22)
[2022.01.29-09.56.30:168][  5]LogModuleManager: Shutting down and abandoning module D3D11RHI (20)
[2022.01.29-09.56.30:168][  5]LogModuleManager: Shutting down and abandoning module AnimGraphRuntime (18)
[2022.01.29-09.56.30:168][  5]LogModuleManager: Shutting down and abandoning module Renderer (16)
[2022.01.29-09.56.30:168][  5]LogModuleManager: Shutting down and abandoning module Engine (14)
[2022.01.29-09.56.30:168][  5]LogModuleManager: Shutting down and abandoning module CoreUObject (12)
[2022.01.29-09.56.30:168][  5]LogModuleManager: Shutting down and abandoning module NetworkFile (10)
[2022.01.29-09.56.30:168][  5]LogModuleManager: Shutting down and abandoning module CookedIterativeFile (8)
[2022.01.29-09.56.30:168][  5]LogModuleManager: Shutting down and abandoning module StreamingFile (6)
[2022.01.29-09.56.30:168][  5]LogModuleManager: Shutting down and abandoning module SandboxFile (4)
[2022.01.29-09.56.30:168][  5]LogModuleManager: Shutting down and abandoning module PakFile (2)
[2022.01.29-09.56.30:171][  5]LogExit: Exiting.
[2022.01.29-09.56.30:172][  5]Log file closed, 01/29/22 02:56:30
