Log file open, 01/12/22 12:43:22
LogWindows: Failed to load 'aqProf.dll' (GetLastError=126)
LogWindows: File 'aqProf.dll' does not exist
LogWindows: Failed to load 'VtuneApi.dll' (GetLastError=126)
LogWindows: File 'VtuneApi.dll' does not exist
LogWindows: Failed to load 'VtuneApi32e.dll' (GetLastError=126)
LogWindows: File 'VtuneApi32e.dll' does not exist
LogInit: Display: Running engine for game: GameScripting_218
LogPlatformFile: Not using cached read wrapper
LogInit: Display: RandInit(956420738) SRandInit(956420738).
LogTaskGraph: Started task graph with 5 named threads and 26 total threads with 3 sets of task threads.
LogStats: Stats thread started at 0.286385
LogD3D11RHI: Aftermath initialized
LogPluginManager: Mounting plugin Paper2D
LogPluginManager: Mounting plugin LightPropagationVolume
LogPluginManager: Mounting plugin CodeLiteSourceCodeAccess
LogPluginManager: Mounting plugin GitSourceControl
LogPluginManager: Mounting plugin KDevelopSourceCodeAccess
LogPluginManager: Mounting plugin NullSourceCodeAccess
LogPluginManager: Mounting plugin PerforceSourceControl
LogPluginManager: Mounting plugin SubversionSourceControl
LogPluginManager: Mounting plugin UObjectPlugin
LogPluginManager: Mounting plugin VisualStudioSourceCodeAccess
LogPluginManager: Mounting plugin XCodeSourceCodeAccess
LogPluginManager: Mounting plugin AssetManagerEditor
LogPluginManager: Mounting plugin AudioCapture
LogPluginManager: Mounting plugin FacialAnimation
LogPluginManager: Mounting plugin GameplayTagsEditor
LogPluginManager: Mounting plugin MobileLauncherProfileWizard
LogPluginManager: Mounting plugin PluginBrowser
LogPluginManager: Mounting plugin SpeedTreeImporter
LogPluginManager: Mounting plugin AlembicImporter
LogPluginManager: Mounting plugin CharacterAI
LogPluginManager: Mounting plugin HTML5Networking
LogPluginManager: Mounting plugin AndroidMedia
LogPluginManager: Mounting plugin AvfMedia
LogPluginManager: Mounting plugin MediaPlayerEditor
LogPluginManager: Mounting plugin WmfMedia
LogPluginManager: Mounting plugin TcpMessaging
LogPluginManager: Mounting plugin UdpMessaging
LogPluginManager: Mounting plugin LevelSequenceEditor
LogPluginManager: Mounting plugin MatineeToLevelSequence
LogPluginManager: Mounting plugin OnlineSubsystemGooglePlay
LogPluginManager: Mounting plugin OnlineSubsystemIOS
LogPluginManager: Mounting plugin OnlineSubsystem
LogPluginManager: Mounting plugin OnlineSubsystemNull
LogPluginManager: Mounting plugin OnlineSubsystemUtils
LogPluginManager: Mounting plugin AndroidDeviceProfileSelector
LogPluginManager: Mounting plugin AndroidMoviePlayer
LogPluginManager: Mounting plugin AndroidPermission
LogPluginManager: Mounting plugin AppleMoviePlayer
LogPluginManager: Mounting plugin ArchVisCharacter
LogPluginManager: Mounting plugin CableComponent
LogPluginManager: Mounting plugin CustomMeshComponent
LogPluginManager: Mounting plugin ExampleDeviceProfileSelector
LogPluginManager: Mounting plugin GoogleCloudMessaging
LogPluginManager: Mounting plugin ImmediatePhysics
LogPluginManager: Mounting plugin IOSDeviceProfileSelector
LogPluginManager: Mounting plugin LinuxDeviceProfileSelector
LogPluginManager: Mounting plugin LocationServicesBPLibrary
LogPluginManager: Mounting plugin MobilePatchingUtils
LogPluginManager: Mounting plugin OculusVR
LogPluginManager: Mounting plugin PhysXVehicles
LogPluginManager: Mounting plugin ProceduralMeshComponent
LogPluginManager: Mounting plugin RuntimePhysXCooking
LogPluginManager: Mounting plugin SteamVR
LogPluginManager: Mounting plugin WindowsMoviePlayer
LogInit: Using libcurl 7.47.1
LogInit:  - built for x86_64-pc-win32
LogInit:  - supports SSL with OpenSSL/1.0.2g
LogInit:  - supports HTTP deflate (compression) using libz 1.2.8
LogInit:  - other features:
LogInit:      CURL_VERSION_SSL
LogInit:      CURL_VERSION_LIBZ
LogInit:      CURL_VERSION_IPV6
LogInit:      CURL_VERSION_ASYNCHDNS
LogInit:      CURL_VERSION_LARGEFILE
LogInit:      CURL_VERSION_IDN
LogInit:  CurlRequestOptions (configurable via config and command line):
LogInit:  - bVerifyPeer = false  - Libcurl will NOT verify peer certificate
LogInit:  - bUseHttpProxy = false  - Libcurl will NOT use HTTP proxy
LogInit:  - bDontReuseConnections = false  - Libcurl will reuse connections
LogInit:  - CertBundlePath = nullptr  - Libcurl will use whatever was configured at build time.
LogModuleManager: Warning: No filename provided for module OnlineSubsystemLAN
LogModuleManager: Warning: ModuleManager: Unable to load module 'OnlineSubsystemLAN' because the file 'D:/SteamLibrary/UE_4.17/Engine/Binaries/Win64/' was not found.
LogInit: WinSock: version 1.1 (2.2), MaxSocks=32767, MaxUdp=65467
LogHMD: Failed initializing OVRPlugin 1.15.0
LogInit: Build: ++UE4+Release-4.17-CL-3658906
LogInit: Engine Version: 4.17.2-3658906+++UE4+Release-4.17
LogInit: Compatible Engine Version: 4.17.0-3573198+++UE4+Release-4.17
LogInit: Net CL: 3573198
LogDevObjectVersion: Number of dev versions registered: 16
LogDevObjectVersion:   Dev-Blueprints (B0D832E4-1F89-4F0D-ACCF-7EB736FD4AA2): 10
LogDevObjectVersion:   Dev-Build (E1C64328-A22C-4D53-A36C-8E866417BD8C): 0
LogDevObjectVersion:   Dev-Core (375EC13C-06E4-48FB-B500-84F0262A717E): 2
LogDevObjectVersion:   Dev-Editor (E4B068ED-F494-42E9-A231-DA0B2E46BB41): 20
LogDevObjectVersion:   Dev-Framework (CFFC743F-43B0-4480-9391-14DF171D2073): 28
LogDevObjectVersion:   Dev-Mobile (B02B49B5-BB20-44E9-A304-32B752E40360): 0
LogDevObjectVersion:   Dev-Networking (A4E4105C-59A1-49B5-A7C5-40C4547EDFEE): 0
LogDevObjectVersion:   Dev-Online (39C831C9-5AE6-47DC-9A44-9C173E1C8E7C): 0
LogDevObjectVersion:   Dev-Physics (78F01B33-EBEA-4F98-B9B4-84EACCB95AA2): 0
LogDevObjectVersion:   Dev-Platform (6631380F-2D4D-43E0-8009-CF276956A95A): 0
LogDevObjectVersion:   Dev-Rendering (12F88B9F-8875-4AFC-A67C-D90C383ABD29): 19
LogDevObjectVersion:   Dev-Sequencer (7B5AE74C-D270-4C10-A958-57980B212A5A): 4
LogDevObjectVersion:   Dev-VR (D7296918-1DD6-4BDD-9DE2-64A83CC13884): 0
LogDevObjectVersion:   Dev-LoadTimes (C2A15278-BFE7-4AFE-6C17-90FF531DF755): 1
LogDevObjectVersion:   Private-Geometry (6EACA3D4-40EC-4CC1-B786-8BED09428FC5): 1
LogDevObjectVersion:   Dev-AnimPhys (29E575DD-E0A3-4627-9D10-D276232CDCEA): 7
LogInit: Compiled (64-bit): Sep 22 2017 13:47:16
LogInit: Compiled with Visual C++: 19.00.24215.01
LogInit: Build Configuration: Development
LogInit: Branch Name: ++UE4+Release-4.17
LogInit: Command line:  
LogInit: Base directory: D:/SteamLibrary/UE_4.17/Engine/Binaries/Win64/
LogInit: Installed Engine Build: 1
LogInit: Presizing for max 8388607 objects, including 0 objects not considered by GC, pre-allocating 0 bytes for permanent pool.
LogInit: Object subsystem initialized
[2022.01.12-19.43.23:735][  0]LogInit: Selected Device Profile: [Windows]
[2022.01.12-19.43.23:735][  0]LogInit: Applying CVar settings loaded from the selected device profile: [Windows]
[2022.01.12-19.43.23:764][  0]LogInit: Computer: CABOOSE
[2022.01.12-19.43.23:764][  0]LogInit: User: Dakota
[2022.01.12-19.43.23:764][  0]LogInit: CPU Page size=4096, Cores=8
[2022.01.12-19.43.23:764][  0]LogInit: High frequency timer resolution =10.000000 MHz
[2022.01.12-19.43.23:764][  0]LogMemory: Memory total: Physical=47.8GB (48GB approx)
[2022.01.12-19.43.23:764][  0]LogMemory: Platform Memory Stats for Windows
[2022.01.12-19.43.23:764][  0]LogMemory: Process Physical Memory: 286.03 MB used, 286.03 MB peak
[2022.01.12-19.43.23:764][  0]LogMemory: Process Virtual Memory: 283.10 MB used, 283.10 MB peak
[2022.01.12-19.43.23:764][  0]LogMemory: Physical Memory: 16592.14 MB used,  32397.18 MB free, 48989.32 MB total
[2022.01.12-19.43.23:764][  0]LogMemory: Virtual Memory: 4839.68 MB used,  32397.18 MB free, 134217728.00 MB total
[2022.01.12-19.43.23:837][  0]LogInit: Using OS detected language (en-US).
[2022.01.12-19.43.23:837][  0]LogInit: Using OS detected locale (en-US).
[2022.01.12-19.43.23:839][  0]LogTextLocalizationManager: No specific localization for 'en-US' exists, so the 'en' localization will be used.
[2022.01.12-19.43.24:303][  0]LogD3D11RHI: D3D11 adapters:
[2022.01.12-19.43.24:388][  0]LogD3D11RHI:    0. 'NVIDIA GeForce RTX 2080 Ti' (Feature Level 11_0)
[2022.01.12-19.43.24:388][  0]LogD3D11RHI:       11049/0/24494 MB DedicatedVideo/DedicatedSystem/SharedSystem, Outputs:3, VendorId:0x10de
[2022.01.12-19.43.24:390][  0]LogD3D11RHI:    1. 'Microsoft Basic Render Driver' (Feature Level 11_0)
[2022.01.12-19.43.24:390][  0]LogD3D11RHI:       0/0/24494 MB DedicatedVideo/DedicatedSystem/SharedSystem, Outputs:0, VendorId:0x1414
[2022.01.12-19.43.24:390][  0]LogD3D11RHI: Chosen D3D11 Adapter: 0
[2022.01.12-19.43.24:398][  0]LogD3D11RHI: Creating new Direct3DDevice
[2022.01.12-19.43.24:398][  0]LogD3D11RHI:     GPU DeviceId: 0x1e07 (for the marketing name, search the web for "GPU Device Id")
[2022.01.12-19.43.24:398][  0]LogWindows: EnumDisplayDevices:
[2022.01.12-19.43.24:398][  0]LogWindows:    0. 'NVIDIA GeForce RTX 2080 Ti' (P:0 D:1)
[2022.01.12-19.43.24:398][  0]LogWindows:    1. 'NVIDIA GeForce RTX 2080 Ti' (P:0 D:1)
[2022.01.12-19.43.24:398][  0]LogWindows:    2. 'NVIDIA GeForce RTX 2080 Ti' (P:1 D:1)
[2022.01.12-19.43.24:399][  0]LogWindows:    3. 'NVIDIA GeForce RTX 2080 Ti' (P:0 D:0)
[2022.01.12-19.43.24:399][  0]LogWindows: DebugString: GetVideoDriverDetailsInvalid PrimaryIsNotTheChoosenAdapter GetVideoDriverDetailsInvalid PrimaryIsNotTheChoosenAdapter GetVideoDriverDetailsInvalid PrimaryIsNotTheChoosenAdapter GetVideoDriverDetailsInvalid PrimaryIsNotTheChoosenAdapter FoundDriverCount:0 
[2022.01.12-19.43.24:399][  0]LogD3D11RHI:     Adapter Name: NVIDIA GeForce RTX 2080 Ti
[2022.01.12-19.43.24:399][  0]LogD3D11RHI:   Driver Version: Unknown (internal:Unknown, unified:Unknown)
[2022.01.12-19.43.24:399][  0]LogD3D11RHI:      Driver Date: Unknown
[2022.01.12-19.43.24:399][  0]LogRHI: Texture pool is 1361 MB (70% of 1945 MB)
[2022.01.12-19.43.24:464][  0]LogD3D11RHI: Async texture creation enabled
[2022.01.12-19.43.24:482][  0]LogD3D11RHI: GPU Timing Frequency: 1000.000000 (Debug: 2 2)
[2022.01.12-19.43.24:484][  0]LogShaderCompilers: Guid format shader working directory is -24 characters bigger than the processId version (../../../../../Documents/Unreal_Things/GameScripting_218 - Backup 4.17/Intermediate/Shaders/WorkingDirectory/57880/).
[2022.01.12-19.43.24:484][  0]LogShaderCompilers: Cleaned the shader compiler working directory 'C:/Users/Dakota/AppData/Local/Temp/UnrealShaderWorkingDir/09188B0F402FBF37B4AD539E8C8FB74D/'.
[2022.01.12-19.43.24:484][  0]LogShaderCompilers: Display: Using Local Shader Compiler.
[2022.01.12-19.43.25:026][  0]LogTemp: Display: Loaded TP AllDesktopTargetPlatform
[2022.01.12-19.43.25:052][  0]LogTemp: Display: Loaded TP MacClientTargetPlatform
[2022.01.12-19.43.25:084][  0]LogTemp: Display: Loaded TP MacNoEditorTargetPlatform
[2022.01.12-19.43.25:110][  0]LogTemp: Display: Loaded TP MacServerTargetPlatform
[2022.01.12-19.43.25:137][  0]LogTemp: Display: Loaded TP MacTargetPlatform
[2022.01.12-19.43.25:163][  0]LogTemp: Display: Loaded TP WindowsClientTargetPlatform
[2022.01.12-19.43.25:188][  0]LogTemp: Display: Loaded TP WindowsNoEditorTargetPlatform
[2022.01.12-19.43.25:211][  0]LogTemp: Display: Loaded TP WindowsServerTargetPlatform
[2022.01.12-19.43.25:233][  0]LogTemp: Display: Loaded TP WindowsTargetPlatform
[2022.01.12-19.43.25:258][  0]LogTemp: Display: Loaded TP AndroidTargetPlatform
[2022.01.12-19.43.25:284][  0]LogTemp: Display: Loaded TP Android_ASTCTargetPlatform
[2022.01.12-19.43.25:317][  0]LogTemp: Display: Loaded TP Android_ATCTargetPlatform
[2022.01.12-19.43.25:349][  0]LogTemp: Display: Loaded TP Android_DXTTargetPlatform
[2022.01.12-19.43.25:381][  0]LogTemp: Display: Loaded TP Android_ETC1TargetPlatform
[2022.01.12-19.43.25:404][  0]LogTemp: Display: Loaded TP Android_ETC2TargetPlatform
[2022.01.12-19.43.25:453][  0]LogTemp: Display: Loaded TP Android_MultiTargetPlatform
[2022.01.12-19.43.25:454][  0]LogTemp: Display: Loaded TP Android_PVRTCTargetPlatform
[2022.01.12-19.43.25:475][  0]LogTemp: Display: Loaded TP HTML5TargetPlatform
[2022.01.12-19.43.25:538][  0]LogTemp: Display: Loaded TP IOSTargetPlatform
[2022.01.12-19.43.25:553][  0]LogTemp: Display: Loaded TP TVOSTargetPlatform
[2022.01.12-19.43.25:578][  0]LogTemp: Display: Loaded TP LinuxClientTargetPlatform
[2022.01.12-19.43.25:604][  0]LogTemp: Display: Loaded TP LinuxNoEditorTargetPlatform
[2022.01.12-19.43.25:633][  0]LogTemp: Display: Loaded TP LinuxServerTargetPlatform
[2022.01.12-19.43.25:657][  0]LogTemp: Display: Loaded TP LinuxTargetPlatform
[2022.01.12-19.43.25:657][  0]LogTargetPlatformManager: Display: Building Assets For Windows
[2022.01.12-19.43.25:881][  0]LogDerivedDataCache: Display: Max Cache Size: 512 MB
[2022.01.12-19.43.26:437][  0]LogDerivedDataCache: Loaded boot cache 0.56s 93MB C:/Users/Dakota/AppData/Local/UnrealEngine/4.17/DerivedDataCache/Boot.ddc.
[2022.01.12-19.43.26:437][  0]LogDerivedDataCache: Display: Loaded Boot cache: C:/Users/Dakota/AppData/Local/UnrealEngine/4.17/DerivedDataCache/Boot.ddc
[2022.01.12-19.43.26:437][  0]LogDerivedDataCache: FDerivedDataBackendGraph:  Pak pak cache file ../../../../../Documents/Unreal_Things/GameScripting_218 - Backup 4.17/DerivedDataCache/DDC.ddp not found, will not use a pak cache.
[2022.01.12-19.43.26:437][  0]LogDerivedDataCache: Unable to find inner node Pak for hierarchical cache Hierarchy.
[2022.01.12-19.43.26:437][  0]LogDerivedDataCache: FDerivedDataBackendGraph:  CompressedPak pak cache file ../../../../../Documents/Unreal_Things/GameScripting_218 - Backup 4.17/DerivedDataCache/Compressed.ddp not found, will not use a pak cache.
[2022.01.12-19.43.26:437][  0]LogDerivedDataCache: Unable to find inner node CompressedPak for hierarchical cache Hierarchy.
[2022.01.12-19.43.26:446][  0]LogDerivedDataCache: Display: Pak cache opened for reading ../../../Engine/DerivedDataCache/Compressed.ddp.
[2022.01.12-19.43.26:459][  0]LogDerivedDataCache: Using Local data cache path C:/Users/Dakota/AppData/Local/UnrealEngine/Common/DerivedDataCache: Writable
[2022.01.12-19.43.26:468][  0]LogMaterial: Verifying Global Shaders for PCD3D_SM5
[2022.01.12-19.43.26:468][  0]LogSlate: Using Freetype 2.6.0
[2022.01.12-19.43.26:469][  0]LogSlate: SlateFontCache - WITH_FREETYPE: 1, WITH_HARFBUZZ: 1
[2022.01.12-19.43.26:469][  0]LogSlate: SlateFontCache - WITH_FREETYPE: 1, WITH_HARFBUZZ: 1
[2022.01.12-19.43.26:688][  0]LogAssetRegistry: FAssetRegistry took 0.0255 seconds to start up
[2022.01.12-19.43.26:759][  0]LogInit: Selected Device Profile: [Windows]
[2022.01.12-19.43.26:963][  0]LogSimplygon: Simplygon DLL not present - disabling.
[2022.01.12-19.43.26:987][  0]LogMeshReduction: Using SimplygonSwarm for distributed automatic mesh merging
[2022.01.12-19.43.26:987][  0]LogMeshReduction: Using QuadricMeshReduction for automatic static mesh reduction
[2022.01.12-19.43.26:987][  0]LogMeshReduction: No automatic skeletal mesh reduction module available
[2022.01.12-19.43.26:987][  0]LogMeshReduction: No automatic mesh merging module available
[2022.01.12-19.43.26:987][  0]LogMeshMerging: No automatic mesh merging module available
[2022.01.12-19.43.26:989][  0]LogContentStreaming: Texture pool size is 0.00 MB
[2022.01.12-19.43.27:285][  0]LogNetVersion: GameScripting_218 , NetCL: 3573198, EngineNetVer: 2, GameNetVer: 0 (Checksum: 3404886685)
[2022.01.12-19.43.27:424][  0]LogPackageLocalizationCache: Processed 5 localized package path(s) for 2 prioritized culture(s) in 0.038763 seconds
[2022.01.12-19.43.27:428][  0]LogUObjectArray: 35825 objects as part of root set at end of initial load.
[2022.01.12-19.43.27:428][  0]LogUObjectAllocator: 7529104 out of 0 bytes used by permanent object pool.
[2022.01.12-19.43.27:428][  0]LogUObjectArray: CloseDisregardForGC: 0/0 objects in disregard for GC pool
[2022.01.12-19.43.28:982][  0]LogTcpMessaging: Initializing TcpMessaging bridge
[2022.01.12-19.43.29:007][  0]LogUdpMessaging: Initializing bridge on interface 0.0.0.0:0 to multicast group 230.0.0.1:6666.
[2022.01.12-19.43.29:425][  0]LogMaterial: Uniform references updated for custom material expression Custom.
[2022.01.12-19.43.29:639][  0]SourceControl: Source control is disabled
[2022.01.12-19.43.29:640][  0]SourceControl: Source control is disabled
[2022.01.12-19.43.29:667][  0]SourceControl: Source control is disabled
[2022.01.12-19.43.29:699][  0]SourceControl: Source control is disabled
[2022.01.12-19.43.29:970][  0]LogAndroidPermission: UAndroidPermissionCallbackProxy::GetInstance
[2022.01.12-19.43.30:102][  0]LogOcInput: OculusInput pre-init called
[2022.01.12-19.43.30:232][  0]LogEngine: Initializing Engine...
[2022.01.12-19.43.30:233][  0]LogHMD: Failed to initialize OpenVR with code 110
[2022.01.12-19.43.30:373][  0]LogStats: UGameplayTagsManager::ConstructGameplayTagTree: Construct from data asset -  0.000 s
[2022.01.12-19.43.30:373][  0]LogStats: UGameplayTagsManager::ConstructGameplayTagTree: GameplayTagTreeChangedEvent.Broadcast -  0.000 s
[2022.01.12-19.43.30:434][  0]LogAIModule: Creating AISystem for world Untitled
[2022.01.12-19.43.30:453][  0]LogInit: XAudio2 using 'Speakers (Realtek High Definition Audio)' : 2 channels at 48 kHz using 32 bits per sample (channel mask 0x3)
[2022.01.12-19.43.30:461][  0]LogInit: FAudioDevice initialized.
[2022.01.12-19.43.30:531][  0]LogDerivedDataCache: Saved boot cache 0.07s 93MB C:/Users/Dakota/AppData/Local/UnrealEngine/4.17/DerivedDataCache/Boot.ddc.
[2022.01.12-19.43.30:542][  0]LogInit: Texture streaming: Enabled
[2022.01.12-19.43.30:591][  0]LogEngineSessionManager: EngineSessionManager initialized
[2022.01.12-19.43.30:693][  0]LogInit: Transaction tracking system initialized
[2022.01.12-19.43.30:830][  0]BlueprintLog: New page: Editor Load
[2022.01.12-19.43.31:220][  0]LocalizationService: Localization service is disabled
[2022.01.12-19.43.31:553][  0]LogConsoleResponse: Display: 
[2022.01.12-19.43.31:678][  0]LogCook: Display: Max memory allowance for cook 16384mb min free memory 0mb
[2022.01.12-19.43.31:678][  0]LogCook: Display: Mobile HDR setting 1
[2022.01.12-19.43.31:678][  0]LogGameplayTags: Display: UGameplayTagsManager::DoneAddingNativeTags. DelegateIsBound: 0
[2022.01.12-19.43.32:181][  0]LogFileCache: Scanning file cache for directory 'D:/Documents/Unreal_Things/GameScripting_218 - Backup 4.17/Content/' took 0.04s
[2022.01.12-19.43.32:181][  0]SourceControl: Source control is disabled
[2022.01.12-19.43.32:181][  0]Cmd: MAP LOAD FILE="../../../../../Documents/Unreal_Things/GameScripting_218 - Backup 4.17/Content/Playground.umap" TEMPLATE=0 SHOWPROGRESS=1 FEATURELEVEL=3
[2022.01.12-19.43.32:181][  0]LightingResults: New page: Lighting Build
[2022.01.12-19.43.32:199][  0]MapCheck: New page: Map Check
[2022.01.12-19.43.32:199][  0]LightingResults: New page: Lighting Build
[2022.01.12-19.43.34:039][  0]LogBlueprint: Warning: [Compiler AICharacter] ProjectPointToNavigation_DEPRECATED  is deprecated; This version of ProjectPointToNavigation is deprecated. Please use the new version
[2022.01.12-19.43.34:039][  0]LogBlueprint: Warning: [Compiler AICharacter] ProjectPointToNavigation_DEPRECATED  is deprecated; This version of ProjectPointToNavigation is deprecated. Please use the new version
[2022.01.12-19.43.34:039][  0]LogBlueprint: Warning: [Compiler AICharacter] GetRandomReachablePointInRadius_DEPRECATED  is deprecated; This version of GetRandomReachablePointInRadius is deprecated. Please use the new version
[2022.01.12-19.43.34:074][  0]LogBlueprint: Warning: [Compiler ThirdPersonCharacter] Character.ArrowComponent is not blueprint visible. Please fix mark up or cease accessing as this will be made an error in a future release.  Get ArrowComponent
[2022.01.12-19.43.34:181][  0]LogBlueprint: Warning: [Compiler AICharacter] [0012.64] Compile of AICharacter successful, but with 3 Warning(s) [in 208 ms] (/Game/Blueprints/AI/AICharacter.AICharacter)
[2022.01.12-19.43.34:181][  0]LogBlueprint: Warning: [Compiler ThirdPersonCharacter] [0012.64] Compile of ThirdPersonCharacter successful, but with 1 Warning(s) [in 208 ms] (/Game/Blueprints/Character/ThirdPersonCharacter.ThirdPersonCharacter)
[2022.01.12-19.43.35:995][  0]LogTexture: Display: Building textures: Crosshair1 (AutoDXT, 100X100)
[2022.01.12-19.43.35:995][  0]LogTexture: Display: Building textures: Flashlight_DefaultMaterial_OcclusionRoughnessMetallic (AutoDXT, 1024X1024)
[2022.01.12-19.43.35:995][  0]LogTexture: Display: Building textures: HQ_Lightmap0_13 (AutoDXT, 256X256)
[2022.01.12-19.43.35:995][  0]LogTexture: Display: Building textures: HQ_Lightmap0_20 (AutoDXT, 128X128)
[2022.01.12-19.43.36:241][  0]LogTexture: Display: Building textures: HQ_Lightmap0_18 (AutoDXT, 128X128)
[2022.01.12-19.43.36:242][  0]LogTexture: Display: Building textures: HQ_Lightmap0_16 (AutoDXT, 256X256)
[2022.01.12-19.43.36:242][  0]LogTexture: Display: Building textures: HQ_Lightmap0_14 (AutoDXT, 256X256)
[2022.01.12-19.43.36:242][  0]LogTexture: Display: Building textures: 2 (BGRA8, 646X225)
[2022.01.12-19.43.36:242][  0]LogTexture: Display: Building textures: HQ_Lightmap0_23 (AutoDXT, 128X128)
[2022.01.12-19.43.36:242][  0]LogTexture: Display: Building textures: Flashlight_DefaultMaterial_Normal (BC5, 1024X1024)
[2022.01.12-19.43.36:242][  0]LogAnimationCompression: Building Anim DDC data for AnimSequence /Game/AnimStarterPack/Idle_Rifle_Hip.Idle_Rifle_Hip
[2022.01.12-19.43.36:263][  0]LogTexture: Display: Building textures: HQ_Lightmap0_17 (AutoDXT, 256X256)
[2022.01.12-19.43.36:263][  0]LogTexture: Display: Building textures: HQ_Lightmap0_10 (AutoDXT, 256X256)
[2022.01.12-19.43.36:263][  0]LogTexture: Display: Building textures: HQ_Lightmap0_11 (AutoDXT, 128X128)
[2022.01.12-19.43.36:263][  0]LogTexture: Display: Building textures: HQ_Lightmap0_21 (AutoDXT, 256X256)
[2022.01.12-19.43.36:263][  0]LogTexture: Display: Building textures: HQ_Lightmap0_7 (AutoDXT, 256X256)
[2022.01.12-19.43.36:263][  0]LogTexture: Display: Building textures: HQ_Lightmap0_12 (AutoDXT, 256X256)
[2022.01.12-19.43.36:263][  0]LogTexture: Display: Building textures: HQ_Lightmap0_15 (AutoDXT, 256X256)
[2022.01.12-19.43.36:263][  0]LogTexture: Display: Building textures: HQ_Lightmap0_9 (AutoDXT, 128X128)
[2022.01.12-19.43.36:263][  0]LogTexture: Display: Building textures: HQ_Lightmap0_8 (AutoDXT, 256X256)
[2022.01.12-19.43.36:263][  0]LogTexture: Display: Building textures: HQ_Lightmap0_22 (AutoDXT, 128X128)
[2022.01.12-19.43.36:263][  0]LogTexture: Display: Building textures: Flashlight_DefaultMaterial_BaseColor (AutoDXT, 1024X1024)
[2022.01.12-19.43.36:263][  0]LogAnimationCompression: Building Anim DDC data for AnimSequence /Game/AnimStarterPack/Death_1.Death_1
[2022.01.12-19.43.36:267][  0]LogTexture: Display: Building textures: HQ_Lightmap0_19 (AutoDXT, 256X256)
[2022.01.12-19.43.36:267][  0]LogAnimationCompression: Building Anim DDC data for AnimSequence /Game/AnimStarterPack/Equip_Rifle_Standing.Equip_Rifle_Standing
[2022.01.12-19.43.36:473][  0]LogTexture: Display: Building textures: HQ_Lightmap1_4 (AutoDXT, 256X256)
[2022.01.12-19.43.36:473][  0]LogTexture: Display: Building textures: HQ_Lightmap1_5 (AutoDXT, 256X256)
[2022.01.12-19.43.36:473][  0]LogTexture: Display: Building textures: HQ_Lightmap1_3 (AutoDXT, 256X256)
[2022.01.12-19.43.36:473][  0]LogTexture: Display: Building textures: HQ_Lightmap1_6 (AutoDXT, 256X256)
[2022.01.12-19.43.36:473][  0]LogTexture: Display: Building textures: LQ_Lightmap_0_10 (DXT1, 256X256)
[2022.01.12-19.43.36:473][  0]LogTexture: Display: Building textures: LQ_Lightmap_0_11 (DXT1, 128X128)
[2022.01.12-19.43.36:473][  0]LogTexture: Display: Building textures: LQ_Lightmap_0_14 (DXT1, 256X256)
[2022.01.12-19.43.36:473][  0]LogTexture: Display: Building textures: LQ_Lightmap_0_12 (DXT1, 256X256)
[2022.01.12-19.43.36:473][  0]LogTexture: Display: Building textures: LQ_Lightmap_0_15 (DXT1, 256X256)
[2022.01.12-19.43.36:473][  0]LogTexture: Display: Building textures: LQ_Lightmap_0_13 (DXT1, 256X256)
[2022.01.12-19.43.36:473][  0]LogTexture: Display: Building textures: LQ_Lightmap_0_18 (DXT1, 128X128)
[2022.01.12-19.43.36:473][  0]LogTexture: Display: Building textures: LQ_Lightmap_0_17 (DXT1, 256X256)
[2022.01.12-19.43.36:473][  0]LogTexture: Display: Building textures: LQ_Lightmap_0_16 (DXT1, 256X256)
[2022.01.12-19.43.36:473][  0]LogTexture: Display: Building textures: HQ_Lightmap1_2 (AutoDXT, 512X512)
[2022.01.12-19.43.36:473][  0]LogTexture: Display: Building textures: HQ_Lightmap1_1 (AutoDXT, 1024X1024)
[2022.01.12-19.43.36:473][  0]LogTexture: Display: Building textures: RedVignette (AutoDXT, 960X540)
[2022.01.12-19.43.36:473][  0]LogTexture: Display: Building textures: LQ_Lightmap_0_19 (DXT1, 256X256)
[2022.01.12-19.43.36:473][  0]LogTexture: Display: Building textures: LQ_Lightmap_0_20 (DXT1, 128X128)
[2022.01.12-19.43.36:473][  0]LogTexture: Display: Building textures: LQ_Lightmap_0_21 (DXT1, 256X256)
[2022.01.12-19.43.36:473][  0]LogTexture: Display: Building textures: LQ_Lightmap_0_22 (DXT1, 128X128)
[2022.01.12-19.43.36:473][  0]LogTexture: Display: Building textures: LQ_Lightmap_0_23 (DXT1, 128X128)
[2022.01.12-19.43.36:473][  0]LogTexture: Display: Building textures: LQ_Lightmap_0_7 (DXT1, 256X256)
[2022.01.12-19.43.36:473][  0]LogTexture: Display: Building textures: LQ_Lightmap_0_8 (DXT1, 256X256)
[2022.01.12-19.43.36:473][  0]LogTexture: Display: Building textures: LQ_Lightmap_0_9 (DXT1, 128X128)
[2022.01.12-19.43.36:473][  0]LogTexture: Display: Building textures: LQ_Lightmap_1_3 (DXT1, 256X256)
[2022.01.12-19.43.36:473][  0]LogTexture: Display: Building textures: LQ_Lightmap_1_4 (DXT1, 256X256)
[2022.01.12-19.43.36:473][  0]LogTexture: Display: Building textures: LQ_Lightmap_1_5 (DXT1, 256X256)
[2022.01.12-19.43.36:473][  0]LogTexture: Display: Building textures: LQ_Lightmap_1_2 (DXT1, 512X512)
[2022.01.12-19.43.36:473][  0]LogTexture: Display: Building textures: LQ_Lightmap_1_1 (DXT1, 1024X1024)
[2022.01.12-19.43.36:473][  0]LogTexture: Display: Building textures: LQ_Lightmap_1_6 (DXT1, 256X256)
[2022.01.12-19.43.36:473][  0]LogTexture: Display: Building textures: SkyOcclusion1_11 (AutoDXT, 128X64)
[2022.01.12-19.43.36:473][  0]LogTexture: Display: Building textures: SkyOcclusion1_10 (AutoDXT, 256X128)
[2022.01.12-19.43.36:473][  0]LogTexture: Display: Building textures: SkyOcclusion1_1 (AutoDXT, 1024X512)
[2022.01.12-19.43.36:473][  0]LogTexture: Display: Building textures: SkyOcclusion1_12 (AutoDXT, 256X128)
[2022.01.12-19.43.36:473][  0]LogTexture: Display: Building textures: SkyOcclusion1_13 (AutoDXT, 256X128)
[2022.01.12-19.43.36:473][  0]LogTexture: Display: Building textures: SkyOcclusion1_14 (AutoDXT, 256X128)
[2022.01.12-19.43.36:473][  0]LogTexture: Display: Building textures: SkyOcclusion1_15 (AutoDXT, 256X128)
[2022.01.12-19.43.36:473][  0]LogTexture: Display: Building textures: SkyOcclusion1_16 (AutoDXT, 256X128)
[2022.01.12-19.43.36:473][  0]LogTexture: Display: Building textures: SkyOcclusion1_17 (AutoDXT, 256X128)
[2022.01.12-19.43.36:473][  0]LogTexture: Display: Building textures: SkyOcclusion1_18 (AutoDXT, 128X64)
[2022.01.12-19.43.36:473][  0]LogTexture: Display: Building textures: SkyOcclusion1_19 (AutoDXT, 256X128)
[2022.01.12-19.43.36:473][  0]LogTexture: Display: Building textures: SkyOcclusion1_2 (AutoDXT, 512X256)
[2022.01.12-19.43.36:473][  0]LogTexture: Display: Building textures: SkyOcclusion1_20 (AutoDXT, 128X64)
[2022.01.12-19.43.36:473][  0]LogTexture: Display: Building textures: SkyOcclusion1_22 (AutoDXT, 128X64)
[2022.01.12-19.43.36:474][  0]LogTexture: Display: Building textures: SkyOcclusion1_21 (AutoDXT, 256X128)
[2022.01.12-19.43.36:474][  0]LogTexture: Display: Building textures: SkyOcclusion1_23 (AutoDXT, 128X64)
[2022.01.12-19.43.36:474][  0]LogTexture: Display: Building textures: SkyOcclusion1_3 (AutoDXT, 256X128)
[2022.01.12-19.43.36:474][  0]LogTexture: Display: Building textures: SkyOcclusion1_4 (AutoDXT, 256X128)
[2022.01.12-19.43.36:474][  0]LogTexture: Display: Building textures: SkyOcclusion1_6 (AutoDXT, 256X128)
[2022.01.12-19.43.36:474][  0]LogTexture: Display: Building textures: SkyOcclusion1_5 (AutoDXT, 256X128)
[2022.01.12-19.43.36:474][  0]LogTexture: Display: Building textures: SkyOcclusion1_7 (AutoDXT, 256X128)
[2022.01.12-19.43.36:474][  0]LogTexture: Display: Building textures: SkyOcclusion1_8 (AutoDXT, 256X128)
[2022.01.12-19.43.36:474][  0]LogTexture: Display: Building textures: SkyOcclusion1_9 (AutoDXT, 128X64)
[2022.01.12-19.43.36:474][  0]LogTexture: Display: Building textures: ShadowMapTexture2D_11 (BGRA8, 256X64)
[2022.01.12-19.43.36:474][  0]LogTexture: Display: Building textures: ShadowMapTexture2D_10 (G8, 128X64)
[2022.01.12-19.43.36:474][  0]LogTexture: Display: Building textures: ShadowMapTexture2D_1 (BGRA8, 512X128)
[2022.01.12-19.43.36:474][  0]LogTexture: Display: Building textures: ShadowMapTexture2D_13 (G8, 256X64)
[2022.01.12-19.43.36:474][  0]LogTexture: Display: Building textures: ShadowMapTexture2D_12 (G8, 256X64)
[2022.01.12-19.43.36:474][  0]LogTexture: Display: Building textures: ShadowMapTexture2D_15 (BGRA8, 256X64)
[2022.01.12-19.43.36:474][  0]LogTexture: Display: Building textures: ShadowMapTexture2D_14 (G8, 256X64)
[2022.01.12-19.43.36:474][  0]LogAnimationCompression: Building Anim DDC data for AnimSequence /Game/AnimStarterPack/Death_3.Death_3
[2022.01.12-19.43.36:481][  0]LogTexture: Display: Building textures: ShadowMapTexture2D_17 (G8, 256X64)
[2022.01.12-19.43.36:482][  0]LogTexture: Display: Building textures: ShadowMapTexture2D_18 (G8, 256X64)
[2022.01.12-19.43.36:482][  0]LogTexture: Display: Building textures: ShadowMapTexture2D_16 (G8, 256X64)
[2022.01.12-19.43.36:482][  0]LogTexture: Display: Building textures: ShadowMapTexture2D_19 (G8, 128X64)
[2022.01.12-19.43.36:482][  0]LogTexture: Display: Building textures: ShadowMapTexture2D_0 (BGRA8, 512X1024)
[2022.01.12-19.43.36:482][  0]LogTexture: Display: Building textures: ShadowMapTexture2D_20 (G8, 256X64)
[2022.01.12-19.43.36:482][  0]LogTexture: Display: Building textures: ShadowMapTexture2D_21 (G8, 64X64)
[2022.01.12-19.43.36:482][  0]LogTexture: Display: Building textures: ShadowMapTexture2D_4 (G8, 256X64)
[2022.01.12-19.43.36:482][  0]LogTexture: Display: Building textures: ShadowMapTexture2D_5 (G8, 256X64)
[2022.01.12-19.43.36:482][  0]LogTexture: Display: Building textures: ShadowMapTexture2D_2 (G8, 256X64)
[2022.01.12-19.43.36:482][  0]LogTexture: Display: Building textures: ShadowMapTexture2D_6 (BGRA8, 256X64)
[2022.01.12-19.43.36:482][  0]LogTexture: Display: Building textures: ShadowMapTexture2D_7 (G8, 256X64)
[2022.01.12-19.43.36:482][  0]LogTexture: Display: Building textures: ShadowMapTexture2D_9 (G8, 256X64)
[2022.01.12-19.43.36:482][  0]LogAnimationCompression: Building Anim DDC data for AnimSequence /Game/AnimStarterPack/Idle_Rifle_Ironsights.Idle_Rifle_Ironsights
[2022.01.12-19.43.36:951][  0]LogTexture: Display: Building textures: Texture2D_64 (BGRA8, 512X512)
[2022.01.12-19.43.36:951][  0]LogTexture: Display: Building textures: RangeTarget_DefaultMaterial_OcclusionRoughnessMetallic (AutoDXT, 1024X1024)
[2022.01.12-19.43.36:951][  0]LogTexture: Display: Building textures: ShadowMapTexture2D_3 (G8, 256X64)
[2022.01.12-19.43.36:951][  0]LogTexture: Display: Building textures: ShadowMapTexture2D_8 (G8, 256X64)
[2022.01.12-19.43.36:951][  0]LogTexture: Display: Building textures: RangeTarget_DefaultMaterial_BaseColor (AutoDXT, 1024X1024)
[2022.01.12-19.43.36:951][  0]LogTexture: Display: Building textures: RangeTarget_DefaultMaterial_Normal (BC5, 1024X1024)
[2022.01.12-19.43.36:951][  0]LogAudioDerivedData: Display: Building compressed audio format OGG wave doorOpen...
[2022.01.12-19.43.36:956][  0]LogStaticMesh: Building static mesh Flashlight...
[2022.01.12-19.43.36:982][  0]LogStaticMesh: Built static mesh [0.03s] /Game/Blueprints/Character/Flashlight.Flashlight
[2022.01.12-19.43.37:031][  0]LogMaterial: Missing cached shader map for material Material, compiling. 
[2022.01.12-19.43.37:101][  0]LogMaterial: Missing cached shader map for material M_CharacterRecord, compiling. 
[2022.01.12-19.43.37:185][  0]LogAudioDerivedData: Display: Building compressed audio format OGG wave boom...
[2022.01.12-19.43.37:277][  0]LogMaterial: Missing cached shader map for material SecurityCamera_Material, compiling. 
[2022.01.12-19.43.37:303][  0]LogMaterial: Missing cached shader map for material 2_Mat, compiling. 
[2022.01.12-19.43.37:699][  0]LogMaterial: Missing cached shader map for material M_Ground_Grass, compiling. 
[2022.01.12-19.43.37:769][  0]LogStaticMesh: Building static mesh RangeTarget...
[2022.01.12-19.43.37:775][  0]LogStaticMesh: Built static mesh [0.01s] /Game/Blueprints/TargetDummy/RangeTarget.RangeTarget
[2022.01.12-19.43.37:783][  0]LogAnimationCompression: Building Anim DDC data for AnimSequence /Game/Mannequin/Animations/ThirdPerson_Jump.ThirdPerson_Jump
[2022.01.12-19.43.37:791][  0]LogAnimationCompression: Building Anim DDC data for AnimSequence /Game/Mannequin/Animations/ThirdPersonJump_Loop.ThirdPersonJump_Loop
[2022.01.12-19.43.37:810][  0]LogAnimationCompression: Building Anim DDC data for AnimSequence /Game/Mannequin/Animations/ThirdPersonJump_Start.ThirdPersonJump_Start
[2022.01.12-19.43.37:824][  0]LogAnimationCompression: Building Anim DDC data for AnimSequence /Game/Mannequin/Animations/ThirdPersonWalk.ThirdPersonWalk
[2022.01.12-19.43.37:850][  0]LogAnimationCompression: Building Anim DDC data for AnimSequence /Game/Mannequin/Animations/ThirdPersonRun.ThirdPersonRun
[2022.01.12-19.43.37:868][  0]LogAnimationCompression: Building Anim DDC data for AnimSequence /Game/Mannequin/Animations/ThirdPersonIdle.ThirdPersonIdle
[2022.01.12-19.43.38:148][  0]LogMaterial: Missing cached shader map for material M_InteractHighlight, compiling. 
[2022.01.12-19.43.38:217][  0]LogMaterial: Missing cached shader map for material Dummy, compiling. 
[2022.01.12-19.43.38:294][  0]LogAudioDerivedData: Display: Building compressed audio format OGG wave scaryAmbience...
[2022.01.12-19.43.38:548][  0]LogAIModule: Creating AISystem for world Playground
[2022.01.12-19.43.39:038][  0]LogEditorServer: Finished looking for orphan Actors (0.000 secs)
[2022.01.12-19.43.39:149][  0]Cmd: MAP CHECKDEP NOCLEARLOG
[2022.01.12-19.43.39:278][  0]MapCheck: Map check complete: 0 Error(s), 0 Warning(s), took 128.016ms to complete.
[2022.01.12-19.43.39:278][  0]LogFileHelpers: Loading map 'Playground' took 7.097
[2022.01.12-19.43.39:712][  0]LogCollectionManager: Loaded 1 collections in 0.013785 seconds
[2022.01.12-19.43.39:822][  0]LogFileCache: Scanning file cache for directory 'D:/Documents/Unreal_Things/GameScripting_218 - Backup 4.17/Saved/Collections/' took 0.01s
[2022.01.12-19.43.39:822][  0]LogFileCache: Scanning file cache for directory 'D:/Documents/Unreal_Things/GameScripting_218 - Backup 4.17/Content/Developers/Dakota/Collections/' took 0.01s
[2022.01.12-19.43.39:822][  0]LogFileCache: Scanning file cache for directory 'D:/Documents/Unreal_Things/GameScripting_218 - Backup 4.17/Content/Collections/' took 0.01s
[2022.01.12-19.43.39:822][  0]LogCollectionManager: Rebuilt the GUID cache for 1 collections in 0.000010 seconds
[2022.01.12-19.43.39:822][  0]LogCollectionManager: Rebuilt the hierarchy cache for 1 collections in 0.000002 seconds
[2022.01.12-19.43.39:841][  0]LogContentBrowser: Native class hierarchy populated in 0.0178 seconds. Added 2386 classes and 500 folders.
[2022.01.12-19.43.39:922][  0]LogContentBrowser: Native class hierarchy updated for 'WidgetCarousel' in 0.0014 seconds. Added 0 classes and 0 folders.
[2022.01.12-19.43.39:982][  0]LogContentBrowser: Native class hierarchy updated for 'AddContentDialog' in 0.0015 seconds. Added 0 classes and 0 folders.
[2022.01.12-19.43.40:072][  0]LogContentBrowser: Native class hierarchy updated for 'SceneOutliner' in 0.0015 seconds. Added 1 classes and 2 folders.
[2022.01.12-19.43.40:110][  0]LogSlate: Took 0.000387 seconds to synchronously load lazily loaded font '../../../Engine/Content/Slate/Fonts/Roboto-Regular.ttf' (155K)
[2022.01.12-19.43.40:115][  0]LogSlate: Took 0.000386 seconds to synchronously load lazily loaded font '../../../Engine/Content/Slate/Fonts/Roboto-Bold.ttf' (160K)
[2022.01.12-19.43.40:118][  0]LogSlate: Took 0.000533 seconds to synchronously load lazily loaded font '../../../Engine/Content/Editor/Slate/Fonts/FontAwesome.ttf' (139K)
[2022.01.12-19.43.40:226][  0]LogRenderer: Reallocating scene render targets to support 256x256 Format 10 NumSamples 1 (Frame:1).
[2022.01.12-19.43.40:310][  0]LogRenderer: Reallocating scene render targets to support 512x512 Format 10 NumSamples 1 (Frame:1).
[2022.01.12-19.43.40:329][  0]LogRenderer: Reallocating scene render targets to support 1528x628 Format 10 NumSamples 1 (Frame:1).
[2022.01.12-19.43.41:657][  0]LogSlate: Took 0.000643 seconds to synchronously load lazily loaded font '../../../Engine/Content/Slate/Fonts/Roboto-Light.ttf' (159K)
[2022.01.12-19.43.41:994][  0]LogContentBrowser: Native class hierarchy updated for 'HierarchicalLODOutliner' in 0.0013 seconds. Added 1 classes and 2 folders.
[2022.01.12-19.43.41:994][  0]LogLoad: (Engine Initialization) Total time: 20.46 seconds
[2022.01.12-19.43.41:994][  0]LogLoad: (Engine Initialization) Total Blueprint compile time: 0.00 seconds
[2022.01.12-19.43.41:995][  0]LogExternalProfiler: Found external profiler: VSPerf
[2022.01.12-19.43.41:995][  0]LogExternalProfiler: Using external profiler: VSPerf
[2022.01.12-19.43.42:009][  0]LogEditorViewport: Clicking on Actor (LMB): BP_Sky_Sphere_C (Sky Sphere)
[2022.01.12-19.43.42:133][  0]LogContentStreaming: Texture pool size now 1000 MB
[2022.01.12-19.43.42:474][  2]LogAssetRegistry: Asset discovery search completed in 15.8091 seconds
[2022.01.12-19.43.42:478][  2]LogCollectionManager: Rebuilt the object cache for 1 collections in 0.000004 seconds (found 0 objects)
[2022.01.12-19.43.42:478][  2]LogCollectionManager: Fixed up redirectors for 1 collections in 0.000198 seconds (updated 0 objects)
[2022.01.12-19.43.43:066][ 19]LogSlate: Took 0.000539 seconds to synchronously load lazily loaded font '../../../Engine/Content/Slate/Fonts/Roboto-Light.ttf' (159K)
[2022.01.12-19.45.35:121][164]LogTemp: Repeating last play command: Standalone Game
[2022.01.12-19.45.35:224][164]LogSlate: Took 0.000225 seconds to synchronously load lazily loaded font '../../../Engine/Content/Slate/Fonts/Roboto-Light.ttf' (159K)
[2022.01.12-19.45.35:734][164]LogSavePackage: Save=457.20ms
[2022.01.12-19.45.35:734][164]LogSavePackage: Moving '../../../../../Documents/Unreal_Things/GameScripting_218 - Backup 4.17/Saved/UEDPCPlaygroundB80903754C2C96B89E4802A957671F8D.tmp' to '../../../../../Documents/Unreal_Things/GameScripting_218 - Backup 4.17/Saved/Autosaves/Game/UEDPCPlayground.umap'
[2022.01.12-19.45.35:753][164]LogSavePackage: Display: Finished SavePackage ../../../../../Documents/Unreal_Things/GameScripting_218 - Backup 4.17/Saved/Autosaves/Game/UEDPCPlayground.umap
[2022.01.12-19.45.35:758][164]LogEditorTransaction: Undo Spawn Play From Here Start
[2022.01.12-19.55.28:590][497]LogAIModule: Creating AISystem for world MainMenuLevel
[2022.01.12-19.55.28:652][497]Cmd: MAP LOAD FILE="../../../../../Documents/Unreal_Things/GameScripting_218 - Backup 4.17/Content/MainMenuLevel.umap" TEMPLATE=0 SHOWPROGRESS=1 FEATURELEVEL=3
[2022.01.12-19.55.28:652][497]LightingResults: New page: Lighting Build
[2022.01.12-19.55.28:653][497]LoadErrors: New page: Loading map: MainMenuLevel.umap
[2022.01.12-19.55.28:656][497]MapCheck: New page: Map Check
[2022.01.12-19.55.28:656][497]LightingResults: New page: Lighting Build
[2022.01.12-19.55.28:677][497]LogEditorServer: Finished looking for orphan Actors (0.000 secs)
[2022.01.12-19.55.28:701][497]Cmd: MAP CHECKDEP NOCLEARLOG
[2022.01.12-19.55.28:747][497]MapCheck: Map check complete: 0 Error(s), 0 Warning(s), took 46.596ms to complete.
[2022.01.12-19.55.28:747][497]LogFileHelpers: Loading map 'MainMenuLevel' took 0.095
[2022.01.12-19.55.30:497][706]LogTemp: Repeating last play command: Standalone Game
[2022.01.12-19.55.30:615][706]LogSavePackage: Save=24.34ms
[2022.01.12-19.55.30:615][706]LogSavePackage: Moving '../../../../../Documents/Unreal_Things/GameScripting_218 - Backup 4.17/Saved/UEDPCMainMenuLevelD75A0D7E4C80C3A3BA42B5B05BC5353C.tmp' to '../../../../../Documents/Unreal_Things/GameScripting_218 - Backup 4.17/Saved/Autosaves/Game/UEDPCMainMenuLevel.umap'
[2022.01.12-19.55.30:616][706]LogSavePackage: Display: Finished SavePackage ../../../../../Documents/Unreal_Things/GameScripting_218 - Backup 4.17/Saved/Autosaves/Game/UEDPCMainMenuLevel.umap
[2022.01.12-19.55.30:621][706]LogEditorTransaction: Undo Spawn Play From Here Start
[2022.01.12-19.55.53:398][171]LogLinker: Warning: Can't find file '/Game/Blueprints/Car/Unposses'
[2022.01.12-19.55.53:398][171]LogLinker: Warning: Can't find file for asset '/Game/Blueprints/Car/Unposses' while loading ../../../../../Documents/Unreal_Things/GameScripting_218 - Backup 4.17/Content/Derby.umap.
[2022.01.12-19.55.53:398][171]LoadErrors: Error: /Game/Derby : Can't find file for asset. /Game/Blueprints/Car/Unposses
[2022.01.12-19.55.53:398][171]LogLinker: Warning: Can't find file '/Game/Blueprints/Car/Unposses'
[2022.01.12-19.55.53:398][171]LogLinker: Warning: Can't find file for asset '/Game/Blueprints/Car/Unposses' while loading ../../../../../Documents/Unreal_Things/GameScripting_218 - Backup 4.17/Content/Derby.umap.
[2022.01.12-19.55.53:399][171]LogLinker: Warning: Can't find file '/Game/Blueprints/Car/Unposses'
[2022.01.12-19.55.53:399][171]LogLinker: Warning: Can't find file for asset '/Game/Blueprints/Car/Unposses' while loading ../../../../../Documents/Unreal_Things/GameScripting_218 - Backup 4.17/Content/Derby.umap.
[2022.01.12-19.55.53:400][171]LogLinker: Warning: Can't find file '/Game/Blueprints/Car/Unposses'
[2022.01.12-19.55.53:400][171]LogLinker: Warning: Can't find file for asset '/Game/Blueprints/Car/Unposses' while loading ../../../../../Documents/Unreal_Things/GameScripting_218 - Backup 4.17/Content/Derby.umap.
[2022.01.12-19.55.53:401][171]LogLinker: Warning: Can't find file '/Game/Blueprints/Car/Unposses'
[2022.01.12-19.55.53:401][171]LogLinker: Warning: Can't find file for asset '/Game/Blueprints/Car/Unposses' while loading ../../../../../Documents/Unreal_Things/GameScripting_218 - Backup 4.17/Content/Derby.umap.
[2022.01.12-19.55.53:403][171]LogLinker: Warning: Can't find file '/Game/Blueprints/Car/Unposses'
[2022.01.12-19.55.53:404][171]LogLinker: Warning: Can't find file for asset '/Game/Blueprints/Car/Unposses' while loading NULL.
[2022.01.12-19.55.53:404][171]LogLinker: Warning: Can't find file '/Game/Blueprints/Car/Unposses'
[2022.01.12-19.55.53:404][171]LogLinker: Warning: Can't find file for asset '/Game/Blueprints/Car/Unposses' while loading NULL.
[2022.01.12-19.55.53:404][171]LogLinker: Warning: Can't find file '/Game/Blueprints/Car/Unposses'
[2022.01.12-19.55.53:404][171]LogLinker: Warning: Can't find file for asset '/Game/Blueprints/Car/Unposses' while loading NULL.
[2022.01.12-19.55.53:404][171]LogLinker: Warning: Can't find file '/Game/Blueprints/Car/Unposses'
[2022.01.12-19.55.53:404][171]LogLinker: Warning: Can't find file for asset '/Game/Blueprints/Car/Unposses' while loading NULL.
[2022.01.12-19.55.53:408][171]LogLinker: Warning: Can't find file '/Game/Blueprints/Car/Unposses'
[2022.01.12-19.55.53:408][171]LogLinker: Warning: Can't find file for asset '/Game/Blueprints/Car/Unposses' while loading NULL.
[2022.01.12-19.55.53:408][171]LogLinker: Warning: Can't find file '/Game/Blueprints/Car/Unposses'
[2022.01.12-19.55.53:408][171]LogLinker: Warning: Can't find file for asset '/Game/Blueprints/Car/Unposses' while loading NULL.
[2022.01.12-19.55.53:413][171]LogLinker: Warning: Can't find file '/Game/Blueprints/Car/Unposses'
[2022.01.12-19.55.53:413][171]LogLinker: Warning: Can't find file for asset '/Game/Blueprints/Car/Unposses' while loading NULL.
[2022.01.12-19.55.53:413][171]LogLinker: Warning: Can't find file '/Game/Blueprints/Car/Unposses'
[2022.01.12-19.55.53:413][171]LoadErrors: Failed to load /Game/Blueprints/Car/Unposses.Unposses_C Referenced by PersistentLevel
[2022.01.12-19.55.53:413][171]LogLinker: Warning: Can't find file for asset '/Game/Blueprints/Car/Unposses' while loading NULL.
[2022.01.12-19.55.53:425][171]LogTexture: Display: Building textures: Texture2D_11 (BGRA8, 64X64)
[2022.01.12-19.55.53:425][171]LogTexture: Display: Building textures: Texture2D_10 (BGRA8, 64X64)
[2022.01.12-19.55.53:425][171]LogTexture: Display: Building textures: Texture2D_13 (BGRA8, 64X64)
[2022.01.12-19.55.53:425][171]LogTexture: Display: Building textures: Texture2D_0 (BGRA8, 64X64)
[2022.01.12-19.55.53:425][171]LogTexture: Display: Building textures: Texture2D_14 (BGRA8, 64X64)
[2022.01.12-19.55.53:425][171]LogTexture: Display: Building textures: Texture2D_1 (BGRA8, 64X64)
[2022.01.12-19.55.53:425][171]LogTexture: Display: Building textures: Texture2D_18 (BGRA8, 64X64)
[2022.01.12-19.55.53:425][171]LogTexture: Display: Building textures: Texture2D_16 (BGRA8, 64X64)
[2022.01.12-19.55.53:425][171]LogTexture: Display: Building textures: Texture2D_12 (BGRA8, 64X64)
[2022.01.12-19.55.53:425][171]LogTexture: Display: Building textures: Texture2D_17 (BGRA8, 64X64)
[2022.01.12-19.55.53:425][171]LogTexture: Display: Building textures: Texture2D_15 (BGRA8, 64X64)
[2022.01.12-19.55.53:425][171]LogTexture: Display: Building textures: Texture2D_2 (BGRA8, 64X64)
[2022.01.12-19.55.53:425][171]LogTexture: Display: Building textures: Texture2D_22 (BGRA8, 64X64)
[2022.01.12-19.55.53:425][171]LogTexture: Display: Building textures: Texture2D_20 (BGRA8, 64X64)
[2022.01.12-19.55.53:425][171]LogTexture: Display: Building textures: Texture2D_23 (BGRA8, 64X64)
[2022.01.12-19.55.53:425][171]LogTexture: Display: Building textures: Texture2D_24 (BGRA8, 64X64)
[2022.01.12-19.55.53:425][171]LogTexture: Display: Building textures: Texture2D_21 (BGRA8, 64X64)
[2022.01.12-19.55.53:425][171]LogTexture: Display: Building textures: Texture2D_25 (BGRA8, 64X64)
[2022.01.12-19.55.53:425][171]LogTexture: Display: Building textures: Texture2D_19 (BGRA8, 64X64)
[2022.01.12-19.55.53:425][171]LogTexture: Display: Building textures: Texture2D_26 (BGRA8, 64X64)
[2022.01.12-19.55.53:425][171]LogTexture: Display: Building textures: Texture2D_3 (BGRA8, 64X64)
[2022.01.12-19.55.53:425][171]LogTexture: Display: Building textures: Texture2D_30 (BGRA8, 64X64)
[2022.01.12-19.55.53:425][171]LogTexture: Display: Building textures: Texture2D_29 (BGRA8, 64X64)
[2022.01.12-19.55.53:425][171]LogTexture: Display: Building textures: Texture2D_27 (BGRA8, 64X64)
[2022.01.12-19.55.53:425][171]LogTexture: Display: Building textures: Texture2D_28 (BGRA8, 64X64)
[2022.01.12-19.55.53:425][171]LogTexture: Display: Building textures: Texture2D_31 (BGRA8, 64X64)
[2022.01.12-19.55.53:425][171]LogTexture: Display: Building textures: Texture2D_32 (BGRA8, 64X64)
[2022.01.12-19.55.53:425][171]LogTexture: Display: Building textures: Texture2D_39 (BGRA8, 64X64)
[2022.01.12-19.55.53:425][171]LogTexture: Display: Building textures: Texture2D_34 (BGRA8, 64X64)
[2022.01.12-19.55.53:425][171]LogTexture: Display: Building textures: Texture2D_4 (BGRA8, 64X64)
[2022.01.12-19.55.53:425][171]LogTexture: Display: Building textures: Texture2D_40 (BGRA8, 64X64)
[2022.01.12-19.55.53:425][171]LogTexture: Display: Building textures: Texture2D_35 (BGRA8, 64X64)
[2022.01.12-19.55.53:425][171]LogTexture: Display: Building textures: Texture2D_36 (BGRA8, 64X64)
[2022.01.12-19.55.53:425][171]LogTexture: Display: Building textures: Texture2D_41 (BGRA8, 64X64)
[2022.01.12-19.55.53:425][171]LogTexture: Display: Building textures: Texture2D_42 (BGRA8, 64X64)
[2022.01.12-19.55.53:425][171]LogTexture: Display: Building textures: Texture2D_46 (BGRA8, 64X64)
[2022.01.12-19.55.53:425][171]LogTexture: Display: Building textures: Texture2D_48 (BGRA8, 64X64)
[2022.01.12-19.55.53:425][171]LogTexture: Display: Building textures: Texture2D_37 (BGRA8, 64X64)
[2022.01.12-19.55.53:425][171]LogTexture: Display: Building textures: Texture2D_44 (BGRA8, 64X64)
[2022.01.12-19.55.53:425][171]LogTexture: Display: Building textures: Texture2D_45 (BGRA8, 64X64)
[2022.01.12-19.55.53:425][171]LogTexture: Display: Building textures: Texture2D_50 (BGRA8, 64X64)
[2022.01.12-19.55.53:425][171]LogTexture: Display: Building textures: Texture2D_33 (BGRA8, 64X64)
[2022.01.12-19.55.53:425][171]LogTexture: Display: Building textures: Texture2D_38 (BGRA8, 64X64)
[2022.01.12-19.55.53:425][171]LogTexture: Display: Building textures: Texture2D_43 (BGRA8, 64X64)
[2022.01.12-19.55.53:425][171]LogTexture: Display: Building textures: Texture2D_5 (BGRA8, 64X64)
[2022.01.12-19.55.53:425][171]LogTexture: Display: Building textures: Texture2D_52 (BGRA8, 64X64)
[2022.01.12-19.55.53:425][171]LogTexture: Display: Building textures: Texture2D_47 (BGRA8, 64X64)
[2022.01.12-19.55.53:425][171]LogTexture: Display: Building textures: Texture2D_49 (BGRA8, 64X64)
[2022.01.12-19.55.53:425][171]LogTexture: Display: Building textures: Texture2D_53 (BGRA8, 64X64)
[2022.01.12-19.55.53:425][171]LogTexture: Display: Building textures: Texture2D_56 (BGRA8, 64X64)
[2022.01.12-19.55.53:425][171]LogTexture: Display: Building textures: Texture2D_55 (BGRA8, 64X64)
[2022.01.12-19.55.53:425][171]LogTexture: Display: Building textures: Texture2D_51 (BGRA8, 64X64)
[2022.01.12-19.55.53:425][171]LogTexture: Display: Building textures: Texture2D_58 (BGRA8, 64X64)
[2022.01.12-19.55.53:425][171]LogTexture: Display: Building textures: Texture2D_54 (BGRA8, 64X64)
[2022.01.12-19.55.53:425][171]LogTexture: Display: Building textures: Texture2D_61 (BGRA8, 64X64)
[2022.01.12-19.55.53:425][171]LogTexture: Display: Building textures: Texture2D_62 (BGRA8, 64X64)
[2022.01.12-19.55.53:425][171]LogTexture: Display: Building textures: Texture2D_6 (BGRA8, 64X64)
[2022.01.12-19.55.53:425][171]LogTexture: Display: Building textures: Texture2D_57 (BGRA8, 64X64)
[2022.01.12-19.55.53:425][171]LogTexture: Display: Building textures: Texture2D_59 (BGRA8, 64X64)
[2022.01.12-19.55.53:425][171]LogTexture: Display: Building textures: Texture2D_7 (BGRA8, 64X64)
[2022.01.12-19.55.53:425][171]LogTexture: Display: Building textures: Texture2D_8 (BGRA8, 64X64)
[2022.01.12-19.55.53:425][171]LogTexture: Display: Building textures: Texture2D_63 (BGRA8, 64X64)
[2022.01.12-19.55.53:425][171]LogTexture: Display: Building textures: Texture2D_60 (BGRA8, 64X64)
[2022.01.12-19.55.53:425][171]LogTexture: Display: Building textures: Texture2D_9 (BGRA8, 64X64)
[2022.01.12-19.55.53:426][171]LogAIModule: Creating AISystem for world Derby
[2022.01.12-19.55.53:451][171]Cmd: MAP LOAD FILE="../../../../../Documents/Unreal_Things/GameScripting_218 - Backup 4.17/Content/Derby.umap" TEMPLATE=0 SHOWPROGRESS=1 FEATURELEVEL=3
[2022.01.12-19.55.53:451][171]LightingResults: New page: Lighting Build
[2022.01.12-19.55.53:451][171]LoadErrors: New page: Loading map: Derby.umap
[2022.01.12-19.55.53:452][171]MapCheck: New page: Map Check
[2022.01.12-19.55.53:452][171]LightingResults: New page: Lighting Build
[2022.01.12-19.55.53:517][171]LogEditorServer: Finished looking for orphan Actors (0.000 secs)
[2022.01.12-19.55.53:547][171]Cmd: MAP CHECKDEP NOCLEARLOG
[2022.01.12-19.55.53:597][171]MapCheck: Map check complete: 0 Error(s), 0 Warning(s), took 49.672ms to complete.
[2022.01.12-19.55.53:598][171]LogFileHelpers: Loading map 'Derby' took 0.146
[2022.01.12-19.55.53:602][171]LoadErrors: Warning: CreateExport: Failed to load Outer for resource 'Sprite': Unposses_C /Game/Derby.Derby:PersistentLevel.Unposses_2
[2022.01.12-19.55.53:602][171]LoadErrors: Warning: CreateExport: Failed to load Outer for resource 'CollisionComp': Unposses_C /Game/Derby.Derby:PersistentLevel.Unposses_2
[2022.01.12-19.55.57:126][586]Cmd: SELECT NONE
[2022.01.12-19.55.58:330][714]LogAIModule: Creating AISystem for world Playground
[2022.01.12-19.55.58:374][714]Cmd: MAP LOAD FILE="../../../../../Documents/Unreal_Things/GameScripting_218 - Backup 4.17/Content/Playground.umap" TEMPLATE=0 SHOWPROGRESS=1 FEATURELEVEL=3
[2022.01.12-19.55.58:374][714]LightingResults: New page: Lighting Build
[2022.01.12-19.55.58:374][714]LoadErrors: New page: Loading map: Playground.umap
[2022.01.12-19.55.58:375][714]MapCheck: New page: Map Check
[2022.01.12-19.55.58:375][714]LightingResults: New page: Lighting Build
[2022.01.12-19.55.58:425][714]LogEditorServer: Finished looking for orphan Actors (0.000 secs)
[2022.01.12-19.55.58:461][714]Cmd: MAP CHECKDEP NOCLEARLOG
[2022.01.12-19.55.58:505][714]MapCheck: Map check complete: 0 Error(s), 0 Warning(s), took 44.047ms to complete.
[2022.01.12-19.55.58:505][714]LogFileHelpers: Loading map 'Playground' took 0.131
[2022.01.12-21.39.47:049][439]Cmd: QUIT_EDITOR
[2022.01.12-21.39.47:289][439]LogWindowsTextInputMethodSystem: Display: IME system now deactivated.
[2022.01.12-21.39.47:297][439]LogExit: Preparing to exit.
[2022.01.12-21.39.47:723][439]LogDirectoryWatcher: A directory notification for 'D:/Documents/Unreal_Things/GameScripting_218 - Backup 4.17/Content/' was aborted.
[2022.01.12-21.39.47:759][439]LogExit: Editor shut down
[2022.01.12-21.39.47:763][439]LogExit: Transaction tracking system shut down
[2022.01.12-21.39.47:914][439]LogDirectoryWatcher: A directory notification for '../../../Engine/Content/' was aborted.
[2022.01.12-21.39.47:914][439]LogDirectoryWatcher: A directory notification for '../../../../../Documents/Unreal_Things/GameScripting_218 - Backup 4.17/Content/' was aborted.
[2022.01.12-21.39.47:914][439]LogDirectoryWatcher: A directory notification for '../../../Engine/Plugins/2D/Paper2D/Content/' was aborted.
[2022.01.12-21.39.47:914][439]LogDirectoryWatcher: A directory notification for '../../../Engine/Plugins/Runtime/Oculus/OculusVR/Content/' was aborted.
[2022.01.12-21.39.47:914][439]LogDirectoryWatcher: A directory notification for '../../../Engine/Plugins/Runtime/Steam/SteamVR/Content/' was aborted.
[2022.01.12-21.39.48:280][439]LogExit: Object subsystem successfully closed.
[2022.01.12-21.39.48:309][439]LogD3D11RHI: Shutdown
[2022.01.12-21.39.48:309][439]LogD3D11RHI: CleanupD3DDevice
[2022.01.12-21.39.48:387][439]LogD3D11RHI: ~FD3D11DynamicRHI
[2022.01.12-21.39.48:776][439]LogModuleManager: Shutting down and abandoning module HierarchicalLODOutliner (531)
[2022.01.12-21.39.48:776][439]LogModuleManager: Shutting down and abandoning module SceneOutliner (529)
[2022.01.12-21.39.48:776][439]LogModuleManager: Shutting down and abandoning module AddContentDialog (527)
[2022.01.12-21.39.48:794][439]LogDirectoryWatcher: A directory notification for 'D:/SteamLibrary/UE_4.17/FeaturePacks/' was aborted.
[2022.01.12-21.39.48:816][439]LogModuleManager: Shutting down and abandoning module WidgetCarousel (526)
[2022.01.12-21.39.48:816][439]LogModuleManager: Shutting down and abandoning module EditorWidgets (523)
[2022.01.12-21.39.48:816][439]LogModuleManager: Shutting down and abandoning module CollectionManager (521)
[2022.01.12-21.39.48:816][439]LogDirectoryWatcher: A directory notification for 'D:/Documents/Unreal_Things/GameScripting_218 - Backup 4.17/Content/Collections/' was aborted.
[2022.01.12-21.39.48:816][439]LogDirectoryWatcher: A directory notification for 'D:/Documents/Unreal_Things/GameScripting_218 - Backup 4.17/Content/Developers/Dakota/Collections/' was aborted.
[2022.01.12-21.39.48:816][439]LogDirectoryWatcher: A directory notification for 'D:/Documents/Unreal_Things/GameScripting_218 - Backup 4.17/Saved/Collections/' was aborted.
[2022.01.12-21.39.48:816][439]LogModuleManager: Shutting down and abandoning module StatsViewer (519)
[2022.01.12-21.39.48:845][439]LogModuleManager: Shutting down and abandoning module FoliageEdit (517)
[2022.01.12-21.39.48:845][439]LogModuleManager: Shutting down and abandoning module LandscapeEditor (515)
[2022.01.12-21.39.48:857][439]LogModuleManager: Shutting down and abandoning module MeshPaintMode (513)
[2022.01.12-21.39.48:857][439]LogModuleManager: Shutting down and abandoning module SceneDepthPickerMode (511)
[2022.01.12-21.39.48:857][439]LogModuleManager: Shutting down and abandoning module ActorPickerMode (509)
[2022.01.12-21.39.48:857][439]LogModuleManager: Shutting down and abandoning module GeometryMode (507)
[2022.01.12-21.39.48:857][439]LogModuleManager: Shutting down and abandoning module TextureAlignMode (505)
[2022.01.12-21.39.48:857][439]LogModuleManager: Shutting down and abandoning module BspMode (503)
[2022.01.12-21.39.48:872][439]LogModuleManager: Shutting down and abandoning module PIEPreviewDeviceProfileSelector (501)
[2022.01.12-21.39.48:872][439]LogModuleManager: Shutting down and abandoning module HardwareSurvey (499)
[2022.01.12-21.39.48:872][439]LogModuleManager: Shutting down and abandoning module SequenceRecorderSections (497)
[2022.01.12-21.39.48:872][439]LogModuleManager: Shutting down and abandoning module AutomationWorker (495)
[2022.01.12-21.39.48:872][439]LogModuleManager: Shutting down and abandoning module MatineeToLevelSequence (493)
[2022.01.12-21.39.48:901][439]LogModuleManager: Shutting down and abandoning module LevelSequenceEditor (491)
[2022.01.12-21.39.48:916][439]LogModuleManager: Shutting down and abandoning module PlacementMode (490)
[2022.01.12-21.39.48:916][439]LogModuleManager: Shutting down and abandoning module WmfMediaFactory (487)
[2022.01.12-21.39.48:916][439]LogModuleManager: Shutting down and abandoning module WmfMediaEditor (485)
[2022.01.12-21.39.48:916][439]LogModuleManager: Shutting down and abandoning module AvfMediaFactory (483)
[2022.01.12-21.39.48:916][439]LogModuleManager: Shutting down and abandoning module AvfMediaEditor (481)
[2022.01.12-21.39.48:916][439]LogModuleManager: Shutting down and abandoning module AndroidMediaFactory (479)
[2022.01.12-21.39.48:916][439]LogModuleManager: Shutting down and abandoning module Media (478)
[2022.01.12-21.39.48:916][439]LogModuleManager: Shutting down and abandoning module AndroidMediaEditor (475)
[2022.01.12-21.39.48:916][439]LogModuleManager: Shutting down and abandoning module CharacterAI (473)
[2022.01.12-21.39.48:916][439]LogModuleManager: Shutting down and abandoning module AudioCapture (471)
[2022.01.12-21.39.48:917][439]LogModuleManager: Shutting down and abandoning module SequenceRecorder (470)
[2022.01.12-21.39.48:917][439]LogModuleManager: Shutting down and abandoning module SmartSnapping (467)
[2022.01.12-21.39.48:917][439]LogModuleManager: Shutting down and abandoning module SessionServices (465)
[2022.01.12-21.39.48:917][439]LogModuleManager: Shutting down and abandoning module ViewportSnapping (463)
[2022.01.12-21.39.48:917][439]LogModuleManager: Shutting down and abandoning module ViewportInteraction (461)
[2022.01.12-21.39.48:917][439]LogModuleManager: Shutting down and abandoning module ClothPainter (459)
[2022.01.12-21.39.48:931][439]LogModuleManager: Shutting down and abandoning module LogVisualizer (457)
[2022.01.12-21.39.48:932][439]LogModuleManager: Shutting down and abandoning module IntroTutorials (455)
[2022.01.12-21.39.48:932][439]LogModuleManager: Shutting down and abandoning module GameProjectGeneration (454)
[2022.01.12-21.39.48:953][439]LogModuleManager: Shutting down and abandoning module IOSPlatformEditor (451)
[2022.01.12-21.39.48:973][439]LogModuleManager: Shutting down and abandoning module HTML5PlatformEditor (449)
[2022.01.12-21.39.48:973][439]LogModuleManager: Shutting down and abandoning module AndroidPlatformEditor (447)
[2022.01.12-21.39.48:973][439]LogModuleManager: Shutting down and abandoning module AndroidDeviceDetection (446)
[2022.01.12-21.39.49:428][439]LogModuleManager: Shutting down and abandoning module WindowsPlatformEditor (443)
[2022.01.12-21.39.49:428][439]LogModuleManager: Shutting down and abandoning module IOSRuntimeSettings (441)
[2022.01.12-21.39.49:428][439]LogModuleManager: Shutting down and abandoning module AndroidRuntimeSettings (439)
[2022.01.12-21.39.49:428][439]LogModuleManager: Shutting down and abandoning module InputBindingEditor (437)
[2022.01.12-21.39.49:443][439]LogModuleManager: Shutting down and abandoning module MergeActors (435)
[2022.01.12-21.39.49:470][439]LogModuleManager: Shutting down and abandoning module SizeMap (433)
[2022.01.12-21.39.49:470][439]LogModuleManager: Shutting down and abandoning module TreeMap (431)
[2022.01.12-21.39.49:470][439]LogModuleManager: Shutting down and abandoning module ReferenceViewer (429)
[2022.01.12-21.39.49:470][439]LogModuleManager: Shutting down and abandoning module LocalizationDashboard (427)
[2022.01.12-21.39.49:479][439]LogModuleManager: Shutting down and abandoning module LocalizationService (426)
[2022.01.12-21.39.49:496][439]LogModuleManager: Shutting down and abandoning module HardwareTargeting (423)
[2022.01.12-21.39.49:496][439]LogModuleManager: Shutting down and abandoning module DeviceProfileEditor (421)
[2022.01.12-21.39.49:500][439]LogModuleManager: Shutting down and abandoning module UndoHistory (419)
[2022.01.12-21.39.49:500][439]LogModuleManager: Shutting down and abandoning module XmlParser (417)
[2022.01.12-21.39.49:517][439]LogModuleManager: Shutting down and abandoning module Blutility (415)
[2022.01.12-21.39.49:517][439]LogModuleManager: Shutting down and abandoning module ProjectSettingsViewer (413)
[2022.01.12-21.39.49:517][439]LogModuleManager: Shutting down and abandoning module ProjectTargetPlatformEditor (412)
[2022.01.12-21.39.49:517][439]LogModuleManager: Shutting down and abandoning module EditorSettingsViewer (409)
[2022.01.12-21.39.49:518][439]LogModuleManager: Shutting down and abandoning module SettingsEditor (407)
[2022.01.12-21.39.49:544][439]LogModuleManager: Shutting down and abandoning module ProjectLauncher (405)
[2022.01.12-21.39.49:557][439]LogModuleManager: Shutting down and abandoning module SessionFrontend (403)
[2022.01.12-21.39.49:562][439]LogModuleManager: Shutting down and abandoning module ProfilerClient (401)
[2022.01.12-21.39.49:566][439]LogModuleManager: Shutting down and abandoning module DeviceManager (399)
[2022.01.12-21.39.49:580][439]LogModuleManager: Shutting down and abandoning module TargetDeviceServices (398)
[2022.01.12-21.39.49:633][439]LogModuleManager: Shutting down and abandoning module AutomationController (395)
[2022.01.12-21.39.49:633][439]LogModuleManager: Shutting down and abandoning module AutomationWindow (393)
[2022.01.12-21.39.49:659][439]LogModuleManager: Shutting down and abandoning module Layers (391)
[2022.01.12-21.39.49:690][439]LogModuleManager: Shutting down and abandoning module ComponentVisualizers (389)
[2022.01.12-21.39.49:690][439]LogModuleManager: Shutting down and abandoning module DetailCustomizations (387)
[2022.01.12-21.39.49:697][439]LogModuleManager: Shutting down and abandoning module PackagesDialog (385)
[2022.01.12-21.39.49:698][439]LogModuleManager: Shutting down and abandoning module Persona (383)
[2022.01.12-21.39.49:746][439]LogModuleManager: Shutting down and abandoning module AdvancedPreviewScene (382)
[2022.01.12-21.39.49:746][439]LogModuleManager: Shutting down and abandoning module AnimGraph (380)
[2022.01.12-21.39.49:781][439]LogModuleManager: Shutting down and abandoning module Kismet (377)
[2022.01.12-21.39.49:813][439]LogModuleManager: Shutting down and abandoning module ClassViewer (375)
[2022.01.12-21.39.49:831][439]LogModuleManager: Shutting down and abandoning module Toolbox (373)
[2022.01.12-21.39.49:831][439]LogModuleManager: Shutting down and abandoning module ModuleUI (371)
[2022.01.12-21.39.49:851][439]LogModuleManager: Shutting down and abandoning module MovieSceneTools (369)
[2022.01.12-21.39.49:925][439]LogModuleManager: Shutting down and abandoning module OutputLog (367)
[2022.01.12-21.39.49:937][439]LogModuleManager: Shutting down and abandoning module GammaUI (365)
[2022.01.12-21.39.49:949][439]LogModuleManager: Shutting down and abandoning module Documentation (363)
[2022.01.12-21.39.49:949][439]LogModuleManager: Shutting down and abandoning module MovieSceneTracks (361)
[2022.01.12-21.39.49:949][439]LogModuleManager: Shutting down and abandoning module MovieScene (359)
[2022.01.12-21.39.49:949][439]LogModuleManager: Shutting down and abandoning module Niagara (357)
[2022.01.12-21.39.49:949][439]LogModuleManager: Shutting down and abandoning module NiagaraEditor (356)
[2022.01.12-21.39.49:949][439]LogModuleManager: Shutting down and abandoning module StreamingPauseRendering (353)
[2022.01.12-21.39.49:949][439]LogModuleManager: Shutting down and abandoning module LauncherPlatform (351)
[2022.01.12-21.39.49:949][439]LogModuleManager: Shutting down and abandoning module AnalyticsET (349)
[2022.01.12-21.39.49:949][439]LogModuleManager: Shutting down and abandoning module PortalServices (347)
[2022.01.12-21.39.49:949][439]LogModuleManager: Shutting down and abandoning module PortalRpc (345)
[2022.01.12-21.39.49:949][439]LogModuleManager: Shutting down and abandoning module MessagingRpc (343)
[2022.01.12-21.39.49:949][439]LogModuleManager: Shutting down and abandoning module AIModule (341)
[2022.01.12-21.39.49:949][439]LogModuleManager: Shutting down and abandoning module GameplayDebugger (340)
[2022.01.12-21.39.49:949][439]LogModuleManager: Shutting down and abandoning module AITestSuite (338)
[2022.01.12-21.39.49:949][439]LogModuleManager: Shutting down and abandoning module ProfilerService (335)
[2022.01.12-21.39.49:985][439]LogModuleManager: Shutting down and abandoning module TaskGraph (333)
[2022.01.12-21.39.49:985][439]LogModuleManager: Shutting down and abandoning module SteamVRController (331)
[2022.01.12-21.39.49:985][439]LogModuleManager: Shutting down and abandoning module ProceduralMeshComponentEditor (329)
[2022.01.12-21.39.49:985][439]LogModuleManager: Shutting down and abandoning module ProceduralMeshComponent (327)
[2022.01.12-21.39.49:985][439]LogModuleManager: Shutting down and abandoning module OculusInput (325)
[2022.01.12-21.39.49:985][439]LogModuleManager: Shutting down and abandoning module MobilePatchingUtils (323)
[2022.01.12-21.39.49:985][439]LogModuleManager: Shutting down and abandoning module CustomMeshComponent (321)
[2022.01.12-21.39.49:985][439]LogModuleManager: Shutting down and abandoning module CableComponent (319)
[2022.01.12-21.39.49:985][439]LogModuleManager: Shutting down and abandoning module ArchVisCharacter (317)
[2022.01.12-21.39.49:985][439]LogModuleManager: Shutting down and abandoning module AndroidPermission (315)
[2022.01.12-21.39.49:985][439]LogModuleManager: Shutting down and abandoning module MediaPlayerEditor (313)
[2022.01.12-21.39.50:062][439]LogModuleManager: Shutting down and abandoning module HTML5Networking (311)
[2022.01.12-21.39.50:062][439]LogModuleManager: Shutting down and abandoning module AlembicImporter (309)
[2022.01.12-21.39.50:077][439]LogModuleManager: Shutting down and abandoning module AlembicLibrary (308)
[2022.01.12-21.39.50:077][439]LogModuleManager: Shutting down and abandoning module GeometryCache (307)
[2022.01.12-21.39.50:077][439]LogModuleManager: Shutting down and abandoning module GeometryCacheEd (306)
[2022.01.12-21.39.50:077][439]LogModuleManager: Shutting down and abandoning module SpeedTreeImporter (301)
[2022.01.12-21.39.50:077][439]LogModuleManager: Shutting down and abandoning module PluginBrowser (299)
[2022.01.12-21.39.50:082][439]LogModuleManager: Shutting down and abandoning module MobileLauncherProfileWizard (297)
[2022.01.12-21.39.50:087][439]LogModuleManager: Shutting down and abandoning module VisualStudioSourceCodeAccess (295)
[2022.01.12-21.39.50:087][439]LogModuleManager: Shutting down and abandoning module DesktopPlatform (294)
[2022.01.12-21.39.50:087][439]LogModuleManager: Shutting down and abandoning module UObjectPlugin (291)
[2022.01.12-21.39.50:087][439]LogModuleManager: Shutting down and abandoning module SubversionSourceControl (289)
[2022.01.12-21.39.50:087][439]LogModuleManager: Shutting down and abandoning module PerforceSourceControl (287)
[2022.01.12-21.39.50:087][439]LogModuleManager: Shutting down and abandoning module GitSourceControl (285)
[2022.01.12-21.39.50:096][439]LogModuleManager: Shutting down and abandoning module SourceControl (284)
[2022.01.12-21.39.50:096][439]LogModuleManager: Shutting down and abandoning module LightPropagationVolumeEditor (281)
[2022.01.12-21.39.50:096][439]LogModuleManager: Shutting down and abandoning module PaperTiledImporter (279)
[2022.01.12-21.39.50:096][439]LogModuleManager: Shutting down and abandoning module PaperSpriteSheetImporter (277)
[2022.01.12-21.39.50:096][439]LogModuleManager: Shutting down and abandoning module Paper2DEditor (275)
[2022.01.12-21.39.50:109][439]LogModuleManager: Shutting down and abandoning module MeshPaint (274)
[2022.01.12-21.39.50:109][439]LogModuleManager: Shutting down and abandoning module LevelEditor (272)
[2022.01.12-21.39.50:109][439]LogModuleManager: Shutting down and abandoning module PixelInspectorModule (271)
[2022.01.12-21.39.50:133][439]LogModuleManager: Shutting down and abandoning module MainFrame (269)
[2022.01.12-21.39.50:133][439]LogModuleManager: Shutting down and abandoning module HotReload (268)
[2022.01.12-21.39.50:133][439]LogModuleManager: Shutting down and abandoning module RuntimePhysXCooking (263)
[2022.01.12-21.39.50:133][439]LogModuleManager: Shutting down and abandoning module PhysXVehiclesEditor (261)
[2022.01.12-21.39.50:133][439]LogModuleManager: Shutting down and abandoning module PhysXVehicles (259)
[2022.01.12-21.39.50:133][439]LogModuleManager: Shutting down and abandoning module OculusEditor (257)
[2022.01.12-21.39.50:133][439]LogModuleManager: Shutting down and abandoning module LocationServicesBPLibrary (255)
[2022.01.12-21.39.50:133][439]LogModuleManager: Shutting down and abandoning module ImmediatePhysicsEditor (253)
[2022.01.12-21.39.50:133][439]LogModuleManager: Shutting down and abandoning module ImmediatePhysics (251)
[2022.01.12-21.39.50:133][439]LogModuleManager: Shutting down and abandoning module UdpMessaging (249)
[2022.01.12-21.39.50:239][439]LogModuleManager: Shutting down and abandoning module TcpMessaging (247)
[2022.01.12-21.39.50:344][439]LogModuleManager: Shutting down and abandoning module GameplayTagsEditor (245)
[2022.01.12-21.39.50:379][439]LogModuleManager: Shutting down and abandoning module FacialAnimationEditor (243)
[2022.01.12-21.39.50:379][439]LogModuleManager: Shutting down and abandoning module FacialAnimation (241)
[2022.01.12-21.39.50:379][439]LogModuleManager: Shutting down and abandoning module AssetManagerEditor (239)
[2022.01.12-21.39.50:379][439]LogModuleManager: Shutting down and abandoning module GraphEditor (238)
[2022.01.12-21.39.50:379][439]LogModuleManager: Shutting down and abandoning module ContentBrowser (236)
[2022.01.12-21.39.50:380][439]LogModuleManager: Shutting down and abandoning module LightPropagationVolumeRuntime (233)
[2022.01.12-21.39.50:380][439]LogModuleManager: Shutting down and abandoning module Paper2D (231)
[2022.01.12-21.39.50:380][439]LogModuleManager: Shutting down and abandoning module WindowsMoviePlayer (229)
[2022.01.12-21.39.50:380][439]LogModuleManager: Shutting down and abandoning module WmfMedia (227)
[2022.01.12-21.39.50:381][439]LogModuleManager: Shutting down and abandoning module PacketHandler (225)
[2022.01.12-21.39.50:381][439]LogModuleManager: Shutting down and abandoning module ClothingSystemEditor (223)
[2022.01.12-21.39.50:381][439]LogModuleManager: Shutting down and abandoning module ClothingSystemRuntime (221)
[2022.01.12-21.39.50:381][439]LogModuleManager: Shutting down and abandoning module Overlay (219)
[2022.01.12-21.39.50:381][439]LogModuleManager: Shutting down and abandoning module OverlayEditor (218)
[2022.01.12-21.39.50:381][439]LogModuleManager: Shutting down and abandoning module MediaAssets (215)
[2022.01.12-21.39.50:381][439]LogModuleManager: Shutting down and abandoning module VREditor (213)
[2022.01.12-21.39.50:400][439]LogModuleManager: Shutting down and abandoning module StringTableEditor (211)
[2022.01.12-21.39.50:400][439]LogModuleManager: Shutting down and abandoning module GameplayTasksEditor (209)
[2022.01.12-21.39.50:400][439]LogModuleManager: Shutting down and abandoning module BehaviorTreeEditor (207)
[2022.01.12-21.39.50:400][439]LogModuleManager: Shutting down and abandoning module FunctionalTesting (205)
[2022.01.12-21.39.50:400][439]LogModuleManager: Shutting down and abandoning module CollisionAnalyzer (203)
[2022.01.12-21.39.50:400][439]LogModuleManager: Shutting down and abandoning module WorkspaceMenuStructure (202)
[2022.01.12-21.39.50:400][439]LogModuleManager: Shutting down and abandoning module UMG (199)
[2022.01.12-21.39.50:400][439]LogModuleManager: Shutting down and abandoning module UMGEditor (198)
[2022.01.12-21.39.50:400][439]LogModuleManager: Shutting down and abandoning module Sequencer (197)
[2022.01.12-21.39.50:445][439]LogModuleManager: Shutting down and abandoning module MessageLog (194)
[2022.01.12-21.39.50:445][439]LogModuleManager: Shutting down and abandoning module SlateReflector (189)
[2022.01.12-21.39.50:445][439]LogModuleManager: Shutting down and abandoning module Slate (187)
[2022.01.12-21.39.50:445][439]LogModuleManager: Shutting down and abandoning module EditorStyle (185)
[2022.01.12-21.39.50:446][439]LogModuleManager: Shutting down and abandoning module MRMesh (183)
[2022.01.12-21.39.50:446][439]LogModuleManager: Shutting down and abandoning module SourceCodeAccess (181)
[2022.01.12-21.39.50:446][439]LogModuleManager: Shutting down and abandoning module HeadMountedDisplay (179)
[2022.01.12-21.39.50:446][439]LogModuleManager: Shutting down and abandoning module XAudio2 (177)
[2022.01.12-21.39.50:446][439]LogModuleManager: Shutting down and abandoning module Networking (175)
[2022.01.12-21.39.50:446][439]LogModuleManager: Shutting down and abandoning module Core (173)
[2022.01.12-21.39.50:446][439]LogModuleManager: Shutting down and abandoning module KismetCompiler (169)
[2022.01.12-21.39.50:446][439]LogModuleManager: Shutting down and abandoning module LevelSequence (167)
[2022.01.12-21.39.50:446][439]LogModuleManager: Shutting down and abandoning module MeshUtilities (165)
[2022.01.12-21.39.50:446][439]LogModuleManager: Shutting down and abandoning module MeshMergeUtilities (164)
[2022.01.12-21.39.50:446][439]LogModuleManager: Shutting down and abandoning module MeshReductionInterface (163)
[2022.01.12-21.39.50:446][439]LogModuleManager: Shutting down and abandoning module SimplygonSwarm (162)
[2022.01.12-21.39.50:446][439]LogModuleManager: Shutting down and abandoning module SimplygonMeshReduction (160)
[2022.01.12-21.39.50:446][439]LogModuleManager: Shutting down and abandoning module QuadricMeshReduction (158)
[2022.01.12-21.39.50:447][439]LogModuleManager: Shutting down and abandoning module MaterialBaking (154)
[2022.01.12-21.39.50:447][439]LogModuleManager: Shutting down and abandoning module DirectoryWatcher (151)
[2022.01.12-21.39.50:447][439]LogModuleManager: Shutting down and abandoning module DerivedDataCache (149)
[2022.01.12-21.39.50:472][439]LogDerivedDataCache: Shutdown
[2022.01.12-21.39.50:472][439]LogModuleManager: Shutting down and abandoning module TargetPlatform (147)
[2022.01.12-21.39.50:472][439]LogModuleManager: Shutting down and abandoning module VulkanShaderFormat (146)
[2022.01.12-21.39.50:472][439]LogModuleManager: Shutting down and abandoning module ShaderFormatVectorVM (144)
[2022.01.12-21.39.50:472][439]LogModuleManager: Shutting down and abandoning module ShaderFormatOpenGL (142)
[2022.01.12-21.39.50:472][439]LogModuleManager: Shutting down and abandoning module ShaderFormatD3D (140)
[2022.01.12-21.39.50:472][439]LogModuleManager: Shutting down and abandoning module MetalShaderFormat (138)
[2022.01.12-21.39.50:472][439]LogModuleManager: Shutting down and abandoning module TextureFormatUncompressed (136)
[2022.01.12-21.39.50:472][439]LogModuleManager: Shutting down and abandoning module TextureFormatPVR (134)
[2022.01.12-21.39.50:472][439]LogModuleManager: Shutting down and abandoning module TextureFormatDXT (132)
[2022.01.12-21.39.50:472][439]LogModuleManager: Shutting down and abandoning module TextureFormatIntelISPCTexComp (130)
[2022.01.12-21.39.50:472][439]LogModuleManager: Shutting down and abandoning module TextureFormatASTC (128)
[2022.01.12-21.39.50:472][439]LogModuleManager: Shutting down and abandoning module ImageWrapper (127)
[2022.01.12-21.39.50:472][439]LogModuleManager: Shutting down and abandoning module TextureFormatAndroid (124)
[2022.01.12-21.39.50:472][439]LogModuleManager: Shutting down and abandoning module AudioFormatOpus (122)
[2022.01.12-21.39.50:472][439]LogModuleManager: Shutting down and abandoning module AudioFormatOgg (120)
[2022.01.12-21.39.50:472][439]LogModuleManager: Shutting down and abandoning module AudioFormatADPCM (118)
[2022.01.12-21.39.50:472][439]LogModuleManager: Shutting down and abandoning module LinuxTargetPlatform (116)
[2022.01.12-21.39.50:472][439]LogModuleManager: Shutting down and abandoning module LinuxServerTargetPlatform (114)
[2022.01.12-21.39.50:472][439]LogModuleManager: Shutting down and abandoning module LinuxNoEditorTargetPlatform (112)
[2022.01.12-21.39.50:472][439]LogModuleManager: Shutting down and abandoning module LinuxClientTargetPlatform (110)
[2022.01.12-21.39.50:472][439]LogModuleManager: Shutting down and abandoning module TVOSTargetPlatform (108)
[2022.01.12-21.39.50:472][439]LogModuleManager: Shutting down and abandoning module Messaging (106)
[2022.01.12-21.39.50:473][439]LogModuleManager: Shutting down and abandoning module IOSTargetPlatform (104)
[2022.01.12-21.39.50:473][439]LogModuleManager: Shutting down and abandoning module HTML5TargetPlatform (102)
[2022.01.12-21.39.50:473][439]LogModuleManager: Shutting down and abandoning module Android_PVRTCTargetPlatform (100)
[2022.01.12-21.39.50:473][439]LogModuleManager: Shutting down and abandoning module Android_MultiTargetPlatform (98)
[2022.01.12-21.39.50:473][439]LogModuleManager: Shutting down and abandoning module Android_ETC2TargetPlatform (96)
[2022.01.12-21.39.50:473][439]LogModuleManager: Shutting down and abandoning module Android_ETC1TargetPlatform (94)
[2022.01.12-21.39.50:473][439]LogModuleManager: Shutting down and abandoning module Android_DXTTargetPlatform (92)
[2022.01.12-21.39.50:473][439]LogModuleManager: Shutting down and abandoning module Android_ATCTargetPlatform (90)
[2022.01.12-21.39.50:473][439]LogModuleManager: Shutting down and abandoning module Android_ASTCTargetPlatform (88)
[2022.01.12-21.39.50:473][439]LogModuleManager: Shutting down and abandoning module AndroidTargetPlatform (86)
[2022.01.12-21.39.50:473][439]LogModuleManager: Shutting down and abandoning module WindowsTargetPlatform (84)
[2022.01.12-21.39.50:473][439]LogModuleManager: Shutting down and abandoning module WindowsServerTargetPlatform (82)
[2022.01.12-21.39.50:473][439]LogModuleManager: Shutting down and abandoning module WindowsNoEditorTargetPlatform (80)
[2022.01.12-21.39.50:473][439]LogModuleManager: Shutting down and abandoning module WindowsClientTargetPlatform (78)
[2022.01.12-21.39.50:473][439]LogModuleManager: Shutting down and abandoning module MacTargetPlatform (76)
[2022.01.12-21.39.50:473][439]LogModuleManager: Shutting down and abandoning module MacServerTargetPlatform (74)
[2022.01.12-21.39.50:473][439]LogModuleManager: Shutting down and abandoning module MacNoEditorTargetPlatform (72)
[2022.01.12-21.39.50:473][439]LogModuleManager: Shutting down and abandoning module MacClientTargetPlatform (70)
[2022.01.12-21.39.50:473][439]LogModuleManager: Shutting down and abandoning module AllDesktopTargetPlatform (68)
[2022.01.12-21.39.50:473][439]LogModuleManager: Shutting down and abandoning module InputCore (65)
[2022.01.12-21.39.50:473][439]LogModuleManager: Shutting down and abandoning module Settings (63)
[2022.01.12-21.39.50:473][439]LogModuleManager: Shutting down and abandoning module PhysXCooking (61)
[2022.01.12-21.39.50:473][439]LogModuleManager: Shutting down and abandoning module SteamVR (59)
[2022.01.12-21.39.50:473][439]LogModuleManager: Shutting down and abandoning module OculusHMD (57)
[2022.01.12-21.39.50:473][439]LogModuleManager: Shutting down and abandoning module ExampleDeviceProfileSelector (55)
[2022.01.12-21.39.50:473][439]LogModuleManager: Shutting down and abandoning module OnlineBlueprintSupport (53)
[2022.01.12-21.39.50:473][439]LogModuleManager: Shutting down and abandoning module OnlineSubsystem (49)
[2022.01.12-21.39.50:473][439]LogOnline: Display: OSS: FOnlineSubsystemNull::Shutdown()
[2022.01.12-21.39.50:473][439]LogOnline: Display: OSS: FOnlineAsyncTaskManager::Stop() ActiveTask:0000000000000000 Tasks[0/0]
[2022.01.12-21.39.50:473][439]LogOnline: Display: OSS: FOnlineAsyncTaskManager::Exit() started
[2022.01.12-21.39.50:473][439]LogOnline: Display: OSS: FOnlineAsyncTaskManager::Exit() finished
[2022.01.12-21.39.50:473][439]LogOnline: Display: Unloading online subsystem: NULL
[2022.01.12-21.39.50:473][439]LogModuleManager: Shutting down and abandoning module XMPP (43)
[2022.01.12-21.39.50:473][439]LogModuleManager: Shutting down and abandoning module HTTP (41)
[2022.01.12-21.39.50:473][439]LogHttp: Display: Http module shutting down, but needs to wait on 1 outstanding Http requests:
[2022.01.12-21.39.50:492][439]LogHttp: Display: 	verb=[POST] url=[https://datarouter.ol.epicgames.com/datarouter/api/v1/public/data?SessionID=%7BE86D85EE-4E8F-7FF9-AF93-39960A8AFF33%7D&AppID=UEEditor.Rocket.Release&AppVersion=4.17.2-3658906%2B%2B%2BUE4%2BRelease-4.17&UserID=2adbc42845a565e21fca80882ccddda6%7C276b7c5657b140bd94c4fd27c00dfa63%7C52444be7-c1c1-42cb-a603-b2988838c15a&AppEnvironment=datacollector-binary&UploadType=eteventstream] status=Processing
[2022.01.12-21.39.50:495][439]LogModuleManager: Shutting down and abandoning module SSL (40)
[2022.01.12-21.39.50:496][439]LogModuleManager: Shutting down and abandoning module AnimationModifiers (36)
[2022.01.12-21.39.50:496][439]LogModuleManager: Shutting down and abandoning module PropertyEditor (35)
[2022.01.12-21.39.50:496][439]LogModuleManager: Shutting down and abandoning module AudioEditor (32)
[2022.01.12-21.39.50:496][439]LogModuleManager: Shutting down and abandoning module TextureCompressor (30)
[2022.01.12-21.39.50:496][439]LogModuleManager: Shutting down and abandoning module ShaderCore (28)
[2022.01.12-21.39.50:496][439]LogModuleManager: Shutting down and abandoning module Landscape (26)
[2022.01.12-21.39.50:496][439]LogModuleManager: Shutting down and abandoning module SlateRHIRenderer (24)
[2022.01.12-21.39.50:496][439]LogModuleManager: Shutting down and abandoning module OpenGLDrv (22)
[2022.01.12-21.39.50:496][439]LogModuleManager: Shutting down and abandoning module D3D11RHI (20)
[2022.01.12-21.39.50:496][439]LogModuleManager: Shutting down and abandoning module AnimGraphRuntime (18)
[2022.01.12-21.39.50:496][439]LogModuleManager: Shutting down and abandoning module Renderer (16)
[2022.01.12-21.39.50:496][439]LogModuleManager: Shutting down and abandoning module Engine (14)
[2022.01.12-21.39.50:496][439]LogModuleManager: Shutting down and abandoning module CoreUObject (12)
[2022.01.12-21.39.50:496][439]LogModuleManager: Shutting down and abandoning module NetworkFile (10)
[2022.01.12-21.39.50:496][439]LogModuleManager: Shutting down and abandoning module CookedIterativeFile (8)
[2022.01.12-21.39.50:496][439]LogModuleManager: Shutting down and abandoning module StreamingFile (6)
[2022.01.12-21.39.50:496][439]LogModuleManager: Shutting down and abandoning module SandboxFile (4)
[2022.01.12-21.39.50:496][439]LogModuleManager: Shutting down and abandoning module PakFile (2)
[2022.01.12-21.39.50:502][439]LogExit: Exiting.
[2022.01.12-21.39.50:506][439]Log file closed, 01/12/22 14:39:50
