Log file open, 01/29/22 01:01:48
LogWindows: Failed to load 'aqProf.dll' (GetLastError=126)
LogWindows: File 'aqProf.dll' does not exist
LogWindows: Failed to load 'VtuneApi.dll' (GetLastError=126)
LogWindows: File 'VtuneApi.dll' does not exist
LogWindows: Failed to load 'VtuneApi32e.dll' (GetLastError=126)
LogWindows: File 'VtuneApi32e.dll' does not exist
LogInit: Display: Running engine for game: GameScripting_218
LogPlatformFile: Not using cached read wrapper
LogInit: Display: RandInit(-1505211150) SRandInit(-1505211150).
LogTaskGraph: Started task graph with 5 named threads and 26 total threads with 3 sets of task threads.
LogStats: Stats thread started at 2.025539
LogD3D11RHI: Aftermath initialized
LogPluginManager: Mounting plugin Paper2D
LogPluginManager: Mounting plugin LightPropagationVolume
LogPluginManager: Mounting plugin CodeLiteSourceCodeAccess
LogPluginManager: Mounting plugin GitSourceControl
LogPluginManager: Mounting plugin KDevelopSourceCodeAccess
LogPluginManager: Mounting plugin NullSourceCodeAccess
LogPluginManager: Mounting plugin PerforceSourceControl
LogPluginManager: Mounting plugin SubversionSourceControl
LogPluginManager: Mounting plugin UObjectPlugin
LogPluginManager: Mounting plugin VisualStudioSourceCodeAccess
LogPluginManager: Mounting plugin XCodeSourceCodeAccess
LogPluginManager: Mounting plugin AssetManagerEditor
LogPluginManager: Mounting plugin AudioCapture
LogPluginManager: Mounting plugin FacialAnimation
LogPluginManager: Mounting plugin GameplayTagsEditor
LogPluginManager: Mounting plugin MobileLauncherProfileWizard
LogPluginManager: Mounting plugin PluginBrowser
LogPluginManager: Mounting plugin SpeedTreeImporter
LogPluginManager: Mounting plugin AlembicImporter
LogPluginManager: Mounting plugin CharacterAI
LogPluginManager: Mounting plugin HTML5Networking
LogPluginManager: Mounting plugin AndroidMedia
LogPluginManager: Mounting plugin AvfMedia
LogPluginManager: Mounting plugin MediaPlayerEditor
LogPluginManager: Mounting plugin WmfMedia
LogPluginManager: Mounting plugin TcpMessaging
LogPluginManager: Mounting plugin UdpMessaging
LogPluginManager: Mounting plugin LevelSequenceEditor
LogPluginManager: Mounting plugin MatineeToLevelSequence
LogPluginManager: Mounting plugin OnlineSubsystemGooglePlay
LogPluginManager: Mounting plugin OnlineSubsystemIOS
LogPluginManager: Mounting plugin OnlineSubsystem
LogPluginManager: Mounting plugin OnlineSubsystemNull
LogPluginManager: Mounting plugin OnlineSubsystemUtils
LogPluginManager: Mounting plugin AndroidDeviceProfileSelector
LogPluginManager: Mounting plugin AndroidMoviePlayer
LogPluginManager: Mounting plugin AndroidPermission
LogPluginManager: Mounting plugin AppleMoviePlayer
LogPluginManager: Mounting plugin ArchVisCharacter
LogPluginManager: Mounting plugin CableComponent
LogPluginManager: Mounting plugin CustomMeshComponent
LogPluginManager: Mounting plugin ExampleDeviceProfileSelector
LogPluginManager: Mounting plugin GoogleCloudMessaging
LogPluginManager: Mounting plugin ImmediatePhysics
LogPluginManager: Mounting plugin IOSDeviceProfileSelector
LogPluginManager: Mounting plugin LinuxDeviceProfileSelector
LogPluginManager: Mounting plugin LocationServicesBPLibrary
LogPluginManager: Mounting plugin MobilePatchingUtils
LogPluginManager: Mounting plugin OculusVR
LogPluginManager: Mounting plugin PhysXVehicles
LogPluginManager: Mounting plugin ProceduralMeshComponent
LogPluginManager: Mounting plugin RuntimePhysXCooking
LogPluginManager: Mounting plugin SteamVR
LogPluginManager: Mounting plugin WindowsMoviePlayer
LogInit: Using libcurl 7.47.1
LogInit:  - built for x86_64-pc-win32
LogInit:  - supports SSL with OpenSSL/1.0.2g
LogInit:  - supports HTTP deflate (compression) using libz 1.2.8
LogInit:  - other features:
LogInit:      CURL_VERSION_SSL
LogInit:      CURL_VERSION_LIBZ
LogInit:      CURL_VERSION_IPV6
LogInit:      CURL_VERSION_ASYNCHDNS
LogInit:      CURL_VERSION_LARGEFILE
LogInit:      CURL_VERSION_IDN
LogInit:  CurlRequestOptions (configurable via config and command line):
LogInit:  - bVerifyPeer = false  - Libcurl will NOT verify peer certificate
LogInit:  - bUseHttpProxy = false  - Libcurl will NOT use HTTP proxy
LogInit:  - bDontReuseConnections = false  - Libcurl will reuse connections
LogInit:  - CertBundlePath = nullptr  - Libcurl will use whatever was configured at build time.
LogModuleManager: Warning: No filename provided for module OnlineSubsystemLAN
LogModuleManager: Warning: ModuleManager: Unable to load module 'OnlineSubsystemLAN' because the file 'D:/SteamLibrary/UE_4.17/Engine/Binaries/Win64/' was not found.
LogInit: WinSock: version 1.1 (2.2), MaxSocks=32767, MaxUdp=65467
LogHMD: Failed initializing OVRPlugin 1.15.0
LogInit: Build: ++UE4+Release-4.17-CL-3658906
LogInit: Engine Version: 4.17.2-3658906+++UE4+Release-4.17
LogInit: Compatible Engine Version: 4.17.0-3573198+++UE4+Release-4.17
LogInit: Net CL: 3573198
LogDevObjectVersion: Number of dev versions registered: 16
LogDevObjectVersion:   Dev-Blueprints (B0D832E4-1F89-4F0D-ACCF-7EB736FD4AA2): 10
LogDevObjectVersion:   Dev-Build (E1C64328-A22C-4D53-A36C-8E866417BD8C): 0
LogDevObjectVersion:   Dev-Core (375EC13C-06E4-48FB-B500-84F0262A717E): 2
LogDevObjectVersion:   Dev-Editor (E4B068ED-F494-42E9-A231-DA0B2E46BB41): 20
LogDevObjectVersion:   Dev-Framework (CFFC743F-43B0-4480-9391-14DF171D2073): 28
LogDevObjectVersion:   Dev-Mobile (B02B49B5-BB20-44E9-A304-32B752E40360): 0
LogDevObjectVersion:   Dev-Networking (A4E4105C-59A1-49B5-A7C5-40C4547EDFEE): 0
LogDevObjectVersion:   Dev-Online (39C831C9-5AE6-47DC-9A44-9C173E1C8E7C): 0
LogDevObjectVersion:   Dev-Physics (78F01B33-EBEA-4F98-B9B4-84EACCB95AA2): 0
LogDevObjectVersion:   Dev-Platform (6631380F-2D4D-43E0-8009-CF276956A95A): 0
LogDevObjectVersion:   Dev-Rendering (12F88B9F-8875-4AFC-A67C-D90C383ABD29): 19
LogDevObjectVersion:   Dev-Sequencer (7B5AE74C-D270-4C10-A958-57980B212A5A): 4
LogDevObjectVersion:   Dev-VR (D7296918-1DD6-4BDD-9DE2-64A83CC13884): 0
LogDevObjectVersion:   Dev-LoadTimes (C2A15278-BFE7-4AFE-6C17-90FF531DF755): 1
LogDevObjectVersion:   Private-Geometry (6EACA3D4-40EC-4CC1-B786-8BED09428FC5): 1
LogDevObjectVersion:   Dev-AnimPhys (29E575DD-E0A3-4627-9D10-D276232CDCEA): 7
LogInit: Compiled (64-bit): Sep 22 2017 13:47:16
LogInit: Compiled with Visual C++: 19.00.24215.01
LogInit: Build Configuration: Development
LogInit: Branch Name: ++UE4+Release-4.17
LogInit: Command line:  
LogInit: Base directory: D:/SteamLibrary/UE_4.17/Engine/Binaries/Win64/
LogInit: Installed Engine Build: 1
LogInit: Presizing for max 8388607 objects, including 0 objects not considered by GC, pre-allocating 0 bytes for permanent pool.
LogInit: Object subsystem initialized
[2022.01.29-08.02.09:716][  0]LogInit: Selected Device Profile: [Windows]
[2022.01.29-08.02.09:716][  0]LogInit: Applying CVar settings loaded from the selected device profile: [Windows]
[2022.01.29-08.02.10:928][  0]LogInit: Computer: CABOOSE
[2022.01.29-08.02.10:928][  0]LogInit: User: Dakota
[2022.01.29-08.02.10:928][  0]LogInit: CPU Page size=4096, Cores=8
[2022.01.29-08.02.10:928][  0]LogInit: High frequency timer resolution =10.000000 MHz
[2022.01.29-08.02.10:928][  0]LogMemory: Memory total: Physical=47.8GB (48GB approx)
[2022.01.29-08.02.10:928][  0]LogMemory: Platform Memory Stats for Windows
[2022.01.29-08.02.10:928][  0]LogMemory: Process Physical Memory: 289.62 MB used, 289.62 MB peak
[2022.01.29-08.02.10:928][  0]LogMemory: Process Virtual Memory: 283.45 MB used, 283.45 MB peak
[2022.01.29-08.02.10:928][  0]LogMemory: Physical Memory: 13369.32 MB used,  35620.00 MB free, 48989.32 MB total
[2022.01.29-08.02.10:928][  0]LogMemory: Virtual Memory: 4840.32 MB used,  35620.00 MB free, 134217728.00 MB total
[2022.01.29-08.02.29:234][  0]LogInit: Using OS detected language (en-US).
[2022.01.29-08.02.29:234][  0]LogInit: Using OS detected locale (en-US).
[2022.01.29-08.02.32:481][  0]LogTextLocalizationManager: No specific localization for 'en-US' exists, so the 'en' localization will be used.
[2022.01.29-08.02.48:142][  0]LogD3D11RHI: D3D11 adapters:
[2022.01.29-08.02.48:227][  0]LogD3D11RHI:    0. 'NVIDIA GeForce RTX 2080 Ti' (Feature Level 11_0)
[2022.01.29-08.02.48:227][  0]LogD3D11RHI:       11049/0/24494 MB DedicatedVideo/DedicatedSystem/SharedSystem, Outputs:3, VendorId:0x10de
[2022.01.29-08.02.48:229][  0]LogD3D11RHI:    1. 'Microsoft Basic Render Driver' (Feature Level 11_0)
[2022.01.29-08.02.48:229][  0]LogD3D11RHI:       0/0/24494 MB DedicatedVideo/DedicatedSystem/SharedSystem, Outputs:0, VendorId:0x1414
[2022.01.29-08.02.48:229][  0]LogD3D11RHI: Chosen D3D11 Adapter: 0
[2022.01.29-08.02.48:235][  0]LogD3D11RHI: Creating new Direct3DDevice
[2022.01.29-08.02.48:235][  0]LogD3D11RHI:     GPU DeviceId: 0x1e07 (for the marketing name, search the web for "GPU Device Id")
[2022.01.29-08.02.48:235][  0]LogWindows: EnumDisplayDevices:
[2022.01.29-08.02.48:236][  0]LogWindows:    0. 'NVIDIA GeForce RTX 2080 Ti' (P:0 D:1)
[2022.01.29-08.02.48:236][  0]LogWindows:    1. 'NVIDIA GeForce RTX 2080 Ti' (P:0 D:1)
[2022.01.29-08.02.48:236][  0]LogWindows:    2. 'NVIDIA GeForce RTX 2080 Ti' (P:1 D:1)
[2022.01.29-08.02.48:236][  0]LogWindows:    3. 'NVIDIA GeForce RTX 2080 Ti' (P:0 D:0)
[2022.01.29-08.02.48:236][  0]LogWindows: DebugString: GetVideoDriverDetailsInvalid PrimaryIsNotTheChoosenAdapter GetVideoDriverDetailsInvalid PrimaryIsNotTheChoosenAdapter GetVideoDriverDetailsInvalid PrimaryIsNotTheChoosenAdapter GetVideoDriverDetailsInvalid PrimaryIsNotTheChoosenAdapter FoundDriverCount:0 
[2022.01.29-08.02.48:236][  0]LogD3D11RHI:     Adapter Name: NVIDIA GeForce RTX 2080 Ti
[2022.01.29-08.02.48:236][  0]LogD3D11RHI:   Driver Version: Unknown (internal:Unknown, unified:Unknown)
[2022.01.29-08.02.48:236][  0]LogD3D11RHI:      Driver Date: Unknown
[2022.01.29-08.02.48:236][  0]LogRHI: Texture pool is 1361 MB (70% of 1945 MB)
[2022.01.29-08.02.48:298][  0]LogD3D11RHI: Async texture creation enabled
[2022.01.29-08.02.48:316][  0]LogD3D11RHI: GPU Timing Frequency: 1000.000000 (Debug: 2 1)
[2022.01.29-08.02.48:320][  0]LogShaderCompilers: Guid format shader working directory is -23 characters bigger than the processId version (../../../../../Documents/Unreal_Things/GameScripting_218 - Backup 4.17/Intermediate/Shaders/WorkingDirectory/4476/).
[2022.01.29-08.02.48:321][  0]LogShaderCompilers: Cleaned the shader compiler working directory 'C:/Users/Dakota/AppData/Local/Temp/UnrealShaderWorkingDir/F8B584E84E5C82537DB7E28CAE73C387/'.
[2022.01.29-08.02.48:321][  0]LogShaderCompilers: Display: Using Local Shader Compiler.
[2022.01.29-08.03.04:590][  0]LogTemp: Display: Loaded TP AllDesktopTargetPlatform
[2022.01.29-08.03.04:624][  0]LogTemp: Display: Loaded TP MacClientTargetPlatform
[2022.01.29-08.03.04:655][  0]LogTemp: Display: Loaded TP MacNoEditorTargetPlatform
[2022.01.29-08.03.04:860][  0]LogTemp: Display: Loaded TP MacServerTargetPlatform
[2022.01.29-08.03.05:327][  0]LogTemp: Display: Loaded TP MacTargetPlatform
[2022.01.29-08.03.05:474][  0]LogTemp: Display: Loaded TP WindowsClientTargetPlatform
[2022.01.29-08.03.05:647][  0]LogTemp: Display: Loaded TP WindowsNoEditorTargetPlatform
[2022.01.29-08.03.06:088][  0]LogTemp: Display: Loaded TP WindowsServerTargetPlatform
[2022.01.29-08.03.06:194][  0]LogTemp: Display: Loaded TP WindowsTargetPlatform
[2022.01.29-08.03.06:681][  0]LogTemp: Display: Loaded TP AndroidTargetPlatform
[2022.01.29-08.03.06:736][  0]LogTemp: Display: Loaded TP Android_ASTCTargetPlatform
[2022.01.29-08.03.06:766][  0]LogTemp: Display: Loaded TP Android_ATCTargetPlatform
[2022.01.29-08.03.06:798][  0]LogTemp: Display: Loaded TP Android_DXTTargetPlatform
[2022.01.29-08.03.06:829][  0]LogTemp: Display: Loaded TP Android_ETC1TargetPlatform
[2022.01.29-08.03.06:897][  0]LogTemp: Display: Loaded TP Android_ETC2TargetPlatform
[2022.01.29-08.03.07:028][  0]LogTemp: Display: Loaded TP Android_MultiTargetPlatform
[2022.01.29-08.03.07:028][  0]LogTemp: Display: Loaded TP Android_PVRTCTargetPlatform
[2022.01.29-08.03.07:053][  0]LogTemp: Display: Loaded TP HTML5TargetPlatform
[2022.01.29-08.03.07:272][  0]LogTemp: Display: Loaded TP IOSTargetPlatform
[2022.01.29-08.03.07:372][  0]LogTemp: Display: Loaded TP TVOSTargetPlatform
[2022.01.29-08.03.07:432][  0]LogTemp: Display: Loaded TP LinuxClientTargetPlatform
[2022.01.29-08.03.07:547][  0]LogTemp: Display: Loaded TP LinuxNoEditorTargetPlatform
[2022.01.29-08.03.07:829][  0]LogTemp: Display: Loaded TP LinuxServerTargetPlatform
[2022.01.29-08.03.08:130][  0]LogTemp: Display: Loaded TP LinuxTargetPlatform
[2022.01.29-08.03.08:130][  0]LogTargetPlatformManager: Display: Building Assets For Windows
[2022.01.29-08.03.12:666][  0]LogDerivedDataCache: Display: Max Cache Size: 512 MB
[2022.01.29-08.03.12:933][  0]LogDerivedDataCache: Loaded boot cache 0.27s 93MB C:/Users/Dakota/AppData/Local/UnrealEngine/4.17/DerivedDataCache/Boot.ddc.
[2022.01.29-08.03.12:934][  0]LogDerivedDataCache: Display: Loaded Boot cache: C:/Users/Dakota/AppData/Local/UnrealEngine/4.17/DerivedDataCache/Boot.ddc
[2022.01.29-08.03.12:934][  0]LogDerivedDataCache: FDerivedDataBackendGraph:  Pak pak cache file ../../../../../Documents/Unreal_Things/GameScripting_218 - Backup 4.17/DerivedDataCache/DDC.ddp not found, will not use a pak cache.
[2022.01.29-08.03.12:934][  0]LogDerivedDataCache: Unable to find inner node Pak for hierarchical cache Hierarchy.
[2022.01.29-08.03.12:934][  0]LogDerivedDataCache: FDerivedDataBackendGraph:  CompressedPak pak cache file ../../../../../Documents/Unreal_Things/GameScripting_218 - Backup 4.17/DerivedDataCache/Compressed.ddp not found, will not use a pak cache.
[2022.01.29-08.03.12:934][  0]LogDerivedDataCache: Unable to find inner node CompressedPak for hierarchical cache Hierarchy.
[2022.01.29-08.03.13:393][  0]LogDerivedDataCache: Display: Pak cache opened for reading ../../../Engine/DerivedDataCache/Compressed.ddp.
[2022.01.29-08.03.13:410][  0]LogDerivedDataCache: Using Local data cache path C:/Users/Dakota/AppData/Local/UnrealEngine/Common/DerivedDataCache: Writable
[2022.01.29-08.03.13:417][  0]LogMaterial: Verifying Global Shaders for PCD3D_SM5
[2022.01.29-08.03.13:418][  0]LogSlate: Using Freetype 2.6.0
[2022.01.29-08.03.13:534][  0]LogSlate: SlateFontCache - WITH_FREETYPE: 1, WITH_HARFBUZZ: 1
[2022.01.29-08.03.13:534][  0]LogSlate: SlateFontCache - WITH_FREETYPE: 1, WITH_HARFBUZZ: 1
[2022.01.29-08.04.20:131][  0]LogAssetRegistry: FAssetRegistry took 0.0245 seconds to start up
[2022.01.29-08.04.21:695][  0]LogInit: Selected Device Profile: [Windows]
[2022.01.29-08.04.34:721][  0]LogContentStreaming: Texture pool size is 0.00 MB
[2022.01.29-08.04.51:235][  0]LogSimplygon: Simplygon DLL not present - disabling.
[2022.01.29-08.04.51:469][  0]LogMeshReduction: Using SimplygonSwarm for distributed automatic mesh merging
[2022.01.29-08.04.51:469][  0]LogMeshReduction: Using QuadricMeshReduction for automatic static mesh reduction
[2022.01.29-08.04.51:469][  0]LogMeshReduction: No automatic skeletal mesh reduction module available
[2022.01.29-08.04.51:469][  0]LogMeshReduction: No automatic mesh merging module available
[2022.01.29-08.04.51:469][  0]LogMeshMerging: No automatic mesh merging module available
[2022.01.29-08.05.11:716][  0]LogNetVersion: GameScripting_218 , NetCL: 3573198, EngineNetVer: 2, GameNetVer: 0 (Checksum: 3404886685)
[2022.01.29-08.05.13:225][  0]LogPackageLocalizationCache: Processed 5 localized package path(s) for 2 prioritized culture(s) in 0.294569 seconds
[2022.01.29-08.05.13:228][  0]LogUObjectArray: 35825 objects as part of root set at end of initial load.
[2022.01.29-08.05.13:228][  0]LogUObjectAllocator: 7529104 out of 0 bytes used by permanent object pool.
[2022.01.29-08.05.13:228][  0]LogUObjectArray: CloseDisregardForGC: 0/0 objects in disregard for GC pool
[2022.01.29-08.06.03:216][  0]LogTcpMessaging: Initializing TcpMessaging bridge
[2022.01.29-08.06.03:293][  0]LogUdpMessaging: Initializing bridge on interface 0.0.0.0:0 to multicast group 230.0.0.1:6666.
[2022.01.29-08.06.05:185][  0]LogMaterial: Uniform references updated for custom material expression Custom.
[2022.01.29-08.06.06:115][  0]SourceControl: Source control is disabled
[2022.01.29-08.06.06:115][  0]SourceControl: Source control is disabled
[2022.01.29-08.06.06:261][  0]SourceControl: Source control is disabled
[2022.01.29-08.06.06:383][  0]SourceControl: Source control is disabled
[2022.01.29-08.06.08:109][  0]LogAndroidPermission: UAndroidPermissionCallbackProxy::GetInstance
[2022.01.29-08.06.08:623][  0]LogOcInput: OculusInput pre-init called
[2022.01.29-08.06.09:391][  0]LogEngine: Initializing Engine...
[2022.01.29-08.06.09:392][  0]LogHMD: Failed to initialize OpenVR with code 110
[2022.01.29-08.06.13:657][  0]LogStats: UGameplayTagsManager::ConstructGameplayTagTree: Construct from data asset -  0.000 s
[2022.01.29-08.06.13:657][  0]LogStats: UGameplayTagsManager::ConstructGameplayTagTree: GameplayTagTreeChangedEvent.Broadcast -  0.000 s
[2022.01.29-08.06.14:007][  0]LogAIModule: Creating AISystem for world Untitled
[2022.01.29-08.06.14:036][  0]LogInit: XAudio2 using 'Speakers (Realtek High Definition Audio)' : 2 channels at 48 kHz using 16 bits per sample (channel mask 0x3)
[2022.01.29-08.06.14:053][  0]LogInit: FAudioDevice initialized.
[2022.01.29-08.06.14:228][  0]LogDerivedDataCache: Saved boot cache 0.18s 93MB C:/Users/Dakota/AppData/Local/UnrealEngine/4.17/DerivedDataCache/Boot.ddc.
[2022.01.29-08.06.14:242][  0]LogInit: Texture streaming: Enabled
[2022.01.29-08.06.14:616][  0]LogEngineSessionManager: EngineSessionManager initialized
[2022.01.29-08.06.20:185][  0]LogInit: Transaction tracking system initialized
[2022.01.29-08.06.20:816][  0]BlueprintLog: New page: Editor Load
[2022.01.29-08.06.23:213][  0]LocalizationService: Localization service is disabled
[2022.01.29-08.06.25:087][  0]LogConsoleResponse: Display: 
[2022.01.29-08.06.36:516][  0]LogCook: Display: Max memory allowance for cook 16384mb min free memory 0mb
[2022.01.29-08.06.36:516][  0]LogCook: Display: Mobile HDR setting 1
[2022.01.29-08.06.36:516][  0]LogGameplayTags: Display: UGameplayTagsManager::DoneAddingNativeTags. DelegateIsBound: 0
[2022.01.29-08.06.36:775][  0]LogFileCache: Scanning file cache for directory 'D:/Documents/Unreal_Things/GameScripting_218 - Backup 4.17/Content/' took 0.15s
[2022.01.29-08.06.49:967][  0]SourceControl: Source control is disabled
[2022.01.29-08.06.49:967][  0]Cmd: MAP LOAD FILE="../../../../../Documents/Unreal_Things/GameScripting_218 - Backup 4.17/Content/Playground.umap" TEMPLATE=0 SHOWPROGRESS=1 FEATURELEVEL=3
[2022.01.29-08.06.50:082][  0]LightingResults: New page: Lighting Build
[2022.01.29-08.06.50:100][  0]MapCheck: New page: Map Check
[2022.01.29-08.06.50:100][  0]LightingResults: New page: Lighting Build
[2022.01.29-08.07.05:041][  0]LogBlueprint: Warning: [Compiler AICharacter] ProjectPointToNavigation_DEPRECATED  is deprecated; This version of ProjectPointToNavigation is deprecated. Please use the new version
[2022.01.29-08.07.05:042][  0]LogBlueprint: Warning: [Compiler AICharacter] ProjectPointToNavigation_DEPRECATED  is deprecated; This version of ProjectPointToNavigation is deprecated. Please use the new version
[2022.01.29-08.07.05:042][  0]LogBlueprint: Warning: [Compiler AICharacter] GetRandomReachablePointInRadius_DEPRECATED  is deprecated; This version of GetRandomReachablePointInRadius is deprecated. Please use the new version
[2022.01.29-08.07.05:090][  0]LogBlueprint: Warning: [Compiler ThirdPersonCharacter] Character.ArrowComponent is not blueprint visible. Please fix mark up or cease accessing as this will be made an error in a future release.  Get ArrowComponent
[2022.01.29-08.07.05:219][  0]LogBlueprint: Warning: [Compiler AICharacter] [0340.57] Compile of AICharacter successful, but with 3 Warning(s) [in 232 ms] (/Game/Blueprints/AI/AICharacter.AICharacter)
[2022.01.29-08.07.05:219][  0]LogBlueprint: Warning: [Compiler ThirdPersonCharacter] [0340.57] Compile of ThirdPersonCharacter successful, but with 1 Warning(s) [in 232 ms] (/Game/Blueprints/Character/ThirdPersonCharacter.ThirdPersonCharacter)
[2022.01.29-08.07.12:693][  0]LogAIModule: Creating AISystem for world Playground
[2022.01.29-08.07.13:215][  0]LogEditorServer: Finished looking for orphan Actors (0.000 secs)
[2022.01.29-08.07.13:253][  0]Cmd: MAP CHECKDEP NOCLEARLOG
[2022.01.29-08.07.13:313][  0]MapCheck: Map check complete: 0 Error(s), 0 Warning(s), took 59.865ms to complete.
[2022.01.29-08.07.13:313][  0]LogFileHelpers: Loading map 'Playground' took 23.346
[2022.01.29-08.07.13:660][  0]LogCollectionManager: Loaded 1 collections in 0.029705 seconds
[2022.01.29-08.07.13:715][  0]LogFileCache: Scanning file cache for directory 'D:/Documents/Unreal_Things/GameScripting_218 - Backup 4.17/Saved/Collections/' took 0.01s
[2022.01.29-08.07.13:715][  0]LogFileCache: Scanning file cache for directory 'D:/Documents/Unreal_Things/GameScripting_218 - Backup 4.17/Content/Developers/Dakota/Collections/' took 0.01s
[2022.01.29-08.07.13:715][  0]LogFileCache: Scanning file cache for directory 'D:/Documents/Unreal_Things/GameScripting_218 - Backup 4.17/Content/Collections/' took 0.01s
[2022.01.29-08.07.13:715][  0]LogCollectionManager: Rebuilt the GUID cache for 1 collections in 0.000002 seconds
[2022.01.29-08.07.13:715][  0]LogCollectionManager: Rebuilt the hierarchy cache for 1 collections in 0.000000 seconds
[2022.01.29-08.07.13:721][  0]LogContentBrowser: Native class hierarchy populated in 0.0057 seconds. Added 2386 classes and 500 folders.
[2022.01.29-08.07.13:748][  0]LogContentBrowser: Native class hierarchy updated for 'WidgetCarousel' in 0.0005 seconds. Added 0 classes and 0 folders.
[2022.01.29-08.07.15:500][  0]LogContentBrowser: Native class hierarchy updated for 'AddContentDialog' in 0.0005 seconds. Added 0 classes and 0 folders.
[2022.01.29-08.07.15:637][  0]LogContentBrowser: Native class hierarchy updated for 'SceneOutliner' in 0.0005 seconds. Added 1 classes and 2 folders.
[2022.01.29-08.07.15:712][  0]LogSlate: Took 0.042681 seconds to synchronously load lazily loaded font '../../../Engine/Content/Slate/Fonts/Roboto-Regular.ttf' (155K)
[2022.01.29-08.07.15:728][  0]LogSlate: Took 0.014263 seconds to synchronously load lazily loaded font '../../../Engine/Content/Slate/Fonts/Roboto-Bold.ttf' (160K)
[2022.01.29-08.07.15:752][  0]LogSlate: Took 0.022350 seconds to synchronously load lazily loaded font '../../../Engine/Content/Editor/Slate/Fonts/FontAwesome.ttf' (139K)
[2022.01.29-08.07.15:924][  0]LogRenderer: Reallocating scene render targets to support 256x256 Format 10 NumSamples 1 (Frame:1).
[2022.01.29-08.07.15:945][  0]LogRenderer: Reallocating scene render targets to support 512x512 Format 10 NumSamples 1 (Frame:1).
[2022.01.29-08.07.15:950][  0]LogRenderer: Reallocating scene render targets to support 1528x628 Format 10 NumSamples 1 (Frame:1).
[2022.01.29-08.07.16:015][  0]LogSlate: Took 0.021658 seconds to synchronously load lazily loaded font '../../../Engine/Content/Slate/Fonts/Roboto-Light.ttf' (159K)
[2022.01.29-08.07.16:216][  0]LogContentBrowser: Native class hierarchy updated for 'HierarchicalLODOutliner' in 0.0004 seconds. Added 1 classes and 2 folders.
[2022.01.29-08.07.16:216][  0]LogLoad: (Engine Initialization) Total time: 351.56 seconds
[2022.01.29-08.07.16:216][  0]LogLoad: (Engine Initialization) Total Blueprint compile time: 0.00 seconds
[2022.01.29-08.07.16:217][  0]LogExternalProfiler: Found external profiler: VSPerf
[2022.01.29-08.07.16:217][  0]LogExternalProfiler: Using external profiler: VSPerf
[2022.01.29-08.07.16:575][  0]LogAssetRegistry: Asset discovery search completed in 176.4667 seconds
[2022.01.29-08.07.16:577][  0]LogCollectionManager: Rebuilt the object cache for 1 collections in 0.000001 seconds (found 0 objects)
[2022.01.29-08.07.16:577][  0]LogCollectionManager: Fixed up redirectors for 1 collections in 0.000040 seconds (updated 0 objects)
[2022.01.29-08.07.16:579][  0]LogContentStreaming: Texture pool size now 1000 MB
