Log file open, 01/29/22 02:51:23
LogWindows: Failed to load 'aqProf.dll' (GetLastError=126)
LogWindows: File 'aqProf.dll' does not exist
LogWindows: Failed to load 'VtuneApi.dll' (GetLastError=126)
LogWindows: File 'VtuneApi.dll' does not exist
LogWindows: Failed to load 'VtuneApi32e.dll' (GetLastError=126)
LogWindows: File 'VtuneApi32e.dll' does not exist
LogInit: Display: Running engine for game: GameScripting_218
LogPlatformFile: Not using cached read wrapper
LogInit: Display: RandInit(32585176) SRandInit(32585176).
LogTaskGraph: Started task graph with 5 named threads and 17 total threads with 3 sets of task threads.
LogStats: Stats thread started at 0.261689
LogD3D11RHI: Aftermath initialized
LogPluginManager: Mounting plugin Paper2D
LogPluginManager: Mounting plugin LightPropagationVolume
LogPluginManager: Mounting plugin CodeLiteSourceCodeAccess
LogPluginManager: Mounting plugin GitSourceControl
LogPluginManager: Mounting plugin KDevelopSourceCodeAccess
LogPluginManager: Mounting plugin NullSourceCodeAccess
LogPluginManager: Mounting plugin PerforceSourceControl
LogPluginManager: Mounting plugin SubversionSourceControl
LogPluginManager: Mounting plugin UObjectPlugin
LogPluginManager: Mounting plugin VisualStudioSourceCodeAccess
LogPluginManager: Mounting plugin XCodeSourceCodeAccess
LogPluginManager: Mounting plugin AssetManagerEditor
LogPluginManager: Mounting plugin AudioCapture
LogPluginManager: Mounting plugin FacialAnimation
LogPluginManager: Mounting plugin GameplayTagsEditor
LogPluginManager: Mounting plugin MobileLauncherProfileWizard
LogPluginManager: Mounting plugin PluginBrowser
LogPluginManager: Mounting plugin SpeedTreeImporter
LogPluginManager: Mounting plugin AlembicImporter
LogPluginManager: Mounting plugin CharacterAI
LogPluginManager: Mounting plugin HTML5Networking
LogPluginManager: Mounting plugin AndroidMedia
LogPluginManager: Mounting plugin AvfMedia
LogPluginManager: Mounting plugin MediaPlayerEditor
LogPluginManager: Mounting plugin WmfMedia
LogPluginManager: Mounting plugin TcpMessaging
LogPluginManager: Mounting plugin UdpMessaging
LogPluginManager: Mounting plugin LevelSequenceEditor
LogPluginManager: Mounting plugin MatineeToLevelSequence
LogPluginManager: Mounting plugin OnlineSubsystemGooglePlay
LogPluginManager: Mounting plugin OnlineSubsystemIOS
LogPluginManager: Mounting plugin OnlineSubsystem
LogPluginManager: Mounting plugin OnlineSubsystemNull
LogPluginManager: Mounting plugin OnlineSubsystemUtils
LogPluginManager: Mounting plugin AndroidDeviceProfileSelector
LogPluginManager: Mounting plugin AndroidMoviePlayer
LogPluginManager: Mounting plugin AndroidPermission
LogPluginManager: Mounting plugin AppleMoviePlayer
LogPluginManager: Mounting plugin ArchVisCharacter
LogPluginManager: Mounting plugin CableComponent
LogPluginManager: Mounting plugin CustomMeshComponent
LogPluginManager: Mounting plugin ExampleDeviceProfileSelector
LogPluginManager: Mounting plugin GoogleCloudMessaging
LogPluginManager: Mounting plugin ImmediatePhysics
LogPluginManager: Mounting plugin IOSDeviceProfileSelector
LogPluginManager: Mounting plugin LinuxDeviceProfileSelector
LogPluginManager: Mounting plugin LocationServicesBPLibrary
LogPluginManager: Mounting plugin MobilePatchingUtils
LogPluginManager: Mounting plugin OculusVR
LogPluginManager: Mounting plugin PhysXVehicles
LogPluginManager: Mounting plugin ProceduralMeshComponent
LogPluginManager: Mounting plugin RuntimePhysXCooking
LogPluginManager: Mounting plugin SteamVR
LogPluginManager: Mounting plugin WindowsMoviePlayer
LogInit: Using libcurl 7.47.1
LogInit:  - built for x86_64-pc-win32
LogInit:  - supports SSL with OpenSSL/1.0.2g
LogInit:  - supports HTTP deflate (compression) using libz 1.2.8
LogInit:  - other features:
LogInit:      CURL_VERSION_SSL
LogInit:      CURL_VERSION_LIBZ
LogInit:      CURL_VERSION_IPV6
LogInit:      CURL_VERSION_ASYNCHDNS
LogInit:      CURL_VERSION_LARGEFILE
LogInit:      CURL_VERSION_IDN
LogInit:  CurlRequestOptions (configurable via config and command line):
LogInit:  - bVerifyPeer = false  - Libcurl will NOT verify peer certificate
LogInit:  - bUseHttpProxy = false  - Libcurl will NOT use HTTP proxy
LogInit:  - bDontReuseConnections = false  - Libcurl will reuse connections
LogInit:  - CertBundlePath = nullptr  - Libcurl will use whatever was configured at build time.
LogModuleManager: Warning: No filename provided for module OnlineSubsystemLAN
LogModuleManager: Warning: ModuleManager: Unable to load module 'OnlineSubsystemLAN' because the file 'D:/SteamLibrary/UE_4.17/Engine/Binaries/Win64/' was not found.
LogInit: WinSock: version 1.1 (2.2), MaxSocks=32767, MaxUdp=65467
LogHMD: Failed initializing OVRPlugin 1.15.0
LogInit: Build: ++UE4+Release-4.17-CL-3658906
LogInit: Engine Version: 4.17.2-3658906+++UE4+Release-4.17
LogInit: Compatible Engine Version: 4.17.0-3573198+++UE4+Release-4.17
LogInit: Net CL: 3573198
LogDevObjectVersion: Number of dev versions registered: 16
LogDevObjectVersion:   Dev-Blueprints (B0D832E4-1F89-4F0D-ACCF-7EB736FD4AA2): 10
LogDevObjectVersion:   Dev-Build (E1C64328-A22C-4D53-A36C-8E866417BD8C): 0
LogDevObjectVersion:   Dev-Core (375EC13C-06E4-48FB-B500-84F0262A717E): 2
LogDevObjectVersion:   Dev-Editor (E4B068ED-F494-42E9-A231-DA0B2E46BB41): 20
LogDevObjectVersion:   Dev-Framework (CFFC743F-43B0-4480-9391-14DF171D2073): 28
LogDevObjectVersion:   Dev-Mobile (B02B49B5-BB20-44E9-A304-32B752E40360): 0
LogDevObjectVersion:   Dev-Networking (A4E4105C-59A1-49B5-A7C5-40C4547EDFEE): 0
LogDevObjectVersion:   Dev-Online (39C831C9-5AE6-47DC-9A44-9C173E1C8E7C): 0
LogDevObjectVersion:   Dev-Physics (78F01B33-EBEA-4F98-B9B4-84EACCB95AA2): 0
LogDevObjectVersion:   Dev-Platform (6631380F-2D4D-43E0-8009-CF276956A95A): 0
LogDevObjectVersion:   Dev-Rendering (12F88B9F-8875-4AFC-A67C-D90C383ABD29): 19
LogDevObjectVersion:   Dev-Sequencer (7B5AE74C-D270-4C10-A958-57980B212A5A): 4
LogDevObjectVersion:   Dev-VR (D7296918-1DD6-4BDD-9DE2-64A83CC13884): 0
LogDevObjectVersion:   Dev-LoadTimes (C2A15278-BFE7-4AFE-6C17-90FF531DF755): 1
LogDevObjectVersion:   Private-Geometry (6EACA3D4-40EC-4CC1-B786-8BED09428FC5): 1
LogDevObjectVersion:   Dev-AnimPhys (29E575DD-E0A3-4627-9D10-D276232CDCEA): 7
LogInit: Compiled (64-bit): Sep 22 2017 13:47:16
LogInit: Compiled with Visual C++: 19.00.24215.01
LogInit: Build Configuration: Development
LogInit: Branch Name: ++UE4+Release-4.17
LogInit: Command line:  /Temp/Autosaves/Game/UEDPCPlayground -game -PIEVIACONSOLE -ResX=1280 -ResY=720  -Multiprocess -messaging -SessionName="Play in Standalone Game" -windowed 
LogInit: Base directory: D:/SteamLibrary/UE_4.17/Engine/Binaries/Win64/
LogInit: Installed Engine Build: 1
LogInit: Presizing for max 8388607 objects, including 0 objects not considered by GC, pre-allocating 0 bytes for permanent pool.
LogInit: Object subsystem initialized
[2022.01.29-09.51.24:488][  0]LogInit: Selected Device Profile: [Windows]
[2022.01.29-09.51.24:488][  0]LogInit: Applying CVar settings loaded from the selected device profile: [Windows]
[2022.01.29-09.51.24:491][  0]LogInit: Computer: CABOOSE
[2022.01.29-09.51.24:491][  0]LogInit: User: Dakota
[2022.01.29-09.51.24:491][  0]LogInit: CPU Page size=4096, Cores=8
[2022.01.29-09.51.24:491][  0]LogInit: High frequency timer resolution =10.000000 MHz
[2022.01.29-09.51.24:491][  0]LogMemory: Memory total: Physical=47.8GB (48GB approx)
[2022.01.29-09.51.24:491][  0]LogMemory: Platform Memory Stats for Windows
[2022.01.29-09.51.24:491][  0]LogMemory: Process Physical Memory: 288.45 MB used, 288.45 MB peak
[2022.01.29-09.51.24:491][  0]LogMemory: Process Virtual Memory: 285.25 MB used, 285.25 MB peak
[2022.01.29-09.51.24:491][  0]LogMemory: Physical Memory: 16647.56 MB used,  32341.76 MB free, 48989.32 MB total
[2022.01.29-09.51.24:491][  0]LogMemory: Virtual Memory: 4836.50 MB used,  32341.76 MB free, 134217728.00 MB total
[2022.01.29-09.51.24:566][  0]LogInit: Using OS detected language (en-US).
[2022.01.29-09.51.24:566][  0]LogInit: Using OS detected locale (en-US).
[2022.01.29-09.51.24:569][  0]LogTextLocalizationManager: No specific localization for 'en-US' exists, so the 'en' localization will be used.
[2022.01.29-09.51.24:894][  0]LogD3D11RHI: D3D11 adapters:
[2022.01.29-09.51.24:967][  0]LogD3D11RHI:    0. 'NVIDIA GeForce RTX 2080 Ti' (Feature Level 11_0)
[2022.01.29-09.51.24:967][  0]LogD3D11RHI:       11049/0/24494 MB DedicatedVideo/DedicatedSystem/SharedSystem, Outputs:3, VendorId:0x10de
[2022.01.29-09.51.24:969][  0]LogD3D11RHI:    1. 'Microsoft Basic Render Driver' (Feature Level 11_0)
[2022.01.29-09.51.24:969][  0]LogD3D11RHI:       0/0/24494 MB DedicatedVideo/DedicatedSystem/SharedSystem, Outputs:0, VendorId:0x1414
[2022.01.29-09.51.24:969][  0]LogD3D11RHI: Chosen D3D11 Adapter: 0
[2022.01.29-09.51.24:976][  0]LogD3D11RHI: Creating new Direct3DDevice
[2022.01.29-09.51.24:976][  0]LogD3D11RHI:     GPU DeviceId: 0x1e07 (for the marketing name, search the web for "GPU Device Id")
[2022.01.29-09.51.24:976][  0]LogWindows: EnumDisplayDevices:
[2022.01.29-09.51.24:976][  0]LogWindows:    0. 'NVIDIA GeForce RTX 2080 Ti' (P:0 D:1)
[2022.01.29-09.51.24:976][  0]LogWindows:    1. 'NVIDIA GeForce RTX 2080 Ti' (P:0 D:1)
[2022.01.29-09.51.24:976][  0]LogWindows:    2. 'NVIDIA GeForce RTX 2080 Ti' (P:1 D:1)
[2022.01.29-09.51.24:976][  0]LogWindows:    3. 'NVIDIA GeForce RTX 2080 Ti' (P:0 D:0)
[2022.01.29-09.51.24:976][  0]LogWindows: DebugString: GetVideoDriverDetailsInvalid PrimaryIsNotTheChoosenAdapter GetVideoDriverDetailsInvalid PrimaryIsNotTheChoosenAdapter GetVideoDriverDetailsInvalid PrimaryIsNotTheChoosenAdapter GetVideoDriverDetailsInvalid PrimaryIsNotTheChoosenAdapter FoundDriverCount:0 
[2022.01.29-09.51.24:976][  0]LogD3D11RHI:     Adapter Name: NVIDIA GeForce RTX 2080 Ti
[2022.01.29-09.51.24:976][  0]LogD3D11RHI:   Driver Version: Unknown (internal:Unknown, unified:Unknown)
[2022.01.29-09.51.24:976][  0]LogD3D11RHI:      Driver Date: Unknown
[2022.01.29-09.51.24:976][  0]LogRHI: Texture pool is 1361 MB (70% of 1945 MB)
[2022.01.29-09.51.25:033][  0]LogD3D11RHI: Async texture creation enabled
[2022.01.29-09.51.25:050][  0]LogD3D11RHI: GPU Timing Frequency: 1000.000000 (Debug: 2 2)
[2022.01.29-09.51.25:052][  0]LogShaderCompilers: Guid format shader working directory is -24 characters bigger than the processId version (../../../../../Documents/Unreal_Things/GameScripting_218 - Backup 4.17/Intermediate/Shaders/WorkingDirectory/27412/).
[2022.01.29-09.51.25:053][  0]LogShaderCompilers: Cleaned the shader compiler working directory 'C:/Users/Dakota/AppData/Local/Temp/UnrealShaderWorkingDir/EB4567D14FFFEB550D5042B2C6363D33/'.
[2022.01.29-09.51.25:053][  0]LogShaderCompilers: Display: Using Local Shader Compiler.
[2022.01.29-09.51.25:556][  0]LogTemp: Display: Loaded TP WindowsClientTargetPlatform
[2022.01.29-09.51.25:579][  0]LogTemp: Display: Loaded TP WindowsNoEditorTargetPlatform
[2022.01.29-09.51.25:603][  0]LogTemp: Display: Loaded TP WindowsServerTargetPlatform
[2022.01.29-09.51.25:627][  0]LogTemp: Display: Loaded TP WindowsTargetPlatform
[2022.01.29-09.51.25:627][  0]LogTargetPlatformManager: Display: Building Assets For Windows
[2022.01.29-09.51.25:824][  0]LogDerivedDataCache: Display: Max Cache Size: 512 MB
[2022.01.29-09.51.25:882][  0]LogDerivedDataCache: Loaded boot cache 0.06s 93MB C:/Users/Dakota/AppData/Local/UnrealEngine/4.17/DerivedDataCache/Boot.ddc.
[2022.01.29-09.51.25:883][  0]LogDerivedDataCache: Display: Loaded Boot cache: C:/Users/Dakota/AppData/Local/UnrealEngine/4.17/DerivedDataCache/Boot.ddc
[2022.01.29-09.51.25:883][  0]LogDerivedDataCache: FDerivedDataBackendGraph:  Pak pak cache file ../../../../../Documents/Unreal_Things/GameScripting_218 - Backup 4.17/DerivedDataCache/DDC.ddp not found, will not use a pak cache.
[2022.01.29-09.51.25:883][  0]LogDerivedDataCache: Unable to find inner node Pak for hierarchical cache Hierarchy.
[2022.01.29-09.51.25:883][  0]LogDerivedDataCache: FDerivedDataBackendGraph:  CompressedPak pak cache file ../../../../../Documents/Unreal_Things/GameScripting_218 - Backup 4.17/DerivedDataCache/Compressed.ddp not found, will not use a pak cache.
[2022.01.29-09.51.25:883][  0]LogDerivedDataCache: Unable to find inner node CompressedPak for hierarchical cache Hierarchy.
[2022.01.29-09.51.25:891][  0]LogDerivedDataCache: Display: Pak cache opened for reading ../../../Engine/DerivedDataCache/Compressed.ddp.
[2022.01.29-09.51.25:903][  0]LogDerivedDataCache: Using Local data cache path C:/Users/Dakota/AppData/Local/UnrealEngine/Common/DerivedDataCache: Writable
[2022.01.29-09.51.25:909][  0]LogMaterial: Verifying Global Shaders for PCD3D_SM5
[2022.01.29-09.51.25:909][  0]LogSlate: Using Freetype 2.6.0
[2022.01.29-09.51.25:910][  0]LogSlate: SlateFontCache - WITH_FREETYPE: 1, WITH_HARFBUZZ: 1
[2022.01.29-09.51.25:910][  0]LogSlate: SlateFontCache - WITH_FREETYPE: 1, WITH_HARFBUZZ: 1
[2022.01.29-09.51.26:064][  0]LogAssetRegistry: FAssetRegistry took 0.0026 seconds to start up
[2022.01.29-09.51.26:078][  0]LogPackageLocalizationCache: Processed 5 localized package path(s) for 2 prioritized culture(s) in 0.004594 seconds
[2022.01.29-09.51.26:122][  0]LogInit: Selected Device Profile: [Windows]
[2022.01.29-09.51.26:193][  0]LogContentStreaming: Texture pool size is 1000.00 MB
[2022.01.29-09.51.26:338][  0]LogSimplygon: Simplygon DLL not present - disabling.
[2022.01.29-09.51.26:355][  0]LogMeshReduction: Using SimplygonSwarm for distributed automatic mesh merging
[2022.01.29-09.51.26:355][  0]LogMeshReduction: Using QuadricMeshReduction for automatic static mesh reduction
[2022.01.29-09.51.26:355][  0]LogMeshReduction: No automatic skeletal mesh reduction module available
[2022.01.29-09.51.26:355][  0]LogMeshReduction: No automatic mesh merging module available
[2022.01.29-09.51.26:355][  0]LogMeshMerging: No automatic mesh merging module available
[2022.01.29-09.51.26:542][  0]LogNetVersion: GameScripting_218 , NetCL: 3573198, EngineNetVer: 2, GameNetVer: 0 (Checksum: 3404886685)
[2022.01.29-09.51.27:140][  0]LogMoviePlayer: Initializing movie player
[2022.01.29-09.51.27:337][  0]LogCollectionManager: Loaded 1 collections in 0.000676 seconds
[2022.01.29-09.51.27:377][  0]LogFileCache: Scanning file cache for directory 'D:/Documents/Unreal_Things/GameScripting_218 - Backup 4.17/Saved/Collections/' took 0.01s
[2022.01.29-09.51.27:377][  0]LogFileCache: Scanning file cache for directory 'D:/Documents/Unreal_Things/GameScripting_218 - Backup 4.17/Content/Developers/Dakota/Collections/' took 0.01s
[2022.01.29-09.51.27:377][  0]LogFileCache: Scanning file cache for directory 'D:/Documents/Unreal_Things/GameScripting_218 - Backup 4.17/Content/Collections/' took 0.01s
[2022.01.29-09.51.27:377][  0]LogCollectionManager: Rebuilt the object cache for 1 collections in 0.000001 seconds (found 0 objects)
[2022.01.29-09.51.27:377][  0]LogCollectionManager: Fixed up redirectors for 1 collections in 0.000051 seconds (updated 0 objects)
[2022.01.29-09.51.27:451][  0]LogTcpMessaging: Initializing TcpMessaging bridge
[2022.01.29-09.51.27:474][  0]LogUdpMessaging: Initializing bridge on interface 0.0.0.0:0 to multicast group 230.0.0.1:6666.
[2022.01.29-09.51.27:713][  0]SourceControl: Source control is disabled
[2022.01.29-09.51.27:713][  0]SourceControl: Source control is disabled
[2022.01.29-09.51.27:740][  0]SourceControl: Source control is disabled
[2022.01.29-09.51.27:838][  0]LogAndroidPermission: UAndroidPermissionCallbackProxy::GetInstance
[2022.01.29-09.51.27:962][  0]LogOcInput: OculusInput pre-init called
[2022.01.29-09.51.28:010][  0]LogUObjectArray: 38661 objects as part of root set at end of initial load.
[2022.01.29-09.51.28:010][  0]LogUObjectAllocator: 8461328 out of 0 bytes used by permanent object pool.
[2022.01.29-09.51.28:010][  0]LogUObjectArray: CloseDisregardForGC: 0/0 objects in disregard for GC pool
[2022.01.29-09.51.28:066][  0]LogEngine: Initializing Engine...
[2022.01.29-09.51.28:067][  0]LogHMD: Failed to initialize OpenVR with code 110
[2022.01.29-09.51.28:188][  0]LogStats: UGameplayTagsManager::ConstructGameplayTagTree: Construct from data asset -  0.000 s
[2022.01.29-09.51.28:188][  0]LogStats: UGameplayTagsManager::ConstructGameplayTagTree: GameplayTagTreeChangedEvent.Broadcast -  0.000 s
[2022.01.29-09.51.28:204][  0]LogInit: XAudio2 using 'Speakers (Realtek High Definition Audio)' : 2 channels at 48 kHz using 16 bits per sample (channel mask 0x3)
[2022.01.29-09.51.28:220][  0]LogInit: FAudioDevice initialized.
[2022.01.29-09.51.28:243][  0]LogInit: Texture streaming: Enabled
[2022.01.29-09.51.28:254][  0]LogMaterial: Uniform references updated for custom material expression Custom.
[2022.01.29-09.51.28:377][  0]LogSlateStyle: Warning: Unable to find Slate Widget Style 'NormalText'. Using FTextBlockStyle defaults instead.
[2022.01.29-09.51.28:377][  0]LogSlateStyle: Warning: Unable to find Slate Widget Style 'SpinBox'. Using FSpinBoxStyle defaults instead.
[2022.01.29-09.51.28:478][  0]LogInit: Display: Game Engine Initialized.
[2022.01.29-09.51.28:478][  0]LogGameplayTags: Display: UGameplayTagsManager::DoneAddingNativeTags. DelegateIsBound: 0
[2022.01.29-09.51.28:541][  0]LogInit: Display: Starting Game.
[2022.01.29-09.51.28:541][  0]LogNet: Browse: /Temp/Autosaves/Game/UEDPCPlayground?Name=Player
[2022.01.29-09.51.28:542][  0]LogLoad: LoadMap: /Temp/Autosaves/Game/UEDPCPlayground?Name=Player
[2022.01.29-09.51.28:562][  0]LogMemory: Platform Memory Stats for Windows
[2022.01.29-09.51.28:562][  0]LogMemory: Process Physical Memory: 833.62 MB used, 962.48 MB peak
[2022.01.29-09.51.28:562][  0]LogMemory: Process Virtual Memory: 995.50 MB used, 1079.23 MB peak
[2022.01.29-09.51.28:562][  0]LogMemory: Physical Memory: 17124.06 MB used,  31865.26 MB free, 48989.32 MB total
[2022.01.29-09.51.28:562][  0]LogMemory: Virtual Memory: 5801.35 MB used,  31865.26 MB free, 134217728.00 MB total
[2022.01.29-09.51.28:562][  0]LogMemory: 
[2022.01.29-09.51.28:562][  0]Allocator Stats for TBB: (not implemented)
[2022.01.29-09.51.29:022][  0]LogBlueprint: Warning: [Compiler AICharacter] ProjectPointToNavigation_DEPRECATED  is deprecated; This version of ProjectPointToNavigation is deprecated. Please use the new version
[2022.01.29-09.51.29:022][  0]LogBlueprint: Warning: [Compiler AICharacter] ProjectPointToNavigation_DEPRECATED  is deprecated; This version of ProjectPointToNavigation is deprecated. Please use the new version
[2022.01.29-09.51.29:022][  0]LogBlueprint: Warning: [Compiler AICharacter] GetRandomReachablePointInRadius_DEPRECATED  is deprecated; This version of GetRandomReachablePointInRadius is deprecated. Please use the new version
[2022.01.29-09.51.29:058][  0]LogBlueprint: Warning: [Compiler ThirdPersonCharacter] Character.ArrowComponent is not blueprint visible. Please fix mark up or cease accessing as this will be made an error in a future release.  Get ArrowComponent
[2022.01.29-09.51.29:181][  0]LogBlueprint: Warning: [Compiler AICharacter] [0006.66] Compile of AICharacter successful, but with 3 Warning(s) [in 247 ms] (/Game/Blueprints/AI/AICharacter.AICharacter)
[2022.01.29-09.51.29:181][  0]LogBlueprint: Warning: [Compiler ThirdPersonCharacter] [0006.66] Compile of ThirdPersonCharacter successful, but with 1 Warning(s) [in 247 ms] (/Game/Blueprints/Character/ThirdPersonCharacter.ThirdPersonCharacter)
[2022.01.29-09.51.29:591][  0]LogAIModule: Creating AISystem for world Playground
[2022.01.29-09.51.29:591][  0]LogLoad: Game class is 'ThirdPersonMultiplayerMenu_C'
[2022.01.29-09.51.29:611][  0]PIE: Warning: Attempting to move a fully simulated skeletal mesh VehicleMesh. Please use the Teleport flag
[2022.01.29-09.51.29:614][  0]LogWorld: Bringing World /Temp/Autosaves/Game/UEDPCPlayground.Playground up for play (max tick rate 0) at 2022.01.29-02.51.29
[2022.01.29-09.51.29:616][  0]LogWorld: Bringing up level for play took: 0.024624
[2022.01.29-09.51.29:634][  0]LogBlueprintUserMessages: [ThirdPersonCharacter_1022] Successfully Saved
[2022.01.29-09.51.29:634][  0]LogLoad: Took 1.092087 seconds to LoadMap(/Temp/Autosaves/Game/UEDPCPlayground)
[2022.01.29-09.51.29:743][  0]LogRenderer: Reallocating scene render targets to support 256x256 Format 10 NumSamples 1 (Frame:1).
[2022.01.29-09.51.29:743][  0]LogRenderer: Reallocating scene render targets to support 512x512 Format 10 NumSamples 1 (Frame:1).
[2022.01.29-09.51.29:743][  0]LogRenderer: Reallocating scene render targets to support 1280x720 Format 10 NumSamples 1 (Frame:1).
[2022.01.29-09.51.29:743][  0]LogLoad: (Engine Initialization) Total time: 7.22 seconds
[2022.01.29-09.51.29:743][  0]LogLoad: (Engine Initialization) Total Blueprint compile time: 0.00 seconds
[2022.01.29-09.51.29:744][  0]LogExternalProfiler: Found external profiler: VSPerf
[2022.01.29-09.51.29:744][  0]LogExternalProfiler: Using external profiler: VSPerf
[2022.01.29-09.51.29:766][  1]LogRenderer: Reallocating scene render targets to support 256x256 Format 10 NumSamples 1 (Frame:1).
[2022.01.29-09.51.29:785][  2]LogRenderer: Reallocating scene render targets to support 1280x720 Format 10 NumSamples 1 (Frame:2).
[2022.01.29-09.51.29:817][  3]LogRenderer: Reallocating scene render targets to support 512x512 Format 10 NumSamples 1 (Frame:3).
[2022.01.29-09.51.29:825][  3]LogRenderer: Reallocating scene render targets to support 1280x720 Format 10 NumSamples 1 (Frame:3).
[2022.01.29-09.51.31:878][127]LogScriptCore: Warning: Script Msg: Attempted to access index 1 from array 'TargetArray' of length 1 in '/Game/Blueprints/NewThingsToUse/NewInventory/UI_Inventory.UI_Inventory_C:SetWidgetStyle'!
[2022.01.29-09.51.31:878][127]LogScriptCore: Warning: Script Msg: Attempted to access index 1 from array 'Inventory' of length 1 in '/Game/Blueprints/Character/ThirdPersonCharacter.ThirdPersonCharacter_C'!
[2022.01.29-09.51.31:878][127]LogScriptCore: Warning: Script Msg: Attempted to access index 2 from array 'TargetArray' of length 1 in '/Game/Blueprints/NewThingsToUse/NewInventory/UI_Inventory.UI_Inventory_C:SetWidgetStyle'!
[2022.01.29-09.51.31:878][127]LogScriptCore: Warning: Script Msg: Attempted to access index 2 from array 'Inventory' of length 1 in '/Game/Blueprints/Character/ThirdPersonCharacter.ThirdPersonCharacter_C'!
[2022.01.29-09.51.31:878][127]LogScriptCore: Warning: Script Msg: Attempted to access index 3 from array 'TargetArray' of length 1 in '/Game/Blueprints/NewThingsToUse/NewInventory/UI_Inventory.UI_Inventory_C:SetWidgetStyle'!
[2022.01.29-09.51.31:878][127]LogScriptCore: Warning: Script Msg: Attempted to access index 3 from array 'Inventory' of length 1 in '/Game/Blueprints/Character/ThirdPersonCharacter.ThirdPersonCharacter_C'!
[2022.01.29-09.51.31:878][127]LogScriptCore: Warning: Script Msg: Attempted to access index 4 from array 'TargetArray' of length 1 in '/Game/Blueprints/NewThingsToUse/NewInventory/UI_Inventory.UI_Inventory_C:SetWidgetStyle'!
[2022.01.29-09.51.31:878][127]LogScriptCore: Warning: Script Msg: Attempted to access index 4 from array 'Inventory' of length 1 in '/Game/Blueprints/Character/ThirdPersonCharacter.ThirdPersonCharacter_C'!
[2022.01.29-09.51.31:879][127]LogScriptCore: Warning: Script Msg: Attempted to access index 5 from array 'TargetArray' of length 1 in '/Game/Blueprints/NewThingsToUse/NewInventory/UI_Inventory.UI_Inventory_C:SetWidgetStyle'!
[2022.01.29-09.51.31:879][127]LogScriptCore: Warning: Script Msg: Attempted to access index 5 from array 'Inventory' of length 1 in '/Game/Blueprints/Character/ThirdPersonCharacter.ThirdPersonCharacter_C'!
[2022.01.29-09.51.31:879][127]LogScriptCore: Warning: Script Msg: Attempted to access index 6 from array 'TargetArray' of length 1 in '/Game/Blueprints/NewThingsToUse/NewInventory/UI_Inventory.UI_Inventory_C:SetWidgetStyle'!
[2022.01.29-09.51.31:879][127]LogScriptCore: Warning: Script Msg: Attempted to access index 6 from array 'Inventory' of length 1 in '/Game/Blueprints/Character/ThirdPersonCharacter.ThirdPersonCharacter_C'!
[2022.01.29-09.51.31:879][127]LogScriptCore: Warning: Script Msg: Attempted to access index 7 from array 'TargetArray' of length 1 in '/Game/Blueprints/NewThingsToUse/NewInventory/UI_Inventory.UI_Inventory_C:SetWidgetStyle'!
[2022.01.29-09.51.31:879][127]LogScriptCore: Warning: Script Msg: Attempted to access index 7 from array 'Inventory' of length 1 in '/Game/Blueprints/Character/ThirdPersonCharacter.ThirdPersonCharacter_C'!
[2022.01.29-09.51.31:879][127]LogScriptCore: Warning: Script Msg: Attempted to access index 8 from array 'TargetArray' of length 1 in '/Game/Blueprints/NewThingsToUse/NewInventory/UI_Inventory.UI_Inventory_C:SetWidgetStyle'!
[2022.01.29-09.51.31:879][127]LogScriptCore: Warning: Script Msg: Attempted to access index 8 from array 'Inventory' of length 1 in '/Game/Blueprints/Character/ThirdPersonCharacter.ThirdPersonCharacter_C'!
[2022.01.29-09.51.31:879][127]LogScriptCore: Warning: Script Msg: Attempted to access index 9 from array 'TargetArray' of length 1 in '/Game/Blueprints/NewThingsToUse/NewInventory/UI_Inventory.UI_Inventory_C:SetWidgetStyle'!
[2022.01.29-09.51.31:879][127]LogScriptCore: Warning: Script Msg: Attempted to access index 9 from array 'Inventory' of length 1 in '/Game/Blueprints/Character/ThirdPersonCharacter.ThirdPersonCharacter_C'!
[2022.01.29-09.51.34:957][318]LogScriptCore: Warning: Script Msg: Attempted to access index 0 from array 'TargetArray' of length 0 in '/Game/Blueprints/NewThingsToUse/NewInventory/UI_Inventory.UI_Inventory_C:SetWidgetStyle'!
[2022.01.29-09.51.34:957][318]LogScriptCore: Warning: Script Msg: Attempted to access index 0 from array 'Inventory' of length 0 in '/Game/Blueprints/Character/ThirdPersonCharacter.ThirdPersonCharacter_C'!
[2022.01.29-09.51.34:957][318]LogScriptCore: Warning: Script Msg: Attempted to access index 1 from array 'TargetArray' of length 0 in '/Game/Blueprints/NewThingsToUse/NewInventory/UI_Inventory.UI_Inventory_C:SetWidgetStyle'!
[2022.01.29-09.51.34:957][318]LogScriptCore: Warning: Script Msg: Attempted to access index 1 from array 'Inventory' of length 0 in '/Game/Blueprints/Character/ThirdPersonCharacter.ThirdPersonCharacter_C'!
[2022.01.29-09.51.34:957][318]LogScriptCore: Warning: Script Msg: Attempted to access index 2 from array 'TargetArray' of length 0 in '/Game/Blueprints/NewThingsToUse/NewInventory/UI_Inventory.UI_Inventory_C:SetWidgetStyle'!
[2022.01.29-09.51.34:957][318]LogScriptCore: Warning: Script Msg: Attempted to access index 2 from array 'Inventory' of length 0 in '/Game/Blueprints/Character/ThirdPersonCharacter.ThirdPersonCharacter_C'!
[2022.01.29-09.51.34:957][318]LogScriptCore: Warning: Script Msg: Attempted to access index 3 from array 'TargetArray' of length 0 in '/Game/Blueprints/NewThingsToUse/NewInventory/UI_Inventory.UI_Inventory_C:SetWidgetStyle'!
[2022.01.29-09.51.34:957][318]LogScriptCore: Warning: Script Msg: Attempted to access index 3 from array 'Inventory' of length 0 in '/Game/Blueprints/Character/ThirdPersonCharacter.ThirdPersonCharacter_C'!
[2022.01.29-09.51.34:958][318]LogScriptCore: Warning: Script Msg: Attempted to access index 4 from array 'TargetArray' of length 0 in '/Game/Blueprints/NewThingsToUse/NewInventory/UI_Inventory.UI_Inventory_C:SetWidgetStyle'!
[2022.01.29-09.51.34:958][318]LogScriptCore: Warning: Script Msg: Attempted to access index 4 from array 'Inventory' of length 0 in '/Game/Blueprints/Character/ThirdPersonCharacter.ThirdPersonCharacter_C'!
[2022.01.29-09.51.34:958][318]LogScriptCore: Warning: Script Msg: Attempted to access index 5 from array 'TargetArray' of length 0 in '/Game/Blueprints/NewThingsToUse/NewInventory/UI_Inventory.UI_Inventory_C:SetWidgetStyle'!
[2022.01.29-09.51.34:958][318]LogScriptCore: Warning: Script Msg: Attempted to access index 5 from array 'Inventory' of length 0 in '/Game/Blueprints/Character/ThirdPersonCharacter.ThirdPersonCharacter_C'!
[2022.01.29-09.51.34:958][318]LogScriptCore: Warning: Script Msg: Attempted to access index 6 from array 'TargetArray' of length 0 in '/Game/Blueprints/NewThingsToUse/NewInventory/UI_Inventory.UI_Inventory_C:SetWidgetStyle'!
[2022.01.29-09.51.34:958][318]LogScriptCore: Warning: Script Msg: Attempted to access index 6 from array 'Inventory' of length 0 in '/Game/Blueprints/Character/ThirdPersonCharacter.ThirdPersonCharacter_C'!
[2022.01.29-09.51.34:958][318]LogScriptCore: Warning: Script Msg: Attempted to access index 7 from array 'TargetArray' of length 0 in '/Game/Blueprints/NewThingsToUse/NewInventory/UI_Inventory.UI_Inventory_C:SetWidgetStyle'!
[2022.01.29-09.51.34:958][318]LogScriptCore: Warning: Script Msg: Attempted to access index 7 from array 'Inventory' of length 0 in '/Game/Blueprints/Character/ThirdPersonCharacter.ThirdPersonCharacter_C'!
[2022.01.29-09.51.34:958][318]LogScriptCore: Warning: Script Msg: Attempted to access index 8 from array 'TargetArray' of length 0 in '/Game/Blueprints/NewThingsToUse/NewInventory/UI_Inventory.UI_Inventory_C:SetWidgetStyle'!
[2022.01.29-09.51.34:958][318]LogScriptCore: Warning: Script Msg: Attempted to access index 8 from array 'Inventory' of length 0 in '/Game/Blueprints/Character/ThirdPersonCharacter.ThirdPersonCharacter_C'!
[2022.01.29-09.51.34:958][318]LogScriptCore: Warning: Script Msg: Attempted to access index 9 from array 'TargetArray' of length 0 in '/Game/Blueprints/NewThingsToUse/NewInventory/UI_Inventory.UI_Inventory_C:SetWidgetStyle'!
[2022.01.29-09.51.34:958][318]LogScriptCore: Warning: Script Msg: Attempted to access index 9 from array 'Inventory' of length 0 in '/Game/Blueprints/Character/ThirdPersonCharacter.ThirdPersonCharacter_C'!
[2022.01.29-09.51.42:090][760]LogSlate: Took 0.000260 seconds to synchronously load lazily loaded font '../../../Engine/Content/Slate/Fonts/Roboto-Regular.ttf' (155K)
[2022.01.29-09.51.44:713][915]LogWindowsTextInputMethodSystem: Display: IME system now deactivated.
[2022.01.29-09.51.44:718][915]LogWindowsTextInputMethodSystem: Display: IME system now deactivated.
[2022.01.29-09.51.44:721][915]LogEngine: All Windows Closed
[2022.01.29-09.51.44:721][915]LogWindows: FPlatformMisc::RequestExit(0)
[2022.01.29-09.51.45:081][916]LogExit: Preparing to exit.
[2022.01.29-09.51.45:081][916]LogMoviePlayer: Shutting down movie player
[2022.01.29-09.51.45:625][916]LogExit: Game engine shut down
[2022.01.29-09.51.45:666][916]LogExit: Object subsystem successfully closed.
[2022.01.29-09.51.45:688][916]LogD3D11RHI: Shutdown
[2022.01.29-09.51.45:688][916]LogD3D11RHI: CleanupD3DDevice
[2022.01.29-09.51.45:689][916]LogD3D11RHI: ~FD3D11DynamicRHI
[2022.01.29-09.51.45:692][916]LogModuleManager: Shutting down and abandoning module SequenceRecorderSections (307)
[2022.01.29-09.51.45:692][916]LogModuleManager: Shutting down and abandoning module SequenceRecorder (305)
[2022.01.29-09.51.45:692][916]LogModuleManager: Shutting down and abandoning module AutomationController (303)
[2022.01.29-09.51.45:692][916]LogModuleManager: Shutting down and abandoning module AutomationWorker (301)
[2022.01.29-09.51.45:692][916]LogModuleManager: Shutting down and abandoning module Voice (299)
[2022.01.29-09.51.45:692][916]LogModuleManager: Shutting down and abandoning module AIModule (297)
[2022.01.29-09.51.45:692][916]LogModuleManager: Shutting down and abandoning module GameplayDebugger (296)
[2022.01.29-09.51.45:692][916]LogModuleManager: Shutting down and abandoning module AITestSuite (294)
[2022.01.29-09.51.45:692][916]LogModuleManager: Shutting down and abandoning module WmfMediaFactory (291)
[2022.01.29-09.51.45:692][916]LogModuleManager: Shutting down and abandoning module AvfMediaFactory (289)
[2022.01.29-09.51.45:692][916]LogModuleManager: Shutting down and abandoning module AndroidMediaFactory (287)
[2022.01.29-09.51.45:692][916]LogModuleManager: Shutting down and abandoning module Media (286)
[2022.01.29-09.51.45:692][916]LogModuleManager: Shutting down and abandoning module CharacterAI (283)
[2022.01.29-09.51.45:692][916]LogModuleManager: Shutting down and abandoning module SessionServices (281)
[2022.01.29-09.51.45:692][916]LogModuleManager: Shutting down and abandoning module MovieSceneCapture (279)
[2022.01.29-09.51.45:692][916]LogModuleManager: Shutting down and abandoning module MovieSceneTracks (277)
[2022.01.29-09.51.45:692][916]LogModuleManager: Shutting down and abandoning module MovieScene (275)
[2022.01.29-09.51.45:692][916]LogModuleManager: Shutting down and abandoning module GeometryCache (273)
[2022.01.29-09.51.45:692][916]LogModuleManager: Shutting down and abandoning module GeometryCacheEd (272)
[2022.01.29-09.51.45:692][916]LogModuleManager: Shutting down and abandoning module Niagara (269)
[2022.01.29-09.51.45:692][916]LogModuleManager: Shutting down and abandoning module NiagaraEditor (268)
[2022.01.29-09.51.45:692][916]LogModuleManager: Shutting down and abandoning module StreamingPauseRendering (265)
[2022.01.29-09.51.45:692][916]LogModuleManager: Shutting down and abandoning module PortalServices (263)
[2022.01.29-09.51.45:692][916]LogModuleManager: Shutting down and abandoning module PortalRpc (261)
[2022.01.29-09.51.45:692][916]LogModuleManager: Shutting down and abandoning module MessagingRpc (259)
[2022.01.29-09.51.45:692][916]LogModuleManager: Shutting down and abandoning module ProfilerService (257)
[2022.01.29-09.51.45:821][916]LogModuleManager: Shutting down and abandoning module TaskGraph (255)
[2022.01.29-09.51.45:821][916]LogModuleManager: Shutting down and abandoning module SteamVRController (253)
[2022.01.29-09.51.45:821][916]LogModuleManager: Shutting down and abandoning module ProceduralMeshComponent (251)
[2022.01.29-09.51.45:821][916]LogModuleManager: Shutting down and abandoning module OculusInput (249)
[2022.01.29-09.51.45:821][916]LogModuleManager: Shutting down and abandoning module MobilePatchingUtils (247)
[2022.01.29-09.51.45:821][916]LogModuleManager: Shutting down and abandoning module CustomMeshComponent (245)
[2022.01.29-09.51.45:821][916]LogModuleManager: Shutting down and abandoning module CableComponent (243)
[2022.01.29-09.51.45:821][916]LogModuleManager: Shutting down and abandoning module ArchVisCharacter (241)
[2022.01.29-09.51.45:821][916]LogModuleManager: Shutting down and abandoning module AndroidPermission (239)
[2022.01.29-09.51.45:821][916]LogModuleManager: Shutting down and abandoning module HTML5Networking (237)
[2022.01.29-09.51.45:821][916]LogModuleManager: Shutting down and abandoning module VisualStudioSourceCodeAccess (235)
[2022.01.29-09.51.45:821][916]LogModuleManager: Shutting down and abandoning module DesktopPlatform (234)
[2022.01.29-09.51.45:821][916]LogModuleManager: Shutting down and abandoning module HotReload (232)
[2022.01.29-09.51.45:821][916]LogModuleManager: Shutting down and abandoning module UObjectPlugin (229)
[2022.01.29-09.51.45:821][916]LogModuleManager: Shutting down and abandoning module SubversionSourceControl (227)
[2022.01.29-09.51.45:821][916]LogModuleManager: Shutting down and abandoning module PerforceSourceControl (225)
[2022.01.29-09.51.45:821][916]LogModuleManager: Shutting down and abandoning module SourceControl (224)
[2022.01.29-09.51.45:821][916]LogModuleManager: Shutting down and abandoning module RuntimePhysXCooking (221)
[2022.01.29-09.51.45:821][916]LogModuleManager: Shutting down and abandoning module PhysXVehiclesEditor (219)
[2022.01.29-09.51.45:821][916]LogModuleManager: Shutting down and abandoning module PhysXVehicles (217)
[2022.01.29-09.51.45:821][916]LogModuleManager: Shutting down and abandoning module LocationServicesBPLibrary (215)
[2022.01.29-09.51.45:821][916]LogModuleManager: Shutting down and abandoning module ImmediatePhysicsEditor (213)
[2022.01.29-09.51.45:821][916]LogModuleManager: Shutting down and abandoning module ImmediatePhysics (211)
[2022.01.29-09.51.45:821][916]LogModuleManager: Shutting down and abandoning module UdpMessaging (209)
[2022.01.29-09.51.45:922][916]LogModuleManager: Shutting down and abandoning module TcpMessaging (207)
[2022.01.29-09.51.46:464][916]LogModuleManager: Shutting down and abandoning module GameplayTagsEditor (205)
[2022.01.29-09.51.46:464][916]LogModuleManager: Shutting down and abandoning module FacialAnimation (203)
[2022.01.29-09.51.46:464][916]LogModuleManager: Shutting down and abandoning module AssetManagerEditor (201)
[2022.01.29-09.51.46:464][916]LogModuleManager: Shutting down and abandoning module GraphEditor (200)
[2022.01.29-09.51.46:464][916]LogModuleManager: Shutting down and abandoning module ContentBrowser (198)
[2022.01.29-09.51.46:464][916]LogModuleManager: Shutting down and abandoning module CollectionManager (197)
[2022.01.29-09.51.46:465][916]LogDirectoryWatcher: A directory notification for 'D:/Documents/Unreal_Things/GameScripting_218 - Backup 4.17/Content/Collections/' was aborted.
[2022.01.29-09.51.46:465][916]LogDirectoryWatcher: A directory notification for 'D:/Documents/Unreal_Things/GameScripting_218 - Backup 4.17/Content/Developers/Dakota/Collections/' was aborted.
[2022.01.29-09.51.46:465][916]LogDirectoryWatcher: A directory notification for 'D:/Documents/Unreal_Things/GameScripting_218 - Backup 4.17/Saved/Collections/' was aborted.
[2022.01.29-09.51.46:465][916]LogModuleManager: Shutting down and abandoning module DirectoryWatcher (196)
[2022.01.29-09.51.46:465][916]LogModuleManager: Shutting down and abandoning module LightPropagationVolumeRuntime (191)
[2022.01.29-09.51.46:465][916]LogModuleManager: Shutting down and abandoning module Paper2D (189)
[2022.01.29-09.51.46:465][916]LogModuleManager: Shutting down and abandoning module WindowsMoviePlayer (187)
[2022.01.29-09.51.46:465][916]LogModuleManager: Shutting down and abandoning module WmfMedia (185)
[2022.01.29-09.51.46:466][916]LogModuleManager: Shutting down and abandoning module PacketHandler (183)
[2022.01.29-09.51.46:466][916]LogModuleManager: Shutting down and abandoning module ClothingSystemEditor (181)
[2022.01.29-09.51.46:466][916]LogModuleManager: Shutting down and abandoning module ClothingSystemRuntime (179)
[2022.01.29-09.51.46:466][916]LogModuleManager: Shutting down and abandoning module Overlay (177)
[2022.01.29-09.51.46:466][916]LogModuleManager: Shutting down and abandoning module OverlayEditor (176)
[2022.01.29-09.51.46:466][916]LogModuleManager: Shutting down and abandoning module MediaAssets (173)
[2022.01.29-09.51.46:466][916]LogModuleManager: Shutting down and abandoning module VREditor (171)
[2022.01.29-09.51.46:466][916]LogModuleManager: Shutting down and abandoning module StringTableEditor (169)
[2022.01.29-09.51.46:466][916]LogModuleManager: Shutting down and abandoning module GameplayTasksEditor (167)
[2022.01.29-09.51.46:466][916]LogModuleManager: Shutting down and abandoning module BehaviorTreeEditor (165)
[2022.01.29-09.51.46:466][916]LogModuleManager: Shutting down and abandoning module FunctionalTesting (163)
[2022.01.29-09.51.46:466][916]LogModuleManager: Shutting down and abandoning module CollisionAnalyzer (161)
[2022.01.29-09.51.46:466][916]LogModuleManager: Shutting down and abandoning module WorkspaceMenuStructure (160)
[2022.01.29-09.51.46:466][916]LogModuleManager: Shutting down and abandoning module UMG (157)
[2022.01.29-09.51.46:466][916]LogModuleManager: Shutting down and abandoning module UMGEditor (156)
[2022.01.29-09.51.46:466][916]LogModuleManager: Shutting down and abandoning module Sequencer (155)
[2022.01.29-09.51.46:466][916]LogModuleManager: Shutting down and abandoning module MessageLog (152)
[2022.01.29-09.51.46:466][916]LogModuleManager: Shutting down and abandoning module SlateReflector (147)
[2022.01.29-09.51.46:466][916]LogModuleManager: Shutting down and abandoning module Slate (145)
[2022.01.29-09.51.46:466][916]LogModuleManager: Shutting down and abandoning module EditorStyle (143)
[2022.01.29-09.51.46:467][916]LogModuleManager: Shutting down and abandoning module MRMesh (141)
[2022.01.29-09.51.46:467][916]LogModuleManager: Shutting down and abandoning module Messaging (139)
[2022.01.29-09.51.46:467][916]LogModuleManager: Shutting down and abandoning module SourceCodeAccess (137)
[2022.01.29-09.51.46:467][916]LogModuleManager: Shutting down and abandoning module HeadMountedDisplay (135)
[2022.01.29-09.51.46:467][916]LogModuleManager: Shutting down and abandoning module XAudio2 (133)
[2022.01.29-09.51.46:467][916]LogModuleManager: Shutting down and abandoning module Networking (131)
[2022.01.29-09.51.46:467][916]LogModuleManager: Shutting down and abandoning module Core (129)
[2022.01.29-09.51.46:467][916]LogModuleManager: Shutting down and abandoning module KismetCompiler (127)
[2022.01.29-09.51.46:467][916]LogModuleManager: Shutting down and abandoning module LevelSequence (125)
[2022.01.29-09.51.46:467][916]LogModuleManager: Shutting down and abandoning module MeshUtilities (123)
[2022.01.29-09.51.46:467][916]LogModuleManager: Shutting down and abandoning module MeshMergeUtilities (122)
[2022.01.29-09.51.46:467][916]LogModuleManager: Shutting down and abandoning module MeshReductionInterface (121)
[2022.01.29-09.51.46:467][916]LogModuleManager: Shutting down and abandoning module SimplygonSwarm (120)
[2022.01.29-09.51.46:467][916]LogModuleManager: Shutting down and abandoning module SimplygonMeshReduction (118)
[2022.01.29-09.51.46:467][916]LogModuleManager: Shutting down and abandoning module QuadricMeshReduction (116)
[2022.01.29-09.51.46:467][916]LogModuleManager: Shutting down and abandoning module MaterialBaking (112)
[2022.01.29-09.51.46:467][916]LogModuleManager: Shutting down and abandoning module DerivedDataCache (107)
[2022.01.29-09.51.46:919][916]LogDerivedDataCache: Shutdown
[2022.01.29-09.51.46:919][916]LogModuleManager: Shutting down and abandoning module TargetPlatform (105)
[2022.01.29-09.51.46:919][916]LogModuleManager: Shutting down and abandoning module VulkanShaderFormat (104)
[2022.01.29-09.51.46:919][916]LogModuleManager: Shutting down and abandoning module ShaderFormatVectorVM (102)
[2022.01.29-09.51.46:919][916]LogModuleManager: Shutting down and abandoning module ShaderFormatOpenGL (100)
[2022.01.29-09.51.46:919][916]LogModuleManager: Shutting down and abandoning module ShaderFormatD3D (98)
[2022.01.29-09.51.46:919][916]LogModuleManager: Shutting down and abandoning module MetalShaderFormat (96)
[2022.01.29-09.51.46:919][916]LogModuleManager: Shutting down and abandoning module TextureFormatUncompressed (94)
[2022.01.29-09.51.46:919][916]LogModuleManager: Shutting down and abandoning module TextureFormatPVR (92)
[2022.01.29-09.51.46:919][916]LogModuleManager: Shutting down and abandoning module TextureFormatDXT (90)
[2022.01.29-09.51.46:919][916]LogModuleManager: Shutting down and abandoning module TextureFormatIntelISPCTexComp (88)
[2022.01.29-09.51.46:919][916]LogModuleManager: Shutting down and abandoning module TextureFormatASTC (86)
[2022.01.29-09.51.46:919][916]LogModuleManager: Shutting down and abandoning module ImageWrapper (85)
[2022.01.29-09.51.46:919][916]LogModuleManager: Shutting down and abandoning module TextureFormatAndroid (82)
[2022.01.29-09.51.46:919][916]LogModuleManager: Shutting down and abandoning module AudioFormatOpus (80)
[2022.01.29-09.51.46:919][916]LogModuleManager: Shutting down and abandoning module AudioFormatOgg (78)
[2022.01.29-09.51.46:919][916]LogModuleManager: Shutting down and abandoning module AudioFormatADPCM (76)
[2022.01.29-09.51.46:919][916]LogModuleManager: Shutting down and abandoning module WindowsTargetPlatform (74)
[2022.01.29-09.51.46:919][916]LogModuleManager: Shutting down and abandoning module WindowsServerTargetPlatform (72)
[2022.01.29-09.51.46:919][916]LogModuleManager: Shutting down and abandoning module WindowsNoEditorTargetPlatform (70)
[2022.01.29-09.51.46:919][916]LogModuleManager: Shutting down and abandoning module WindowsClientTargetPlatform (68)
[2022.01.29-09.51.46:919][916]LogModuleManager: Shutting down and abandoning module InputCore (65)
[2022.01.29-09.51.46:919][916]LogModuleManager: Shutting down and abandoning module Settings (63)
[2022.01.29-09.51.46:919][916]LogModuleManager: Shutting down and abandoning module PhysXCooking (61)
[2022.01.29-09.51.46:919][916]LogModuleManager: Shutting down and abandoning module SteamVR (59)
[2022.01.29-09.51.46:919][916]LogModuleManager: Shutting down and abandoning module OculusHMD (57)
[2022.01.29-09.51.46:919][916]LogModuleManager: Shutting down and abandoning module ExampleDeviceProfileSelector (55)
[2022.01.29-09.51.46:919][916]LogModuleManager: Shutting down and abandoning module OnlineBlueprintSupport (53)
[2022.01.29-09.51.46:919][916]LogModuleManager: Shutting down and abandoning module OnlineSubsystem (49)
[2022.01.29-09.51.46:919][916]LogOnline: Display: OSS: FOnlineSubsystemNull::Shutdown()
[2022.01.29-09.51.46:919][916]LogOnline: Display: OSS: FOnlineAsyncTaskManager::Stop() ActiveTask:0000000000000000 Tasks[0/0]
[2022.01.29-09.51.46:919][916]LogOnline: Display: OSS: FOnlineAsyncTaskManager::Exit() started
[2022.01.29-09.51.46:919][916]LogOnline: Display: OSS: FOnlineAsyncTaskManager::Exit() finished
[2022.01.29-09.51.46:919][916]LogOnline: Display: Unloading online subsystem: NULL
[2022.01.29-09.51.46:919][916]LogModuleManager: Shutting down and abandoning module XMPP (43)
[2022.01.29-09.51.46:920][916]LogModuleManager: Shutting down and abandoning module HTTP (41)
[2022.01.29-09.51.46:925][916]LogModuleManager: Shutting down and abandoning module SSL (40)
[2022.01.29-09.51.46:926][916]LogModuleManager: Shutting down and abandoning module AnimationModifiers (36)
[2022.01.29-09.51.46:926][916]LogModuleManager: Shutting down and abandoning module PropertyEditor (35)
[2022.01.29-09.51.46:926][916]LogModuleManager: Shutting down and abandoning module AudioEditor (32)
[2022.01.29-09.51.46:926][916]LogModuleManager: Shutting down and abandoning module TextureCompressor (30)
[2022.01.29-09.51.46:926][916]LogModuleManager: Shutting down and abandoning module ShaderCore (28)
[2022.01.29-09.51.46:926][916]LogModuleManager: Shutting down and abandoning module Landscape (26)
[2022.01.29-09.51.46:926][916]LogModuleManager: Shutting down and abandoning module SlateRHIRenderer (24)
[2022.01.29-09.51.46:927][916]LogModuleManager: Shutting down and abandoning module OpenGLDrv (22)
[2022.01.29-09.51.46:927][916]LogModuleManager: Shutting down and abandoning module D3D11RHI (20)
[2022.01.29-09.51.46:927][916]LogModuleManager: Shutting down and abandoning module AnimGraphRuntime (18)
[2022.01.29-09.51.46:927][916]LogModuleManager: Shutting down and abandoning module Renderer (16)
[2022.01.29-09.51.46:927][916]LogModuleManager: Shutting down and abandoning module Engine (14)
[2022.01.29-09.51.46:927][916]LogModuleManager: Shutting down and abandoning module CoreUObject (12)
[2022.01.29-09.51.46:927][916]LogModuleManager: Shutting down and abandoning module NetworkFile (10)
[2022.01.29-09.51.46:927][916]LogModuleManager: Shutting down and abandoning module CookedIterativeFile (8)
[2022.01.29-09.51.46:927][916]LogModuleManager: Shutting down and abandoning module StreamingFile (6)
[2022.01.29-09.51.46:927][916]LogModuleManager: Shutting down and abandoning module SandboxFile (4)
[2022.01.29-09.51.46:927][916]LogModuleManager: Shutting down and abandoning module PakFile (2)
[2022.01.29-09.51.46:930][916]LogExit: Exiting.
[2022.01.29-09.51.46:931][916]Log file closed, 01/29/22 02:51:46
